<?xml version="1.0" encoding="UTF-8"?>
<coverage generated="1585515948120" clover="3.2.0">
  <project timestamp="1585515948120" name="All files">
    <metrics statements="344" coveredstatements="328" conditionals="111" coveredconditionals="77" methods="50" coveredmethods="46" elements="505" coveredelements="451" complexity="0" loc="344" ncloc="344" packages="7" files="42" classes="42"/>
    <package name="hoort_app">
      <metrics statements="1" coveredstatements="1" conditionals="0" coveredconditionals="0" methods="0" coveredmethods="0"/>
      <file name="config.js" path="/Users/So/bootcamp/collab/skylab-bootcamp-202001/staff/sofia-costa/hoort/hoort_app/config.js">
        <metrics statements="1" coveredstatements="1" conditionals="0" coveredconditionals="0" methods="0" coveredmethods="0"/>
        <line num="1" count="22" type="stmt"/>
      </file>
    </package>
    <package name="hoort_app.hoort-data">
      <metrics statements="2" coveredstatements="2" conditionals="0" coveredconditionals="0" methods="0" coveredmethods="0"/>
      <file name="index.js" path="/Users/So/bootcamp/collab/skylab-bootcamp-202001/staff/sofia-costa/hoort/hoort_app/hoort-data/index.js">
        <metrics statements="2" coveredstatements="2" conditionals="0" coveredconditionals="0" methods="0" coveredmethods="0"/>
        <line num="1" count="22" type="stmt"/>
        <line num="3" count="22" type="stmt"/>
      </file>
    </package>
    <package name="hoort_app.hoort-data.models">
      <metrics statements="13" coveredstatements="13" conditionals="0" coveredconditionals="0" methods="0" coveredmethods="0"/>
      <file name="index.js" path="/Users/So/bootcamp/collab/skylab-bootcamp-202001/staff/sofia-costa/hoort/hoort_app/hoort-data/models/index.js">
        <metrics statements="1" coveredstatements="1" conditionals="0" coveredconditionals="0" methods="0" coveredmethods="0"/>
        <line num="1" count="22" type="stmt"/>
      </file>
      <file name="item.js" path="/Users/So/bootcamp/collab/skylab-bootcamp-202001/staff/sofia-costa/hoort/hoort_app/hoort-data/models/item.js">
        <metrics statements="3" coveredstatements="3" conditionals="0" coveredconditionals="0" methods="0" coveredmethods="0"/>
        <line num="1" count="22" type="stmt"/>
        <line num="2" count="22" type="stmt"/>
        <line num="4" count="22" type="stmt"/>
      </file>
      <file name="land.js" path="/Users/So/bootcamp/collab/skylab-bootcamp-202001/staff/sofia-costa/hoort/hoort_app/hoort-data/models/land.js">
        <metrics statements="3" coveredstatements="3" conditionals="0" coveredconditionals="0" methods="0" coveredmethods="0"/>
        <line num="1" count="22" type="stmt"/>
        <line num="2" count="22" type="stmt"/>
        <line num="4" count="22" type="stmt"/>
      </file>
      <file name="plantation.js" path="/Users/So/bootcamp/collab/skylab-bootcamp-202001/staff/sofia-costa/hoort/hoort_app/hoort-data/models/plantation.js">
        <metrics statements="3" coveredstatements="3" conditionals="0" coveredconditionals="0" methods="0" coveredmethods="0"/>
        <line num="1" count="22" type="stmt"/>
        <line num="2" count="22" type="stmt"/>
        <line num="4" count="22" type="stmt"/>
      </file>
      <file name="user.js" path="/Users/So/bootcamp/collab/skylab-bootcamp-202001/staff/sofia-costa/hoort/hoort_app/hoort-data/models/user.js">
        <metrics statements="3" coveredstatements="3" conditionals="0" coveredconditionals="0" methods="0" coveredmethods="0"/>
        <line num="1" count="22" type="stmt"/>
        <line num="2" count="22" type="stmt"/>
        <line num="4" count="22" type="stmt"/>
      </file>
    </package>
    <package name="hoort_app.hoort-data.schemas">
      <metrics statements="11" coveredstatements="11" conditionals="0" coveredconditionals="0" methods="0" coveredmethods="0"/>
      <file name="index.js" path="/Users/So/bootcamp/collab/skylab-bootcamp-202001/staff/sofia-costa/hoort/hoort_app/hoort-data/schemas/index.js">
        <metrics statements="1" coveredstatements="1" conditionals="0" coveredconditionals="0" methods="0" coveredmethods="0"/>
        <line num="1" count="22" type="stmt"/>
      </file>
      <file name="item.js" path="/Users/So/bootcamp/collab/skylab-bootcamp-202001/staff/sofia-costa/hoort/hoort_app/hoort-data/schemas/item.js">
        <metrics statements="2" coveredstatements="2" conditionals="0" coveredconditionals="0" methods="0" coveredmethods="0"/>
        <line num="1" count="22" type="stmt"/>
        <line num="3" count="22" type="stmt"/>
      </file>
      <file name="land.js" path="/Users/So/bootcamp/collab/skylab-bootcamp-202001/staff/sofia-costa/hoort/hoort_app/hoort-data/schemas/land.js">
        <metrics statements="3" coveredstatements="3" conditionals="0" coveredconditionals="0" methods="0" coveredmethods="0"/>
        <line num="1" count="22" type="stmt"/>
        <line num="2" count="22" type="stmt"/>
        <line num="4" count="22" type="stmt"/>
      </file>
      <file name="plantation.js" path="/Users/So/bootcamp/collab/skylab-bootcamp-202001/staff/sofia-costa/hoort/hoort_app/hoort-data/schemas/plantation.js">
        <metrics statements="3" coveredstatements="3" conditionals="0" coveredconditionals="0" methods="0" coveredmethods="0"/>
        <line num="1" count="22" type="stmt"/>
        <line num="2" count="22" type="stmt"/>
        <line num="4" count="22" type="stmt"/>
      </file>
      <file name="user.js" path="/Users/So/bootcamp/collab/skylab-bootcamp-202001/staff/sofia-costa/hoort/hoort_app/hoort-data/schemas/user.js">
        <metrics statements="2" coveredstatements="2" conditionals="0" coveredconditionals="0" methods="0" coveredmethods="0"/>
        <line num="1" count="22" type="stmt"/>
        <line num="3" count="22" type="stmt"/>
      </file>
    </package>
    <package name="hoort_app.hoort-errors">
      <metrics statements="10" coveredstatements="4" conditionals="0" coveredconditionals="0" methods="3" coveredmethods="0"/>
      <file name="content-error.js" path="/Users/So/bootcamp/collab/skylab-bootcamp-202001/staff/sofia-costa/hoort/hoort_app/hoort-errors/content-error.js">
        <metrics statements="3" coveredstatements="1" conditionals="0" coveredconditionals="0" methods="1" coveredmethods="0"/>
        <line num="1" count="22" type="stmt"/>
        <line num="3" count="0" type="stmt"/>
        <line num="5" count="0" type="stmt"/>
      </file>
      <file name="index.js" path="/Users/So/bootcamp/collab/skylab-bootcamp-202001/staff/sofia-costa/hoort/hoort_app/hoort-errors/index.js">
        <metrics statements="1" coveredstatements="1" conditionals="0" coveredconditionals="0" methods="0" coveredmethods="0"/>
        <line num="1" count="22" type="stmt"/>
      </file>
      <file name="not-allowed-error.js" path="/Users/So/bootcamp/collab/skylab-bootcamp-202001/staff/sofia-costa/hoort/hoort_app/hoort-errors/not-allowed-error.js">
        <metrics statements="3" coveredstatements="1" conditionals="0" coveredconditionals="0" methods="1" coveredmethods="0"/>
        <line num="1" count="22" type="stmt"/>
        <line num="3" count="0" type="stmt"/>
        <line num="5" count="0" type="stmt"/>
      </file>
      <file name="not-found-error.js" path="/Users/So/bootcamp/collab/skylab-bootcamp-202001/staff/sofia-costa/hoort/hoort_app/hoort-errors/not-found-error.js">
        <metrics statements="3" coveredstatements="1" conditionals="0" coveredconditionals="0" methods="1" coveredmethods="0"/>
        <line num="1" count="22" type="stmt"/>
        <line num="5" count="0" type="stmt"/>
        <line num="7" count="0" type="stmt"/>
      </file>
    </package>
    <package name="hoort_app.hoort-utils">
      <metrics statements="16" coveredstatements="12" conditionals="33" coveredconditionals="16" methods="6" coveredmethods="5"/>
      <file name="index.js" path="/Users/So/bootcamp/collab/skylab-bootcamp-202001/staff/sofia-costa/hoort/hoort_app/hoort-utils/index.js">
        <metrics statements="1" coveredstatements="1" conditionals="0" coveredconditionals="0" methods="0" coveredmethods="0"/>
        <line num="1" count="22" type="stmt"/>
      </file>
      <file name="validate.js" path="/Users/So/bootcamp/collab/skylab-bootcamp-202001/staff/sofia-costa/hoort/hoort_app/hoort-utils/validate.js">
        <metrics statements="15" coveredstatements="11" conditionals="33" coveredconditionals="16" methods="6" coveredmethods="5"/>
        <line num="1" count="22" type="stmt"/>
        <line num="3" count="22" type="stmt"/>
        <line num="5" count="22" type="stmt"/>
        <line num="7" count="1994" type="cond" truecount="2" falsecount="0"/>
        <line num="8" count="1993" type="cond" truecount="1" falsecount="1"/>
        <line num="10" count="1993" type="cond" truecount="3" falsecount="1"/>
        <line num="14" count="6" type="cond" truecount="1" falsecount="1"/>
        <line num="18" count="0" type="cond" truecount="0" falsecount="5"/>
        <line num="19" count="0" type="stmt"/>
        <line num="21" count="0" type="cond" truecount="0" falsecount="2"/>
        <line num="22" count="0" type="cond" truecount="0" falsecount="2"/>
        <line num="27" count="119" type="cond" truecount="1" falsecount="1"/>
        <line num="29" count="119" type="cond" truecount="3" falsecount="1"/>
        <line num="31" count="595" type="cond" truecount="1" falsecount="1"/>
        <line num="33" count="595" type="cond" truecount="3" falsecount="1"/>
      </file>
    </package>
    <package name="hoort_app.logic">
      <metrics statements="291" coveredstatements="285" conditionals="78" coveredconditionals="61" methods="41" coveredmethods="41"/>
      <file name="authenticate-user.js" path="/Users/So/bootcamp/collab/skylab-bootcamp-202001/staff/sofia-costa/hoort/hoort_app/logic/authenticate-user.js">
        <metrics statements="15" coveredstatements="15" conditionals="2" coveredconditionals="2" methods="2" coveredmethods="2"/>
        <line num="1" count="22" type="stmt"/>
        <line num="2" count="22" type="stmt"/>
        <line num="3" count="22" type="stmt"/>
        <line num="5" count="22" type="stmt"/>
        <line num="6" count="3" type="stmt"/>
        <line num="7" count="3" type="stmt"/>
        <line num="8" count="3" type="stmt"/>
        <line num="10" count="3" type="stmt"/>
        <line num="12" count="3" type="stmt"/>
        <line num="18" count="3" type="stmt"/>
        <line num="20" count="3" type="stmt"/>
        <line num="22" count="3" type="cond" truecount="2" falsecount="0"/>
        <line num="23" count="2" type="stmt"/>
        <line num="26" count="1" type="stmt"/>
        <line num="27" count="1" type="stmt"/>
      </file>
      <file name="change-divisions.js" path="/Users/So/bootcamp/collab/skylab-bootcamp-202001/staff/sofia-costa/hoort/hoort_app/logic/change-divisions.js">
        <metrics statements="13" coveredstatements="13" conditionals="10" coveredconditionals="9" methods="2" coveredmethods="2"/>
        <line num="1" count="22" type="stmt"/>
        <line num="3" count="22" type="stmt"/>
        <line num="4" count="22" type="stmt"/>
        <line num="6" count="22" type="stmt"/>
        <line num="7" count="10" type="stmt"/>
        <line num="9" count="10" type="cond" truecount="4" falsecount="0"/>
        <line num="10" count="9" type="cond" truecount="4" falsecount="0"/>
        <line num="12" count="8" type="stmt"/>
        <line num="14" count="8" type="stmt"/>
        <line num="20" count="8" type="stmt"/>
        <line num="22" count="8" type="stmt"/>
        <line num="24" count="8" type="cond" truecount="1" falsecount="1"/>
        <line num="26" count="8" type="stmt"/>
      </file>
      <file name="context.js" path="/Users/So/bootcamp/collab/skylab-bootcamp-202001/staff/sofia-costa/hoort/hoort_app/logic/context.js">
        <metrics statements="1" coveredstatements="1" conditionals="0" coveredconditionals="0" methods="0" coveredmethods="0"/>
        <line num="1" count="22" type="stmt"/>
      </file>
      <file name="create-item-for-testing.js" path="/Users/So/bootcamp/collab/skylab-bootcamp-202001/staff/sofia-costa/hoort/hoort_app/logic/create-item-for-testing.js">
        <metrics statements="22" coveredstatements="21" conditionals="4" coveredconditionals="3" methods="3" coveredmethods="3"/>
        <line num="1" count="22" type="stmt"/>
        <line num="2" count="22" type="stmt"/>
        <line num="3" count="22" type="stmt"/>
        <line num="5" count="22" type="stmt"/>
        <line num="7" count="66" type="stmt"/>
        <line num="8" count="66" type="stmt"/>
        <line num="9" count="66" type="stmt"/>
        <line num="10" count="66" type="stmt"/>
        <line num="11" count="66" type="stmt"/>
        <line num="12" count="66" type="stmt"/>
        <line num="13" count="66" type="stmt"/>
        <line num="14" count="65" type="stmt"/>
        <line num="15" count="65" type="stmt"/>
        <line num="17" count="65" type="stmt"/>
        <line num="19" count="65" type="stmt"/>
        <line num="25" count="65" type="cond" truecount="2" falsecount="0"/>
        <line num="27" count="64" type="stmt"/>
        <line num="30" count="1" type="cond" truecount="1" falsecount="1"/>
        <line num="31" count="1" type="stmt"/>
        <line num="33" count="1" type="stmt"/>
        <line num="35" count="1" type="stmt"/>
        <line num="38" count="0" type="stmt"/>
      </file>
      <file name="create-land.js" path="/Users/So/bootcamp/collab/skylab-bootcamp-202001/staff/sofia-costa/hoort/hoort_app/logic/create-land.js">
        <metrics statements="17" coveredstatements="16" conditionals="6" coveredconditionals="4" methods="3" coveredmethods="3"/>
        <line num="1" count="22" type="stmt"/>
        <line num="3" count="22" type="stmt"/>
        <line num="4" count="22" type="stmt"/>
        <line num="6" count="22" type="stmt"/>
        <line num="7" count="119" type="stmt"/>
        <line num="8" count="119" type="stmt"/>
        <line num="9" count="119" type="stmt"/>
        <line num="10" count="119" type="cond" truecount="1" falsecount="1"/>
        <line num="12" count="119" type="stmt"/>
        <line num="14" count="119" type="stmt"/>
        <line num="16" count="119" type="stmt"/>
        <line num="22" count="119" type="cond" truecount="2" falsecount="0"/>
        <line num="24" count="1" type="cond" truecount="1" falsecount="1"/>
        <line num="25" count="1" type="stmt"/>
        <line num="27" count="1" type="stmt"/>
        <line num="29" count="1" type="stmt"/>
        <line num="31" count="0" type="stmt"/>
      </file>
      <file name="delete-land.js" path="/Users/So/bootcamp/collab/skylab-bootcamp-202001/staff/sofia-costa/hoort/hoort_app/logic/delete-land.js">
        <metrics statements="15" coveredstatements="14" conditionals="4" coveredconditionals="3" methods="2" coveredmethods="2"/>
        <line num="1" count="22" type="stmt"/>
        <line num="3" count="22" type="stmt"/>
        <line num="4" count="22" type="stmt"/>
        <line num="6" count="22" type="stmt"/>
        <line num="7" count="2" type="stmt"/>
        <line num="9" count="2" type="stmt"/>
        <line num="11" count="2" type="stmt"/>
        <line num="13" count="2" type="stmt"/>
        <line num="19" count="2" type="cond" truecount="2" falsecount="0"/>
        <line num="20" count="1" type="stmt"/>
        <line num="23" count="1" type="cond" truecount="1" falsecount="1"/>
        <line num="25" count="1" type="stmt"/>
        <line num="27" count="1" type="stmt"/>
        <line num="29" count="1" type="stmt"/>
        <line num="31" count="0" type="stmt"/>
      </file>
      <file name="delete-veggie-from-land.js" path="/Users/So/bootcamp/collab/skylab-bootcamp-202001/staff/sofia-costa/hoort/hoort_app/logic/delete-veggie-from-land.js">
        <metrics statements="15" coveredstatements="14" conditionals="4" coveredconditionals="3" methods="2" coveredmethods="2"/>
        <line num="1" count="22" type="stmt"/>
        <line num="3" count="22" type="stmt"/>
        <line num="4" count="22" type="stmt"/>
        <line num="6" count="22" type="stmt"/>
        <line num="7" count="3" type="stmt"/>
        <line num="8" count="3" type="stmt"/>
        <line num="10" count="3" type="stmt"/>
        <line num="11" count="3" type="stmt"/>
        <line num="13" count="3" type="stmt"/>
        <line num="19" count="3" type="cond" truecount="2" falsecount="0"/>
        <line num="21" count="2" type="cond" truecount="1" falsecount="1"/>
        <line num="23" count="2" type="stmt"/>
        <line num="25" count="2" type="stmt"/>
        <line num="27" count="2" type="stmt"/>
        <line num="29" count="0" type="stmt"/>
      </file>
      <file name="index.js" path="/Users/So/bootcamp/collab/skylab-bootcamp-202001/staff/sofia-costa/hoort/hoort_app/logic/index.js">
        <metrics statements="3" coveredstatements="3" conditionals="0" coveredconditionals="0" methods="1" coveredmethods="1"/>
        <line num="59" count="22" type="stmt"/>
        <line num="61" count="22" type="stmt"/>
        <line num="62" count="132" type="stmt"/>
      </file>
      <file name="plant-in-land.js" path="/Users/So/bootcamp/collab/skylab-bootcamp-202001/staff/sofia-costa/hoort/hoort_app/logic/plant-in-land.js">
        <metrics statements="12" coveredstatements="12" conditionals="2" coveredconditionals="2" methods="2" coveredmethods="2"/>
        <line num="1" count="22" type="stmt"/>
        <line num="3" count="22" type="stmt"/>
        <line num="4" count="22" type="stmt"/>
        <line num="7" count="22" type="stmt"/>
        <line num="9" count="2" type="stmt"/>
        <line num="11" count="2" type="stmt"/>
        <line num="12" count="2" type="stmt"/>
        <line num="14" count="2" type="stmt"/>
        <line num="20" count="2" type="stmt"/>
        <line num="22" count="2" type="stmt"/>
        <line num="24" count="2" type="cond" truecount="2" falsecount="0"/>
        <line num="26" count="1" type="stmt"/>
      </file>
      <file name="register-user.js" path="/Users/So/bootcamp/collab/skylab-bootcamp-202001/staff/sofia-costa/hoort/hoort_app/logic/register-user.js">
        <metrics statements="17" coveredstatements="16" conditionals="4" coveredconditionals="3" methods="3" coveredmethods="3"/>
        <line num="1" count="22" type="stmt"/>
        <line num="2" count="22" type="stmt"/>
        <line num="3" count="22" type="stmt"/>
        <line num="5" count="22" type="stmt"/>
        <line num="6" count="3" type="stmt"/>
        <line num="7" count="3" type="stmt"/>
        <line num="8" count="3" type="stmt"/>
        <line num="9" count="3" type="stmt"/>
        <line num="10" count="3" type="stmt"/>
        <line num="12" count="3" type="stmt"/>
        <line num="14" count="3" type="stmt"/>
        <line num="20" count="3" type="cond" truecount="2" falsecount="0"/>
        <line num="22" count="1" type="cond" truecount="1" falsecount="1"/>
        <line num="23" count="1" type="stmt"/>
        <line num="25" count="1" type="stmt"/>
        <line num="27" count="1" type="stmt"/>
        <line num="30" count="0" type="stmt"/>
      </file>
      <file name="retrieve-all.js" path="/Users/So/bootcamp/collab/skylab-bootcamp-202001/staff/sofia-costa/hoort/hoort_app/logic/retrieve-all.js">
        <metrics statements="9" coveredstatements="9" conditionals="4" coveredconditionals="2" methods="1" coveredmethods="1"/>
        <line num="1" count="22" type="stmt"/>
        <line num="2" count="22" type="stmt"/>
        <line num="4" count="22" type="stmt"/>
        <line num="6" count="1" type="stmt"/>
        <line num="11" count="1" type="stmt"/>
        <line num="13" count="1" type="stmt"/>
        <line num="15" count="1" type="cond" truecount="1" falsecount="1"/>
        <line num="17" count="1" type="cond" truecount="1" falsecount="1"/>
        <line num="19" count="1" type="stmt"/>
      </file>
      <file name="retrieve-item-for-user.js" path="/Users/So/bootcamp/collab/skylab-bootcamp-202001/staff/sofia-costa/hoort/hoort_app/logic/retrieve-item-for-user.js">
        <metrics statements="13" coveredstatements="13" conditionals="4" coveredconditionals="2" methods="1" coveredmethods="1"/>
        <line num="1" count="22" type="stmt"/>
        <line num="2" count="22" type="stmt"/>
        <line num="3" count="22" type="stmt"/>
        <line num="5" count="22" type="stmt"/>
        <line num="6" count="26" type="stmt"/>
        <line num="8" count="26" type="stmt"/>
        <line num="10" count="26" type="stmt"/>
        <line num="15" count="26" type="stmt"/>
        <line num="17" count="26" type="stmt"/>
        <line num="19" count="26" type="stmt"/>
        <line num="21" count="26" type="cond" truecount="1" falsecount="1"/>
        <line num="23" count="26" type="cond" truecount="1" falsecount="1"/>
        <line num="25" count="26" type="stmt"/>
      </file>
      <file name="retrieve-item.js" path="/Users/So/bootcamp/collab/skylab-bootcamp-202001/staff/sofia-costa/hoort/hoort_app/logic/retrieve-item.js">
        <metrics statements="10" coveredstatements="10" conditionals="2" coveredconditionals="2" methods="1" coveredmethods="1"/>
        <line num="1" count="22" type="stmt"/>
        <line num="2" count="22" type="stmt"/>
        <line num="3" count="22" type="stmt"/>
        <line num="5" count="22" type="stmt"/>
        <line num="6" count="2" type="stmt"/>
        <line num="8" count="2" type="stmt"/>
        <line num="13" count="2" type="stmt"/>
        <line num="17" count="2" type="stmt"/>
        <line num="19" count="2" type="cond" truecount="2" falsecount="0"/>
        <line num="21" count="1" type="stmt"/>
      </file>
      <file name="retrieve-land.js" path="/Users/So/bootcamp/collab/skylab-bootcamp-202001/staff/sofia-costa/hoort/hoort_app/logic/retrieve-land.js">
        <metrics statements="12" coveredstatements="12" conditionals="4" coveredconditionals="3" methods="1" coveredmethods="1"/>
        <line num="1" count="22" type="stmt"/>
        <line num="2" count="22" type="stmt"/>
        <line num="3" count="22" type="stmt"/>
        <line num="5" count="22" type="stmt"/>
        <line num="6" count="11" type="stmt"/>
        <line num="8" count="11" type="stmt"/>
        <line num="10" count="11" type="stmt"/>
        <line num="15" count="11" type="stmt"/>
        <line num="17" count="11" type="stmt"/>
        <line num="19" count="11" type="cond" truecount="2" falsecount="0"/>
        <line num="21" count="10" type="cond" truecount="1" falsecount="1"/>
        <line num="23" count="10" type="stmt"/>
      </file>
      <file name="retrieve-user-lands.js" path="/Users/So/bootcamp/collab/skylab-bootcamp-202001/staff/sofia-costa/hoort/hoort_app/logic/retrieve-user-lands.js">
        <metrics statements="10" coveredstatements="10" conditionals="2" coveredconditionals="2" methods="1" coveredmethods="1"/>
        <line num="1" count="22" type="stmt"/>
        <line num="2" count="22" type="stmt"/>
        <line num="3" count="22" type="stmt"/>
        <line num="5" count="22" type="stmt"/>
        <line num="7" count="3" type="stmt"/>
        <line num="9" count="3" type="stmt"/>
        <line num="14" count="3" type="stmt"/>
        <line num="20" count="3" type="stmt"/>
        <line num="22" count="3" type="cond" truecount="2" falsecount="0"/>
        <line num="26" count="2" type="stmt"/>
      </file>
      <file name="retrieve-user-plantations.js" path="/Users/So/bootcamp/collab/skylab-bootcamp-202001/staff/sofia-costa/hoort/hoort_app/logic/retrieve-user-plantations.js">
        <metrics statements="12" coveredstatements="12" conditionals="4" coveredconditionals="4" methods="2" coveredmethods="2"/>
        <line num="1" count="22" type="stmt"/>
        <line num="2" count="22" type="stmt"/>
        <line num="3" count="22" type="stmt"/>
        <line num="5" count="22" type="stmt"/>
        <line num="7" count="3" type="stmt"/>
        <line num="9" count="3" type="stmt"/>
        <line num="11" count="3" type="stmt"/>
        <line num="16" count="3" type="stmt"/>
        <line num="18" count="3" type="stmt"/>
        <line num="20" count="3" type="cond" truecount="2" falsecount="0"/>
        <line num="22" count="2" type="cond" truecount="2" falsecount="0"/>
        <line num="24" count="1" type="stmt"/>
      </file>
      <file name="retrieve-user-veggies.js" path="/Users/So/bootcamp/collab/skylab-bootcamp-202001/staff/sofia-costa/hoort/hoort_app/logic/retrieve-user-veggies.js">
        <metrics statements="11" coveredstatements="11" conditionals="4" coveredconditionals="3" methods="1" coveredmethods="1"/>
        <line num="1" count="22" type="stmt"/>
        <line num="2" count="22" type="stmt"/>
        <line num="3" count="22" type="stmt"/>
        <line num="5" count="22" type="stmt"/>
        <line num="7" count="4" type="stmt"/>
        <line num="9" count="4" type="stmt"/>
        <line num="13" count="4" type="stmt"/>
        <line num="15" count="4" type="stmt"/>
        <line num="17" count="4" type="cond" truecount="2" falsecount="0"/>
        <line num="19" count="3" type="cond" truecount="1" falsecount="1"/>
        <line num="21" count="3" type="stmt"/>
      </file>
      <file name="retrieve-user.js" path="/Users/So/bootcamp/collab/skylab-bootcamp-202001/staff/sofia-costa/hoort/hoort_app/logic/retrieve-user.js">
        <metrics statements="11" coveredstatements="11" conditionals="2" coveredconditionals="1" methods="2" coveredmethods="2"/>
        <line num="2" count="22" type="stmt"/>
        <line num="3" count="22" type="stmt"/>
        <line num="5" count="22" type="stmt"/>
        <line num="7" count="3" type="stmt"/>
        <line num="9" count="3" type="stmt"/>
        <line num="11" count="3" type="stmt"/>
        <line num="16" count="3" type="stmt"/>
        <line num="17" count="3" type="stmt"/>
        <line num="19" count="3" type="cond" truecount="1" falsecount="1"/>
        <line num="21" count="3" type="stmt"/>
        <line num="23" count="3" type="stmt"/>
      </file>
      <file name="search-items.js" path="/Users/So/bootcamp/collab/skylab-bootcamp-202001/staff/sofia-costa/hoort/hoort_app/logic/search-items.js">
        <metrics statements="11" coveredstatements="11" conditionals="2" coveredconditionals="2" methods="1" coveredmethods="1"/>
        <line num="1" count="22" type="stmt"/>
        <line num="2" count="22" type="stmt"/>
        <line num="3" count="22" type="stmt"/>
        <line num="5" count="22" type="stmt"/>
        <line num="6" count="3" type="stmt"/>
        <line num="8" count="3" type="stmt"/>
        <line num="13" count="3" type="stmt"/>
        <line num="15" count="3" type="stmt"/>
        <line num="17" count="3" type="cond" truecount="2" falsecount="0"/>
        <line num="18" count="1" type="stmt"/>
        <line num="21" count="2" type="stmt"/>
      </file>
      <file name="search-suggested.js" path="/Users/So/bootcamp/collab/skylab-bootcamp-202001/staff/sofia-costa/hoort/hoort_app/logic/search-suggested.js">
        <metrics statements="9" coveredstatements="8" conditionals="2" coveredconditionals="1" methods="1" coveredmethods="1"/>
        <line num="1" count="22" type="stmt"/>
        <line num="2" count="22" type="stmt"/>
        <line num="4" count="22" type="stmt"/>
        <line num="6" count="1" type="stmt"/>
        <line num="11" count="1" type="stmt"/>
        <line num="13" count="1" type="stmt"/>
        <line num="15" count="1" type="cond" truecount="1" falsecount="1"/>
        <line num="16" count="0" type="stmt"/>
        <line num="19" count="1" type="stmt"/>
      </file>
      <file name="update-land-add-veggie.js" path="/Users/So/bootcamp/collab/skylab-bootcamp-202001/staff/sofia-costa/hoort/hoort_app/logic/update-land-add-veggie.js">
        <metrics statements="13" coveredstatements="13" conditionals="2" coveredconditionals="2" methods="2" coveredmethods="2"/>
        <line num="1" count="22" type="stmt"/>
        <line num="3" count="22" type="stmt"/>
        <line num="4" count="22" type="stmt"/>
        <line num="6" count="22" type="stmt"/>
        <line num="7" count="348" type="stmt"/>
        <line num="8" count="348" type="stmt"/>
        <line num="10" count="348" type="stmt"/>
        <line num="12" count="348" type="stmt"/>
        <line num="14" count="348" type="stmt"/>
        <line num="20" count="348" type="cond" truecount="2" falsecount="0"/>
        <line num="22" count="346" type="stmt"/>
        <line num="26" count="2" type="stmt"/>
        <line num="28" count="2" type="stmt"/>
      </file>
      <file name="update-land-harvest-veggie.js" path="/Users/So/bootcamp/collab/skylab-bootcamp-202001/staff/sofia-costa/hoort/hoort_app/logic/update-land-harvest-veggie.js">
        <metrics statements="13" coveredstatements="13" conditionals="2" coveredconditionals="2" methods="2" coveredmethods="2"/>
        <line num="1" count="22" type="stmt"/>
        <line num="3" count="22" type="stmt"/>
        <line num="4" count="22" type="stmt"/>
        <line num="6" count="22" type="stmt"/>
        <line num="7" count="5" type="stmt"/>
        <line num="8" count="5" type="stmt"/>
        <line num="10" count="5" type="stmt"/>
        <line num="12" count="5" type="stmt"/>
        <line num="14" count="5" type="stmt"/>
        <line num="20" count="5" type="cond" truecount="2" falsecount="0"/>
        <line num="21" count="1" type="stmt"/>
        <line num="25" count="4" type="stmt"/>
        <line num="27" count="4" type="stmt"/>
      </file>
      <file name="update-land-plant-veggie.js" path="/Users/So/bootcamp/collab/skylab-bootcamp-202001/staff/sofia-costa/hoort/hoort_app/logic/update-land-plant-veggie.js">
        <metrics statements="13" coveredstatements="13" conditionals="2" coveredconditionals="2" methods="2" coveredmethods="2"/>
        <line num="1" count="22" type="stmt"/>
        <line num="3" count="22" type="stmt"/>
        <line num="4" count="22" type="stmt"/>
        <line num="6" count="22" type="stmt"/>
        <line num="7" count="120" type="stmt"/>
        <line num="8" count="120" type="stmt"/>
        <line num="10" count="120" type="stmt"/>
        <line num="12" count="120" type="stmt"/>
        <line num="14" count="120" type="stmt"/>
        <line num="20" count="120" type="cond" truecount="2" falsecount="0"/>
        <line num="21" count="117" type="stmt"/>
        <line num="25" count="3" type="stmt"/>
        <line num="27" count="3" type="stmt"/>
      </file>
      <file name="update-user.js" path="/Users/So/bootcamp/collab/skylab-bootcamp-202001/staff/sofia-costa/hoort/hoort_app/logic/update-user.js">
        <metrics statements="14" coveredstatements="14" conditionals="6" coveredconditionals="4" methods="3" coveredmethods="3"/>
        <line num="1" count="22" type="stmt"/>
        <line num="3" count="22" type="stmt"/>
        <line num="4" count="22" type="stmt"/>
        <line num="7" count="22" type="stmt"/>
        <line num="9" count="5" type="stmt"/>
        <line num="10" count="19" type="stmt"/>
        <line num="13" count="5" type="cond" truecount="1" falsecount="1"/>
        <line num="16" count="5" type="stmt"/>
        <line num="18" count="5" type="stmt"/>
        <line num="20" count="5" type="stmt"/>
        <line num="26" count="5" type="cond" truecount="2" falsecount="0"/>
        <line num="28" count="2" type="stmt"/>
        <line num="30" count="2" type="stmt"/>
        <line num="32" count="2" type="cond" truecount="1" falsecount="1"/>
      </file>
    </package>
  </project>
</coverage>
