{"/Users/So/bootcamp/collab/skylab-bootcamp-202001/staff/sofia-costa/hoort/hoort_app/config.js": {"path":"/Users/So/bootcamp/collab/skylab-bootcamp-202001/staff/sofia-costa/hoort/hoort_app/config.js","statementMap":{"0":{"start":{"line":1,"column":0},"end":{"line":6,"column":1}}},"fnMap":{},"branchMap":{},"s":{"0":22},"f":{},"b":{},"_coverageSchema":"1a1c01bbd47fc00a2c39e90264f33305004495a9","hash":"15bc24357f1d339eee7a3e82f87d15e9b084a403"}
,"/Users/So/bootcamp/collab/skylab-bootcamp-202001/staff/sofia-costa/hoort/hoort_app/hoort-data/index.js": {"path":"/Users/So/bootcamp/collab/skylab-bootcamp-202001/staff/sofia-costa/hoort/hoort_app/hoort-data/index.js","statementMap":{"0":{"start":{"line":1,"column":17},"end":{"line":1,"column":36}},"1":{"start":{"line":3,"column":0},"end":{"line":6,"column":1}}},"fnMap":{},"branchMap":{},"s":{"0":22,"1":22},"f":{},"b":{},"_coverageSchema":"1a1c01bbd47fc00a2c39e90264f33305004495a9","hash":"2048ce3f35be3f3e4bb12ab9482754380da034e0"}
,"/Users/So/bootcamp/collab/skylab-bootcamp-202001/staff/sofia-costa/hoort/hoort_app/hoort-data/models/index.js": {"path":"/Users/So/bootcamp/collab/skylab-bootcamp-202001/staff/sofia-costa/hoort/hoort_app/hoort-data/models/index.js","statementMap":{"0":{"start":{"line":1,"column":0},"end":{"line":6,"column":1}}},"fnMap":{},"branchMap":{},"s":{"0":22},"f":{},"b":{},"_coverageSchema":"1a1c01bbd47fc00a2c39e90264f33305004495a9","hash":"c8af5f29e8481b243df25f75d9ffbd9d540a579d"}
,"/Users/So/bootcamp/collab/skylab-bootcamp-202001/staff/sofia-costa/hoort/hoort_app/hoort-data/models/item.js": {"path":"/Users/So/bootcamp/collab/skylab-bootcamp-202001/staff/sofia-costa/hoort/hoort_app/hoort-data/models/item.js","statementMap":{"0":{"start":{"line":1,"column":17},"end":{"line":1,"column":36}},"1":{"start":{"line":2,"column":17},"end":{"line":2,"column":38}},"2":{"start":{"line":4,"column":0},"end":{"line":4,"column":45}}},"fnMap":{},"branchMap":{},"s":{"0":22,"1":22,"2":22},"f":{},"b":{},"_coverageSchema":"1a1c01bbd47fc00a2c39e90264f33305004495a9","hash":"ec9edb28ecda133341ba744f047023e5ab369dc5"}
,"/Users/So/bootcamp/collab/skylab-bootcamp-202001/staff/sofia-costa/hoort/hoort_app/hoort-data/models/land.js": {"path":"/Users/So/bootcamp/collab/skylab-bootcamp-202001/staff/sofia-costa/hoort/hoort_app/hoort-data/models/land.js","statementMap":{"0":{"start":{"line":1,"column":17},"end":{"line":1,"column":36}},"1":{"start":{"line":2,"column":17},"end":{"line":2,"column":38}},"2":{"start":{"line":4,"column":0},"end":{"line":4,"column":45}}},"fnMap":{},"branchMap":{},"s":{"0":22,"1":22,"2":22},"f":{},"b":{},"_coverageSchema":"1a1c01bbd47fc00a2c39e90264f33305004495a9","hash":"2465bd0f7bc46f6e1f14ff9bb2111b507a51396d"}
,"/Users/So/bootcamp/collab/skylab-bootcamp-202001/staff/sofia-costa/hoort/hoort_app/hoort-data/models/plantation.js": {"path":"/Users/So/bootcamp/collab/skylab-bootcamp-202001/staff/sofia-costa/hoort/hoort_app/hoort-data/models/plantation.js","statementMap":{"0":{"start":{"line":1,"column":17},"end":{"line":1,"column":36}},"1":{"start":{"line":2,"column":23},"end":{"line":2,"column":44}},"2":{"start":{"line":4,"column":0},"end":{"line":4,"column":57}}},"fnMap":{},"branchMap":{},"s":{"0":22,"1":22,"2":22},"f":{},"b":{},"_coverageSchema":"1a1c01bbd47fc00a2c39e90264f33305004495a9","hash":"853b2026998c752b3d439df47d03134385cd91a8"}
,"/Users/So/bootcamp/collab/skylab-bootcamp-202001/staff/sofia-costa/hoort/hoort_app/hoort-data/models/user.js": {"path":"/Users/So/bootcamp/collab/skylab-bootcamp-202001/staff/sofia-costa/hoort/hoort_app/hoort-data/models/user.js","statementMap":{"0":{"start":{"line":1,"column":17},"end":{"line":1,"column":36}},"1":{"start":{"line":2,"column":17},"end":{"line":2,"column":38}},"2":{"start":{"line":4,"column":0},"end":{"line":4,"column":45}}},"fnMap":{},"branchMap":{},"s":{"0":22,"1":22,"2":22},"f":{},"b":{},"_coverageSchema":"1a1c01bbd47fc00a2c39e90264f33305004495a9","hash":"a4bdbbf6fb007f92678428758a0f37c295270e17"}
,"/Users/So/bootcamp/collab/skylab-bootcamp-202001/staff/sofia-costa/hoort/hoort_app/hoort-data/schemas/index.js": {"path":"/Users/So/bootcamp/collab/skylab-bootcamp-202001/staff/sofia-costa/hoort/hoort_app/hoort-data/schemas/index.js","statementMap":{"0":{"start":{"line":1,"column":0},"end":{"line":6,"column":1}}},"fnMap":{},"branchMap":{},"s":{"0":22},"f":{},"b":{},"_coverageSchema":"1a1c01bbd47fc00a2c39e90264f33305004495a9","hash":"d1d77cba34958b191330c442e41b1322ada3ae09"}
,"/Users/So/bootcamp/collab/skylab-bootcamp-202001/staff/sofia-costa/hoort/hoort_app/hoort-data/schemas/item.js": {"path":"/Users/So/bootcamp/collab/skylab-bootcamp-202001/staff/sofia-costa/hoort/hoort_app/hoort-data/schemas/item.js","statementMap":{"0":{"start":{"line":1,"column":40},"end":{"line":1,"column":59}},"1":{"start":{"line":3,"column":0},"end":{"line":21,"column":2}}},"fnMap":{},"branchMap":{},"s":{"0":22,"1":22},"f":{},"b":{},"_coverageSchema":"1a1c01bbd47fc00a2c39e90264f33305004495a9","hash":"70be5ff37c4c9c72a453ad358769aecc8ec2f4df"}
,"/Users/So/bootcamp/collab/skylab-bootcamp-202001/staff/sofia-costa/hoort/hoort_app/hoort-data/schemas/land.js": {"path":"/Users/So/bootcamp/collab/skylab-bootcamp-202001/staff/sofia-costa/hoort/hoort_app/hoort-data/schemas/land.js","statementMap":{"0":{"start":{"line":1,"column":40},"end":{"line":1,"column":59}},"1":{"start":{"line":2,"column":19},"end":{"line":2,"column":42}},"2":{"start":{"line":4,"column":0},"end":{"line":23,"column":2}}},"fnMap":{},"branchMap":{},"s":{"0":22,"1":22,"2":22},"f":{},"b":{},"_coverageSchema":"1a1c01bbd47fc00a2c39e90264f33305004495a9","hash":"a6e4d44ec5cb03c209571828a271ff4c2a56acb9"}
,"/Users/So/bootcamp/collab/skylab-bootcamp-202001/staff/sofia-costa/hoort/hoort_app/hoort-data/schemas/plantation.js": {"path":"/Users/So/bootcamp/collab/skylab-bootcamp-202001/staff/sofia-costa/hoort/hoort_app/hoort-data/schemas/plantation.js","statementMap":{"0":{"start":{"line":1,"column":40},"end":{"line":1,"column":59}},"1":{"start":{"line":2,"column":15},"end":{"line":2,"column":32}},"2":{"start":{"line":4,"column":0},"end":{"line":11,"column":2}}},"fnMap":{},"branchMap":{},"s":{"0":22,"1":22,"2":22},"f":{},"b":{},"_coverageSchema":"1a1c01bbd47fc00a2c39e90264f33305004495a9","hash":"d407b53bbde4b21f7dda85d147f1b7367c9e3147"}
,"/Users/So/bootcamp/collab/skylab-bootcamp-202001/staff/sofia-costa/hoort/hoort_app/hoort-data/schemas/user.js": {"path":"/Users/So/bootcamp/collab/skylab-bootcamp-202001/staff/sofia-costa/hoort/hoort_app/hoort-data/schemas/user.js","statementMap":{"0":{"start":{"line":1,"column":40},"end":{"line":1,"column":59}},"1":{"start":{"line":3,"column":0},"end":{"line":13,"column":2}}},"fnMap":{},"branchMap":{},"s":{"0":22,"1":22},"f":{},"b":{},"_coverageSchema":"1a1c01bbd47fc00a2c39e90264f33305004495a9","hash":"80d53f75e851316fe99e93837d1495775c45d31b"}
,"/Users/So/bootcamp/collab/skylab-bootcamp-202001/staff/sofia-costa/hoort/hoort_app/hoort-errors/content-error.js": {"path":"/Users/So/bootcamp/collab/skylab-bootcamp-202001/staff/sofia-costa/hoort/hoort_app/hoort-errors/content-error.js","statementMap":{"0":{"start":{"line":1,"column":0},"end":{"line":7,"column":1}},"1":{"start":{"line":3,"column":8},"end":{"line":3,"column":22}},"2":{"start":{"line":5,"column":8},"end":{"line":5,"column":37}}},"fnMap":{"0":{"name":"(anonymous_0)","decl":{"start":{"line":2,"column":4},"end":{"line":2,"column":5}},"loc":{"start":{"line":2,"column":25},"end":{"line":6,"column":5}},"line":2}},"branchMap":{},"s":{"0":22,"1":0,"2":0},"f":{"0":0},"b":{},"_coverageSchema":"1a1c01bbd47fc00a2c39e90264f33305004495a9","hash":"dbc1ff4c704f2dd6a6ae5721f7f9a89214ff96ea"}
,"/Users/So/bootcamp/collab/skylab-bootcamp-202001/staff/sofia-costa/hoort/hoort_app/hoort-errors/index.js": {"path":"/Users/So/bootcamp/collab/skylab-bootcamp-202001/staff/sofia-costa/hoort/hoort_app/hoort-errors/index.js","statementMap":{"0":{"start":{"line":1,"column":0},"end":{"line":5,"column":1}}},"fnMap":{},"branchMap":{},"s":{"0":22},"f":{},"b":{},"_coverageSchema":"1a1c01bbd47fc00a2c39e90264f33305004495a9","hash":"daa5cc8d34e38bf101995722a833378bf045a19d"}
,"/Users/So/bootcamp/collab/skylab-bootcamp-202001/staff/sofia-costa/hoort/hoort_app/hoort-errors/not-allowed-error.js": {"path":"/Users/So/bootcamp/collab/skylab-bootcamp-202001/staff/sofia-costa/hoort/hoort_app/hoort-errors/not-allowed-error.js","statementMap":{"0":{"start":{"line":1,"column":0},"end":{"line":7,"column":1}},"1":{"start":{"line":3,"column":8},"end":{"line":3,"column":22}},"2":{"start":{"line":5,"column":8},"end":{"line":5,"column":40}}},"fnMap":{"0":{"name":"(anonymous_0)","decl":{"start":{"line":2,"column":4},"end":{"line":2,"column":5}},"loc":{"start":{"line":2,"column":25},"end":{"line":6,"column":5}},"line":2}},"branchMap":{},"s":{"0":22,"1":0,"2":0},"f":{"0":0},"b":{},"_coverageSchema":"1a1c01bbd47fc00a2c39e90264f33305004495a9","hash":"841444b88b85a6f3d11ac4bc3dfeb7244c82af3a"}
,"/Users/So/bootcamp/collab/skylab-bootcamp-202001/staff/sofia-costa/hoort/hoort_app/hoort-errors/not-found-error.js": {"path":"/Users/So/bootcamp/collab/skylab-bootcamp-202001/staff/sofia-costa/hoort/hoort_app/hoort-errors/not-found-error.js","statementMap":{"0":{"start":{"line":1,"column":0},"end":{"line":9,"column":1}},"1":{"start":{"line":5,"column":8},"end":{"line":5,"column":22}},"2":{"start":{"line":7,"column":8},"end":{"line":7,"column":38}}},"fnMap":{"0":{"name":"(anonymous_0)","decl":{"start":{"line":3,"column":4},"end":{"line":3,"column":5}},"loc":{"start":{"line":3,"column":25},"end":{"line":8,"column":5}},"line":3}},"branchMap":{},"s":{"0":22,"1":0,"2":0},"f":{"0":0},"b":{},"_coverageSchema":"1a1c01bbd47fc00a2c39e90264f33305004495a9","hash":"3389ae7e6cff3aa9ae21d074abc39ec16450cea6"}
,"/Users/So/bootcamp/collab/skylab-bootcamp-202001/staff/sofia-costa/hoort/hoort_app/hoort-utils/index.js": {"path":"/Users/So/bootcamp/collab/skylab-bootcamp-202001/staff/sofia-costa/hoort/hoort_app/hoort-utils/index.js","statementMap":{"0":{"start":{"line":1,"column":0},"end":{"line":3,"column":1}}},"fnMap":{},"branchMap":{},"s":{"0":22},"f":{},"b":{},"_coverageSchema":"1a1c01bbd47fc00a2c39e90264f33305004495a9","hash":"f4ae56121b1d8f5fa3a021b7504d01a0ecad40af"}
,"/Users/So/bootcamp/collab/skylab-bootcamp-202001/staff/sofia-costa/hoort/hoort_app/hoort-utils/validate.js": {"path":"/Users/So/bootcamp/collab/skylab-bootcamp-202001/staff/sofia-costa/hoort/hoort_app/hoort-utils/validate.js","statementMap":{"0":{"start":{"line":1,"column":25},"end":{"line":1,"column":48}},"1":{"start":{"line":3,"column":20},"end":{"line":3,"column":173}},"2":{"start":{"line":5,"column":0},"end":{"line":39,"column":1}},"3":{"start":{"line":7,"column":8},"end":{"line":7,"column":73}},"4":{"start":{"line":7,"column":34},"end":{"line":7,"column":73}},"5":{"start":{"line":8,"column":8},"end":{"line":8,"column":96}},"6":{"start":{"line":8,"column":40},"end":{"line":8,"column":96}},"7":{"start":{"line":10,"column":8},"end":{"line":10,"column":79}},"8":{"start":{"line":10,"column":37},"end":{"line":10,"column":79}},"9":{"start":{"line":14,"column":8},"end":{"line":14,"column":91}},"10":{"start":{"line":14,"column":39},"end":{"line":14,"column":91}},"11":{"start":{"line":18,"column":8},"end":{"line":22,"column":108}},"12":{"start":{"line":19,"column":12},"end":{"line":19,"column":42}},"13":{"start":{"line":21,"column":12},"end":{"line":21,"column":97}},"14":{"start":{"line":21,"column":40},"end":{"line":21,"column":97}},"15":{"start":{"line":22,"column":15},"end":{"line":22,"column":108}},"16":{"start":{"line":22,"column":46},"end":{"line":22,"column":108}},"17":{"start":{"line":27,"column":8},"end":{"line":27,"column":85}},"18":{"start":{"line":27,"column":40},"end":{"line":27,"column":85}},"19":{"start":{"line":29,"column":8},"end":{"line":29,"column":101}},"20":{"start":{"line":29,"column":53},"end":{"line":29,"column":101}},"21":{"start":{"line":31,"column":8},"end":{"line":31,"column":127}},"22":{"start":{"line":31,"column":33},"end":{"line":31,"column":124}},"23":{"start":{"line":31,"column":63},"end":{"line":31,"column":124}},"24":{"start":{"line":33,"column":8},"end":{"line":33,"column":128}},"25":{"start":{"line":33,"column":33},"end":{"line":33,"column":125}},"26":{"start":{"line":33,"column":74},"end":{"line":33,"column":125}}},"fnMap":{"0":{"name":"(anonymous_0)","decl":{"start":{"line":6,"column":4},"end":{"line":6,"column":5}},"loc":{"start":{"line":6,"column":39},"end":{"line":11,"column":5}},"line":6},"1":{"name":"(anonymous_1)","decl":{"start":{"line":13,"column":4},"end":{"line":13,"column":5}},"loc":{"start":{"line":13,"column":18},"end":{"line":15,"column":5}},"line":13},"2":{"name":"(anonymous_2)","decl":{"start":{"line":17,"column":4},"end":{"line":17,"column":5}},"loc":{"start":{"line":17,"column":29},"end":{"line":23,"column":5}},"line":17},"3":{"name":"(anonymous_3)","decl":{"start":{"line":25,"column":4},"end":{"line":25,"column":5}},"loc":{"start":{"line":25,"column":46},"end":{"line":36,"column":5}},"line":25},"4":{"name":"(anonymous_4)","decl":{"start":{"line":31,"column":23},"end":{"line":31,"column":24}},"loc":{"start":{"line":31,"column":31},"end":{"line":31,"column":126}},"line":31},"5":{"name":"(anonymous_5)","decl":{"start":{"line":33,"column":23},"end":{"line":33,"column":24}},"loc":{"start":{"line":33,"column":31},"end":{"line":33,"column":127}},"line":33}},"branchMap":{"0":{"loc":{"start":{"line":6,"column":25},"end":{"line":6,"column":37}},"type":"default-arg","locations":[{"start":{"line":6,"column":33},"end":{"line":6,"column":37}}],"line":6},"1":{"loc":{"start":{"line":7,"column":8},"end":{"line":7,"column":73}},"type":"if","locations":[{"start":{"line":7,"column":8},"end":{"line":7,"column":73}},{"start":{"line":7,"column":8},"end":{"line":7,"column":73}}],"line":7},"2":{"loc":{"start":{"line":8,"column":8},"end":{"line":8,"column":96}},"type":"if","locations":[{"start":{"line":8,"column":8},"end":{"line":8,"column":96}},{"start":{"line":8,"column":8},"end":{"line":8,"column":96}}],"line":8},"3":{"loc":{"start":{"line":10,"column":8},"end":{"line":10,"column":79}},"type":"if","locations":[{"start":{"line":10,"column":8},"end":{"line":10,"column":79}},{"start":{"line":10,"column":8},"end":{"line":10,"column":79}}],"line":10},"4":{"loc":{"start":{"line":10,"column":12},"end":{"line":10,"column":35}},"type":"binary-expr","locations":[{"start":{"line":10,"column":12},"end":{"line":10,"column":17}},{"start":{"line":10,"column":21},"end":{"line":10,"column":35}}],"line":10},"5":{"loc":{"start":{"line":14,"column":8},"end":{"line":14,"column":91}},"type":"if","locations":[{"start":{"line":14,"column":8},"end":{"line":14,"column":91}},{"start":{"line":14,"column":8},"end":{"line":14,"column":91}}],"line":14},"6":{"loc":{"start":{"line":18,"column":8},"end":{"line":22,"column":108}},"type":"if","locations":[{"start":{"line":18,"column":8},"end":{"line":22,"column":108}},{"start":{"line":18,"column":8},"end":{"line":22,"column":108}}],"line":18},"7":{"loc":{"start":{"line":18,"column":12},"end":{"line":18,"column":66}},"type":"binary-expr","locations":[{"start":{"line":18,"column":12},"end":{"line":18,"column":27}},{"start":{"line":18,"column":31},"end":{"line":18,"column":46}},{"start":{"line":18,"column":50},"end":{"line":18,"column":66}}],"line":18},"8":{"loc":{"start":{"line":21,"column":12},"end":{"line":21,"column":97}},"type":"if","locations":[{"start":{"line":21,"column":12},"end":{"line":21,"column":97}},{"start":{"line":21,"column":12},"end":{"line":21,"column":97}}],"line":21},"9":{"loc":{"start":{"line":22,"column":15},"end":{"line":22,"column":108}},"type":"if","locations":[{"start":{"line":22,"column":15},"end":{"line":22,"column":108}},{"start":{"line":22,"column":15},"end":{"line":22,"column":108}}],"line":22},"10":{"loc":{"start":{"line":25,"column":19},"end":{"line":25,"column":44}},"type":"default-arg","locations":[{"start":{"line":25,"column":39},"end":{"line":25,"column":44}}],"line":25},"11":{"loc":{"start":{"line":27,"column":8},"end":{"line":27,"column":85}},"type":"if","locations":[{"start":{"line":27,"column":8},"end":{"line":27,"column":85}},{"start":{"line":27,"column":8},"end":{"line":27,"column":85}}],"line":27},"12":{"loc":{"start":{"line":29,"column":8},"end":{"line":29,"column":101}},"type":"if","locations":[{"start":{"line":29,"column":8},"end":{"line":29,"column":101}},{"start":{"line":29,"column":8},"end":{"line":29,"column":101}}],"line":29},"13":{"loc":{"start":{"line":29,"column":12},"end":{"line":29,"column":51}},"type":"binary-expr","locations":[{"start":{"line":29,"column":12},"end":{"line":29,"column":29}},{"start":{"line":29,"column":33},"end":{"line":29,"column":51}}],"line":29},"14":{"loc":{"start":{"line":31,"column":33},"end":{"line":31,"column":124}},"type":"if","locations":[{"start":{"line":31,"column":33},"end":{"line":31,"column":124}},{"start":{"line":31,"column":33},"end":{"line":31,"column":124}}],"line":31},"15":{"loc":{"start":{"line":33,"column":33},"end":{"line":33,"column":125}},"type":"if","locations":[{"start":{"line":33,"column":33},"end":{"line":33,"column":125}},{"start":{"line":33,"column":33},"end":{"line":33,"column":125}}],"line":33},"16":{"loc":{"start":{"line":33,"column":37},"end":{"line":33,"column":72}},"type":"binary-expr","locations":[{"start":{"line":33,"column":37},"end":{"line":33,"column":52}},{"start":{"line":33,"column":56},"end":{"line":33,"column":72}}],"line":33}},"s":{"0":22,"1":22,"2":22,"3":1994,"4":1,"5":1993,"6":0,"7":1993,"8":0,"9":6,"10":0,"11":0,"12":0,"13":0,"14":0,"15":0,"16":0,"17":119,"18":0,"19":119,"20":0,"21":119,"22":595,"23":0,"24":119,"25":595,"26":0},"f":{"0":1994,"1":6,"2":0,"3":119,"4":595,"5":595},"b":{"0":[1994],"1":[1,1993],"2":[0,1993],"3":[0,1993],"4":[1993,1993],"5":[0,6],"6":[0,0],"7":[0,0,0],"8":[0,0],"9":[0,0],"10":[0],"11":[0,119],"12":[0,119],"13":[119,119],"14":[0,595],"15":[0,595],"16":[595,595]},"_coverageSchema":"1a1c01bbd47fc00a2c39e90264f33305004495a9","hash":"b4dc702a8fd84d942a4f2218feb0409a6e01e36b"}
,"/Users/So/bootcamp/collab/skylab-bootcamp-202001/staff/sofia-costa/hoort/hoort_app/logic/authenticate-user.js": {"path":"/Users/So/bootcamp/collab/skylab-bootcamp-202001/staff/sofia-costa/hoort/hoort_app/logic/authenticate-user.js","statementMap":{"0":{"start":{"line":1,"column":21},"end":{"line":1,"column":46}},"1":{"start":{"line":2,"column":14},"end":{"line":2,"column":35}},"2":{"start":{"line":3,"column":16},"end":{"line":3,"column":36}},"3":{"start":{"line":5,"column":0},"end":{"line":30,"column":15}},"4":{"start":{"line":6,"column":4},"end":{"line":6,"column":35}},"5":{"start":{"line":7,"column":4},"end":{"line":7,"column":25}},"6":{"start":{"line":8,"column":4},"end":{"line":8,"column":41}},"7":{"start":{"line":10,"column":4},"end":{"line":29,"column":8}},"8":{"start":{"line":12,"column":21},"end":{"line":16,"column":10}},"9":{"start":{"line":18,"column":20},"end":{"line":18,"column":37}},"10":{"start":{"line":20,"column":33},"end":{"line":20,"column":36}},"11":{"start":{"line":22,"column":8},"end":{"line":28,"column":9}},"12":{"start":{"line":23,"column":12},"end":{"line":23,"column":34}},"13":{"start":{"line":26,"column":12},"end":{"line":26,"column":54}},"14":{"start":{"line":27,"column":12},"end":{"line":27,"column":18}}},"fnMap":{"0":{"name":"(anonymous_0)","decl":{"start":{"line":5,"column":17},"end":{"line":5,"column":18}},"loc":{"start":{"line":5,"column":44},"end":{"line":30,"column":1}},"line":5},"1":{"name":"(anonymous_1)","decl":{"start":{"line":10,"column":12},"end":{"line":10,"column":13}},"loc":{"start":{"line":10,"column":24},"end":{"line":29,"column":5}},"line":10}},"branchMap":{"0":{"loc":{"start":{"line":22,"column":8},"end":{"line":28,"column":9}},"type":"if","locations":[{"start":{"line":22,"column":8},"end":{"line":28,"column":9}},{"start":{"line":22,"column":8},"end":{"line":28,"column":9}}],"line":22}},"s":{"0":22,"1":22,"2":22,"3":22,"4":3,"5":3,"6":3,"7":3,"8":3,"9":3,"10":3,"11":3,"12":2,"13":1,"14":1},"f":{"0":3,"1":3},"b":{"0":[2,1]},"_coverageSchema":"1a1c01bbd47fc00a2c39e90264f33305004495a9","hash":"e4dfd8c85fb4e031f4ceec20cdd6efa45686d28b"}
,"/Users/So/bootcamp/collab/skylab-bootcamp-202001/staff/sofia-costa/hoort/hoort_app/logic/change-divisions.js": {"path":"/Users/So/bootcamp/collab/skylab-bootcamp-202001/staff/sofia-costa/hoort/hoort_app/logic/change-divisions.js","statementMap":{"0":{"start":{"line":1,"column":16},"end":{"line":1,"column":36}},"1":{"start":{"line":3,"column":21},"end":{"line":3,"column":46}},"2":{"start":{"line":4,"column":14},"end":{"line":4,"column":35}},"3":{"start":{"line":6,"column":0},"end":{"line":29,"column":15}},"4":{"start":{"line":7,"column":4},"end":{"line":7,"column":43}},"5":{"start":{"line":9,"column":4},"end":{"line":9,"column":93}},"6":{"start":{"line":9,"column":51},"end":{"line":9,"column":93}},"7":{"start":{"line":10,"column":4},"end":{"line":10,"column":92}},"8":{"start":{"line":10,"column":50},"end":{"line":10,"column":92}},"9":{"start":{"line":12,"column":4},"end":{"line":28,"column":8}},"10":{"start":{"line":14,"column":25},"end":{"line":18,"column":10}},"11":{"start":{"line":20,"column":26},"end":{"line":20,"column":47}},"12":{"start":{"line":22,"column":26},"end":{"line":22,"column":34}},"13":{"start":{"line":24,"column":8},"end":{"line":26,"column":29}},"14":{"start":{"line":24,"column":19},"end":{"line":24,"column":41}},"15":{"start":{"line":26,"column":13},"end":{"line":26,"column":29}}},"fnMap":{"0":{"name":"(anonymous_0)","decl":{"start":{"line":6,"column":17},"end":{"line":6,"column":18}},"loc":{"start":{"line":6,"column":46},"end":{"line":29,"column":1}},"line":6},"1":{"name":"(anonymous_1)","decl":{"start":{"line":12,"column":12},"end":{"line":12,"column":13}},"loc":{"start":{"line":12,"column":24},"end":{"line":28,"column":5}},"line":12}},"branchMap":{"0":{"loc":{"start":{"line":9,"column":4},"end":{"line":9,"column":93}},"type":"if","locations":[{"start":{"line":9,"column":4},"end":{"line":9,"column":93}},{"start":{"line":9,"column":4},"end":{"line":9,"column":93}}],"line":9},"1":{"loc":{"start":{"line":9,"column":8},"end":{"line":9,"column":49}},"type":"binary-expr","locations":[{"start":{"line":9,"column":8},"end":{"line":9,"column":28}},{"start":{"line":9,"column":32},"end":{"line":9,"column":49}}],"line":9},"2":{"loc":{"start":{"line":10,"column":4},"end":{"line":10,"column":92}},"type":"if","locations":[{"start":{"line":10,"column":4},"end":{"line":10,"column":92}},{"start":{"line":10,"column":4},"end":{"line":10,"column":92}}],"line":10},"3":{"loc":{"start":{"line":10,"column":8},"end":{"line":10,"column":48}},"type":"binary-expr","locations":[{"start":{"line":10,"column":8},"end":{"line":10,"column":27}},{"start":{"line":10,"column":31},"end":{"line":10,"column":48}}],"line":10},"4":{"loc":{"start":{"line":24,"column":8},"end":{"line":26,"column":29}},"type":"if","locations":[{"start":{"line":24,"column":8},"end":{"line":26,"column":29}},{"start":{"line":24,"column":8},"end":{"line":26,"column":29}}],"line":24}},"s":{"0":22,"1":22,"2":22,"3":22,"4":10,"5":10,"6":1,"7":9,"8":1,"9":8,"10":8,"11":8,"12":8,"13":8,"14":0,"15":8},"f":{"0":10,"1":8},"b":{"0":[1,9],"1":[10,2],"2":[1,8],"3":[9,4],"4":[0,8]},"_coverageSchema":"1a1c01bbd47fc00a2c39e90264f33305004495a9","hash":"7ac67eb222e17993f5a96d078c84798fe0e91129"}
,"/Users/So/bootcamp/collab/skylab-bootcamp-202001/staff/sofia-costa/hoort/hoort_app/logic/context.js": {"path":"/Users/So/bootcamp/collab/skylab-bootcamp-202001/staff/sofia-costa/hoort/hoort_app/logic/context.js","statementMap":{"0":{"start":{"line":1,"column":0},"end":{"line":1,"column":19}}},"fnMap":{},"branchMap":{},"s":{"0":22},"f":{},"b":{},"_coverageSchema":"1a1c01bbd47fc00a2c39e90264f33305004495a9","hash":"1315eda6e01dbeedac9864956e527db0f6719445"}
,"/Users/So/bootcamp/collab/skylab-bootcamp-202001/staff/sofia-costa/hoort/hoort_app/logic/create-item-for-testing.js": {"path":"/Users/So/bootcamp/collab/skylab-bootcamp-202001/staff/sofia-costa/hoort/hoort_app/logic/create-item-for-testing.js","statementMap":{"0":{"start":{"line":1,"column":16},"end":{"line":1,"column":36}},"1":{"start":{"line":2,"column":21},"end":{"line":2,"column":46}},"2":{"start":{"line":3,"column":14},"end":{"line":3,"column":35}},"3":{"start":{"line":5,"column":0},"end":{"line":40,"column":15}},"4":{"start":{"line":7,"column":4},"end":{"line":7,"column":33}},"5":{"start":{"line":8,"column":4},"end":{"line":8,"column":33}},"6":{"start":{"line":9,"column":4},"end":{"line":9,"column":39}},"7":{"start":{"line":10,"column":4},"end":{"line":10,"column":37}},"8":{"start":{"line":11,"column":4},"end":{"line":11,"column":53}},"9":{"start":{"line":12,"column":4},"end":{"line":12,"column":33}},"10":{"start":{"line":13,"column":4},"end":{"line":13,"column":47}},"11":{"start":{"line":14,"column":4},"end":{"line":14,"column":45}},"12":{"start":{"line":15,"column":4},"end":{"line":15,"column":55}},"13":{"start":{"line":17,"column":4},"end":{"line":39,"column":8}},"14":{"start":{"line":19,"column":25},"end":{"line":23,"column":10}},"15":{"start":{"line":25,"column":8},"end":{"line":28,"column":9}},"16":{"start":{"line":27,"column":12},"end":{"line":27,"column":18}},"17":{"start":{"line":30,"column":8},"end":{"line":38,"column":40}},"18":{"start":{"line":31,"column":12},"end":{"line":37,"column":18}},"19":{"start":{"line":33,"column":38},"end":{"line":33,"column":46}},"20":{"start":{"line":35,"column":20},"end":{"line":35,"column":42}},"21":{"start":{"line":38,"column":15},"end":{"line":38,"column":40}}},"fnMap":{"0":{"name":"(anonymous_0)","decl":{"start":{"line":5,"column":17},"end":{"line":5,"column":18}},"loc":{"start":{"line":5,"column":144},"end":{"line":40,"column":1}},"line":5},"1":{"name":"(anonymous_1)","decl":{"start":{"line":17,"column":12},"end":{"line":17,"column":13}},"loc":{"start":{"line":17,"column":24},"end":{"line":39,"column":5}},"line":17},"2":{"name":"(anonymous_2)","decl":{"start":{"line":32,"column":22},"end":{"line":32,"column":23}},"loc":{"start":{"line":32,"column":34},"end":{"line":37,"column":17}},"line":32}},"branchMap":{"0":{"loc":{"start":{"line":25,"column":8},"end":{"line":28,"column":9}},"type":"if","locations":[{"start":{"line":25,"column":8},"end":{"line":28,"column":9}},{"start":{"line":25,"column":8},"end":{"line":28,"column":9}}],"line":25},"1":{"loc":{"start":{"line":30,"column":8},"end":{"line":38,"column":40}},"type":"if","locations":[{"start":{"line":30,"column":8},"end":{"line":38,"column":40}},{"start":{"line":30,"column":8},"end":{"line":38,"column":40}}],"line":30}},"s":{"0":22,"1":22,"2":22,"3":22,"4":66,"5":66,"6":66,"7":66,"8":66,"9":66,"10":66,"11":65,"12":65,"13":65,"14":65,"15":65,"16":64,"17":1,"18":1,"19":1,"20":1,"21":0},"f":{"0":66,"1":65,"2":1},"b":{"0":[64,1],"1":[1,0]},"_coverageSchema":"1a1c01bbd47fc00a2c39e90264f33305004495a9","hash":"e6828c29c3e86abdd249e65ea9f72a2406b723a2"}
,"/Users/So/bootcamp/collab/skylab-bootcamp-202001/staff/sofia-costa/hoort/hoort_app/logic/create-land.js": {"path":"/Users/So/bootcamp/collab/skylab-bootcamp-202001/staff/sofia-costa/hoort/hoort_app/logic/create-land.js","statementMap":{"0":{"start":{"line":1,"column":16},"end":{"line":1,"column":36}},"1":{"start":{"line":3,"column":21},"end":{"line":3,"column":46}},"2":{"start":{"line":4,"column":14},"end":{"line":4,"column":35}},"3":{"start":{"line":6,"column":0},"end":{"line":33,"column":15}},"4":{"start":{"line":7,"column":4},"end":{"line":7,"column":33}},"5":{"start":{"line":8,"column":4},"end":{"line":8,"column":41}},"6":{"start":{"line":9,"column":4},"end":{"line":9,"column":41}},"7":{"start":{"line":10,"column":4},"end":{"line":10,"column":45}},"8":{"start":{"line":10,"column":16},"end":{"line":10,"column":45}},"9":{"start":{"line":12,"column":4},"end":{"line":32,"column":8}},"10":{"start":{"line":14,"column":22},"end":{"line":14,"column":57}},"11":{"start":{"line":16,"column":25},"end":{"line":20,"column":10}},"12":{"start":{"line":22,"column":8},"end":{"line":22,"column":43}},"13":{"start":{"line":22,"column":37},"end":{"line":22,"column":43}},"14":{"start":{"line":24,"column":8},"end":{"line":31,"column":40}},"15":{"start":{"line":25,"column":12},"end":{"line":30,"column":18}},"16":{"start":{"line":27,"column":38},"end":{"line":27,"column":46}},"17":{"start":{"line":29,"column":20},"end":{"line":29,"column":42}},"18":{"start":{"line":31,"column":15},"end":{"line":31,"column":40}}},"fnMap":{"0":{"name":"(anonymous_0)","decl":{"start":{"line":6,"column":17},"end":{"line":6,"column":18}},"loc":{"start":{"line":6,"column":61},"end":{"line":33,"column":1}},"line":6},"1":{"name":"(anonymous_1)","decl":{"start":{"line":12,"column":12},"end":{"line":12,"column":13}},"loc":{"start":{"line":12,"column":24},"end":{"line":32,"column":5}},"line":12},"2":{"name":"(anonymous_2)","decl":{"start":{"line":26,"column":22},"end":{"line":26,"column":23}},"loc":{"start":{"line":26,"column":34},"end":{"line":30,"column":17}},"line":26}},"branchMap":{"0":{"loc":{"start":{"line":10,"column":4},"end":{"line":10,"column":45}},"type":"if","locations":[{"start":{"line":10,"column":4},"end":{"line":10,"column":45}},{"start":{"line":10,"column":4},"end":{"line":10,"column":45}}],"line":10},"1":{"loc":{"start":{"line":22,"column":8},"end":{"line":22,"column":43}},"type":"if","locations":[{"start":{"line":22,"column":8},"end":{"line":22,"column":43}},{"start":{"line":22,"column":8},"end":{"line":22,"column":43}}],"line":22},"2":{"loc":{"start":{"line":24,"column":8},"end":{"line":31,"column":40}},"type":"if","locations":[{"start":{"line":24,"column":8},"end":{"line":31,"column":40}},{"start":{"line":24,"column":8},"end":{"line":31,"column":40}}],"line":24}},"s":{"0":22,"1":22,"2":22,"3":22,"4":119,"5":119,"6":119,"7":119,"8":119,"9":119,"10":119,"11":119,"12":119,"13":118,"14":1,"15":1,"16":1,"17":1,"18":0},"f":{"0":119,"1":119,"2":1},"b":{"0":[119,0],"1":[118,1],"2":[1,0]},"_coverageSchema":"1a1c01bbd47fc00a2c39e90264f33305004495a9","hash":"afe8e51ef9be43daf7ade60e8a2937d0541d3939"}
,"/Users/So/bootcamp/collab/skylab-bootcamp-202001/staff/sofia-costa/hoort/hoort_app/logic/delete-land.js": {"path":"/Users/So/bootcamp/collab/skylab-bootcamp-202001/staff/sofia-costa/hoort/hoort_app/logic/delete-land.js","statementMap":{"0":{"start":{"line":1,"column":16},"end":{"line":1,"column":36}},"1":{"start":{"line":3,"column":21},"end":{"line":3,"column":46}},"2":{"start":{"line":4,"column":14},"end":{"line":4,"column":35}},"3":{"start":{"line":6,"column":0},"end":{"line":33,"column":15}},"4":{"start":{"line":7,"column":4},"end":{"line":7,"column":33}},"5":{"start":{"line":9,"column":4},"end":{"line":32,"column":8}},"6":{"start":{"line":11,"column":22},"end":{"line":11,"column":57}},"7":{"start":{"line":13,"column":25},"end":{"line":17,"column":10}},"8":{"start":{"line":19,"column":8},"end":{"line":21,"column":9}},"9":{"start":{"line":20,"column":12},"end":{"line":20,"column":18}},"10":{"start":{"line":23,"column":8},"end":{"line":31,"column":40}},"11":{"start":{"line":25,"column":22},"end":{"line":25,"column":43}},"12":{"start":{"line":27,"column":30},"end":{"line":27,"column":33}},"13":{"start":{"line":29,"column":12},"end":{"line":29,"column":34}},"14":{"start":{"line":31,"column":15},"end":{"line":31,"column":40}}},"fnMap":{"0":{"name":"(anonymous_0)","decl":{"start":{"line":6,"column":17},"end":{"line":6,"column":18}},"loc":{"start":{"line":6,"column":40},"end":{"line":33,"column":1}},"line":6},"1":{"name":"(anonymous_1)","decl":{"start":{"line":9,"column":12},"end":{"line":9,"column":13}},"loc":{"start":{"line":9,"column":24},"end":{"line":32,"column":5}},"line":9}},"branchMap":{"0":{"loc":{"start":{"line":19,"column":8},"end":{"line":21,"column":9}},"type":"if","locations":[{"start":{"line":19,"column":8},"end":{"line":21,"column":9}},{"start":{"line":19,"column":8},"end":{"line":21,"column":9}}],"line":19},"1":{"loc":{"start":{"line":23,"column":8},"end":{"line":31,"column":40}},"type":"if","locations":[{"start":{"line":23,"column":8},"end":{"line":31,"column":40}},{"start":{"line":23,"column":8},"end":{"line":31,"column":40}}],"line":23}},"s":{"0":22,"1":22,"2":22,"3":22,"4":2,"5":2,"6":2,"7":2,"8":2,"9":1,"10":1,"11":1,"12":1,"13":1,"14":0},"f":{"0":2,"1":2},"b":{"0":[1,1],"1":[1,0]},"_coverageSchema":"1a1c01bbd47fc00a2c39e90264f33305004495a9","hash":"64f0ff42a051c95c5959702d8d2b79325b3053f6"}
,"/Users/So/bootcamp/collab/skylab-bootcamp-202001/staff/sofia-costa/hoort/hoort_app/logic/delete-veggie-from-land.js": {"path":"/Users/So/bootcamp/collab/skylab-bootcamp-202001/staff/sofia-costa/hoort/hoort_app/logic/delete-veggie-from-land.js","statementMap":{"0":{"start":{"line":1,"column":16},"end":{"line":1,"column":36}},"1":{"start":{"line":3,"column":21},"end":{"line":3,"column":46}},"2":{"start":{"line":4,"column":14},"end":{"line":4,"column":35}},"3":{"start":{"line":6,"column":0},"end":{"line":31,"column":15}},"4":{"start":{"line":7,"column":4},"end":{"line":7,"column":33}},"5":{"start":{"line":8,"column":4},"end":{"line":8,"column":33}},"6":{"start":{"line":10,"column":4},"end":{"line":30,"column":8}},"7":{"start":{"line":11,"column":22},"end":{"line":11,"column":57}},"8":{"start":{"line":13,"column":25},"end":{"line":17,"column":10}},"9":{"start":{"line":19,"column":8},"end":{"line":19,"column":43}},"10":{"start":{"line":19,"column":37},"end":{"line":19,"column":43}},"11":{"start":{"line":21,"column":8},"end":{"line":29,"column":40}},"12":{"start":{"line":23,"column":22},"end":{"line":23,"column":43}},"13":{"start":{"line":25,"column":30},"end":{"line":25,"column":33}},"14":{"start":{"line":27,"column":12},"end":{"line":27,"column":34}},"15":{"start":{"line":29,"column":15},"end":{"line":29,"column":40}}},"fnMap":{"0":{"name":"(anonymous_0)","decl":{"start":{"line":6,"column":17},"end":{"line":6,"column":18}},"loc":{"start":{"line":6,"column":39},"end":{"line":31,"column":1}},"line":6},"1":{"name":"(anonymous_1)","decl":{"start":{"line":10,"column":12},"end":{"line":10,"column":13}},"loc":{"start":{"line":10,"column":24},"end":{"line":30,"column":5}},"line":10}},"branchMap":{"0":{"loc":{"start":{"line":19,"column":8},"end":{"line":19,"column":43}},"type":"if","locations":[{"start":{"line":19,"column":8},"end":{"line":19,"column":43}},{"start":{"line":19,"column":8},"end":{"line":19,"column":43}}],"line":19},"1":{"loc":{"start":{"line":21,"column":8},"end":{"line":29,"column":40}},"type":"if","locations":[{"start":{"line":21,"column":8},"end":{"line":29,"column":40}},{"start":{"line":21,"column":8},"end":{"line":29,"column":40}}],"line":21}},"s":{"0":22,"1":22,"2":22,"3":22,"4":3,"5":3,"6":3,"7":3,"8":3,"9":3,"10":1,"11":2,"12":2,"13":2,"14":2,"15":0},"f":{"0":3,"1":3},"b":{"0":[1,2],"1":[2,0]},"_coverageSchema":"1a1c01bbd47fc00a2c39e90264f33305004495a9","hash":"7c50a53f769b7001a3e77042a07d78fa1085b4d0"}
,"/Users/So/bootcamp/collab/skylab-bootcamp-202001/staff/sofia-costa/hoort/hoort_app/logic/index.js": {"path":"/Users/So/bootcamp/collab/skylab-bootcamp-202001/staff/sofia-costa/hoort/hoort_app/logic/index.js","statementMap":{"0":{"start":{"line":59,"column":16},"end":{"line":59,"column":36}},"1":{"start":{"line":61,"column":0},"end":{"line":87,"column":1}},"2":{"start":{"line":62,"column":24},"end":{"line":62,"column":38}}},"fnMap":{"0":{"name":"(anonymous_0)","decl":{"start":{"line":62,"column":4},"end":{"line":62,"column":5}},"loc":{"start":{"line":62,"column":22},"end":{"line":62,"column":40}},"line":62}},"branchMap":{},"s":{"0":22,"1":22,"2":132},"f":{"0":132},"b":{},"_coverageSchema":"1a1c01bbd47fc00a2c39e90264f33305004495a9","hash":"558c25253c4da98006d88981817fd164a3fe610d"}
,"/Users/So/bootcamp/collab/skylab-bootcamp-202001/staff/sofia-costa/hoort/hoort_app/logic/plant-in-land.js": {"path":"/Users/So/bootcamp/collab/skylab-bootcamp-202001/staff/sofia-costa/hoort/hoort_app/logic/plant-in-land.js","statementMap":{"0":{"start":{"line":1,"column":16},"end":{"line":1,"column":36}},"1":{"start":{"line":3,"column":21},"end":{"line":3,"column":46}},"2":{"start":{"line":4,"column":14},"end":{"line":4,"column":35}},"3":{"start":{"line":7,"column":0},"end":{"line":28,"column":15}},"4":{"start":{"line":9,"column":4},"end":{"line":9,"column":37}},"5":{"start":{"line":11,"column":4},"end":{"line":27,"column":8}},"6":{"start":{"line":12,"column":22},"end":{"line":12,"column":57}},"7":{"start":{"line":14,"column":25},"end":{"line":18,"column":10}},"8":{"start":{"line":20,"column":21},"end":{"line":20,"column":42}},"9":{"start":{"line":22,"column":26},"end":{"line":22,"column":30}},"10":{"start":{"line":24,"column":8},"end":{"line":26,"column":24}},"11":{"start":{"line":24,"column":19},"end":{"line":24,"column":41}},"12":{"start":{"line":26,"column":13},"end":{"line":26,"column":24}}},"fnMap":{"0":{"name":"(anonymous_0)","decl":{"start":{"line":7,"column":17},"end":{"line":7,"column":18}},"loc":{"start":{"line":7,"column":43},"end":{"line":28,"column":1}},"line":7},"1":{"name":"(anonymous_1)","decl":{"start":{"line":11,"column":12},"end":{"line":11,"column":13}},"loc":{"start":{"line":11,"column":24},"end":{"line":27,"column":5}},"line":11}},"branchMap":{"0":{"loc":{"start":{"line":24,"column":8},"end":{"line":26,"column":24}},"type":"if","locations":[{"start":{"line":24,"column":8},"end":{"line":26,"column":24}},{"start":{"line":24,"column":8},"end":{"line":26,"column":24}}],"line":24}},"s":{"0":22,"1":22,"2":22,"3":22,"4":2,"5":2,"6":2,"7":2,"8":2,"9":2,"10":2,"11":1,"12":1},"f":{"0":2,"1":2},"b":{"0":[1,1]},"_coverageSchema":"1a1c01bbd47fc00a2c39e90264f33305004495a9","hash":"c3d85f7fbd784b609f540bf5382ad779244d5231"}
,"/Users/So/bootcamp/collab/skylab-bootcamp-202001/staff/sofia-costa/hoort/hoort_app/logic/register-user.js": {"path":"/Users/So/bootcamp/collab/skylab-bootcamp-202001/staff/sofia-costa/hoort/hoort_app/logic/register-user.js","statementMap":{"0":{"start":{"line":1,"column":21},"end":{"line":1,"column":46}},"1":{"start":{"line":2,"column":14},"end":{"line":2,"column":35}},"2":{"start":{"line":3,"column":16},"end":{"line":3,"column":36}},"3":{"start":{"line":5,"column":0},"end":{"line":32,"column":15}},"4":{"start":{"line":6,"column":4},"end":{"line":6,"column":34}},"5":{"start":{"line":7,"column":4},"end":{"line":7,"column":35}},"6":{"start":{"line":8,"column":4},"end":{"line":8,"column":33}},"7":{"start":{"line":9,"column":4},"end":{"line":9,"column":41}},"8":{"start":{"line":10,"column":4},"end":{"line":10,"column":41}},"9":{"start":{"line":12,"column":4},"end":{"line":31,"column":8}},"10":{"start":{"line":14,"column":25},"end":{"line":18,"column":10}},"11":{"start":{"line":20,"column":8},"end":{"line":20,"column":43}},"12":{"start":{"line":20,"column":37},"end":{"line":20,"column":43}},"13":{"start":{"line":22,"column":8},"end":{"line":30,"column":40}},"14":{"start":{"line":23,"column":12},"end":{"line":29,"column":18}},"15":{"start":{"line":25,"column":38},"end":{"line":25,"column":46}},"16":{"start":{"line":27,"column":20},"end":{"line":27,"column":42}},"17":{"start":{"line":30,"column":15},"end":{"line":30,"column":40}}},"fnMap":{"0":{"name":"(anonymous_0)","decl":{"start":{"line":5,"column":17},"end":{"line":5,"column":18}},"loc":{"start":{"line":5,"column":60},"end":{"line":32,"column":1}},"line":5},"1":{"name":"(anonymous_1)","decl":{"start":{"line":12,"column":12},"end":{"line":12,"column":13}},"loc":{"start":{"line":12,"column":24},"end":{"line":31,"column":5}},"line":12},"2":{"name":"(anonymous_2)","decl":{"start":{"line":24,"column":22},"end":{"line":24,"column":23}},"loc":{"start":{"line":24,"column":34},"end":{"line":29,"column":17}},"line":24}},"branchMap":{"0":{"loc":{"start":{"line":20,"column":8},"end":{"line":20,"column":43}},"type":"if","locations":[{"start":{"line":20,"column":8},"end":{"line":20,"column":43}},{"start":{"line":20,"column":8},"end":{"line":20,"column":43}}],"line":20},"1":{"loc":{"start":{"line":22,"column":8},"end":{"line":30,"column":40}},"type":"if","locations":[{"start":{"line":22,"column":8},"end":{"line":30,"column":40}},{"start":{"line":22,"column":8},"end":{"line":30,"column":40}}],"line":22}},"s":{"0":22,"1":22,"2":22,"3":22,"4":3,"5":3,"6":3,"7":3,"8":3,"9":3,"10":3,"11":3,"12":2,"13":1,"14":1,"15":1,"16":1,"17":0},"f":{"0":3,"1":3,"2":1},"b":{"0":[2,1],"1":[1,0]},"_coverageSchema":"1a1c01bbd47fc00a2c39e90264f33305004495a9","hash":"9f453c7906d27f47f88e3f24362bc34a6e53d303"}
,"/Users/So/bootcamp/collab/skylab-bootcamp-202001/staff/sofia-costa/hoort/hoort_app/logic/retrieve-all.js": {"path":"/Users/So/bootcamp/collab/skylab-bootcamp-202001/staff/sofia-costa/hoort/hoort_app/logic/retrieve-all.js","statementMap":{"0":{"start":{"line":1,"column":16},"end":{"line":1,"column":36}},"1":{"start":{"line":2,"column":14},"end":{"line":2,"column":35}},"2":{"start":{"line":4,"column":0},"end":{"line":20,"column":15}},"3":{"start":{"line":6,"column":21},"end":{"line":9,"column":6}},"4":{"start":{"line":11,"column":18},"end":{"line":11,"column":39}},"5":{"start":{"line":13,"column":22},"end":{"line":13,"column":33}},"6":{"start":{"line":15,"column":4},"end":{"line":15,"column":37}},"7":{"start":{"line":15,"column":15},"end":{"line":15,"column":37}},"8":{"start":{"line":17,"column":4},"end":{"line":17,"column":63}},"9":{"start":{"line":17,"column":23},"end":{"line":17,"column":63}},"10":{"start":{"line":19,"column":4},"end":{"line":19,"column":16}}},"fnMap":{"0":{"name":"(anonymous_0)","decl":{"start":{"line":4,"column":17},"end":{"line":4,"column":18}},"loc":{"start":{"line":4,"column":35},"end":{"line":20,"column":1}},"line":4}},"branchMap":{"0":{"loc":{"start":{"line":15,"column":4},"end":{"line":15,"column":37}},"type":"if","locations":[{"start":{"line":15,"column":4},"end":{"line":15,"column":37}},{"start":{"line":15,"column":4},"end":{"line":15,"column":37}}],"line":15},"1":{"loc":{"start":{"line":17,"column":4},"end":{"line":17,"column":63}},"type":"if","locations":[{"start":{"line":17,"column":4},"end":{"line":17,"column":63}},{"start":{"line":17,"column":4},"end":{"line":17,"column":63}}],"line":17}},"s":{"0":22,"1":22,"2":22,"3":1,"4":1,"5":1,"6":1,"7":0,"8":1,"9":0,"10":1},"f":{"0":1},"b":{"0":[0,1],"1":[0,1]},"_coverageSchema":"1a1c01bbd47fc00a2c39e90264f33305004495a9","hash":"76b4462bd44922d2192b191afa1f5c8901cc1483"}
,"/Users/So/bootcamp/collab/skylab-bootcamp-202001/staff/sofia-costa/hoort/hoort_app/logic/retrieve-item-for-user.js": {"path":"/Users/So/bootcamp/collab/skylab-bootcamp-202001/staff/sofia-costa/hoort/hoort_app/logic/retrieve-item-for-user.js","statementMap":{"0":{"start":{"line":1,"column":16},"end":{"line":1,"column":36}},"1":{"start":{"line":2,"column":21},"end":{"line":2,"column":46}},"2":{"start":{"line":3,"column":14},"end":{"line":3,"column":35}},"3":{"start":{"line":5,"column":0},"end":{"line":26,"column":15}},"4":{"start":{"line":6,"column":4},"end":{"line":6,"column":29}},"5":{"start":{"line":8,"column":18},"end":{"line":8,"column":53}},"6":{"start":{"line":10,"column":21},"end":{"line":13,"column":6}},"7":{"start":{"line":15,"column":15},"end":{"line":15,"column":36}},"8":{"start":{"line":17,"column":4},"end":{"line":17,"column":31}},"9":{"start":{"line":19,"column":22},"end":{"line":19,"column":32}},"10":{"start":{"line":21,"column":4},"end":{"line":21,"column":37}},"11":{"start":{"line":21,"column":15},"end":{"line":21,"column":37}},"12":{"start":{"line":23,"column":4},"end":{"line":23,"column":76}},"13":{"start":{"line":23,"column":15},"end":{"line":23,"column":76}},"14":{"start":{"line":25,"column":4},"end":{"line":25,"column":15}}},"fnMap":{"0":{"name":"(anonymous_0)","decl":{"start":{"line":5,"column":17},"end":{"line":5,"column":18}},"loc":{"start":{"line":5,"column":37},"end":{"line":26,"column":1}},"line":5}},"branchMap":{"0":{"loc":{"start":{"line":21,"column":4},"end":{"line":21,"column":37}},"type":"if","locations":[{"start":{"line":21,"column":4},"end":{"line":21,"column":37}},{"start":{"line":21,"column":4},"end":{"line":21,"column":37}}],"line":21},"1":{"loc":{"start":{"line":23,"column":4},"end":{"line":23,"column":76}},"type":"if","locations":[{"start":{"line":23,"column":4},"end":{"line":23,"column":76}},{"start":{"line":23,"column":4},"end":{"line":23,"column":76}}],"line":23}},"s":{"0":22,"1":22,"2":22,"3":22,"4":26,"5":26,"6":26,"7":26,"8":26,"9":26,"10":26,"11":0,"12":26,"13":0,"14":26},"f":{"0":26},"b":{"0":[0,26],"1":[0,26]},"_coverageSchema":"1a1c01bbd47fc00a2c39e90264f33305004495a9","hash":"236b3b3309a8ce9cacd407568799984ffc251c9e"}
,"/Users/So/bootcamp/collab/skylab-bootcamp-202001/staff/sofia-costa/hoort/hoort_app/logic/retrieve-item.js": {"path":"/Users/So/bootcamp/collab/skylab-bootcamp-202001/staff/sofia-costa/hoort/hoort_app/logic/retrieve-item.js","statementMap":{"0":{"start":{"line":1,"column":16},"end":{"line":1,"column":36}},"1":{"start":{"line":2,"column":21},"end":{"line":2,"column":46}},"2":{"start":{"line":3,"column":14},"end":{"line":3,"column":35}},"3":{"start":{"line":5,"column":0},"end":{"line":22,"column":15}},"4":{"start":{"line":6,"column":4},"end":{"line":6,"column":29}},"5":{"start":{"line":8,"column":21},"end":{"line":11,"column":6}},"6":{"start":{"line":13,"column":17},"end":{"line":13,"column":38}},"7":{"start":{"line":17,"column":22},"end":{"line":17,"column":32}},"8":{"start":{"line":19,"column":4},"end":{"line":19,"column":76}},"9":{"start":{"line":19,"column":15},"end":{"line":19,"column":76}},"10":{"start":{"line":21,"column":4},"end":{"line":21,"column":15}}},"fnMap":{"0":{"name":"(anonymous_0)","decl":{"start":{"line":5,"column":17},"end":{"line":5,"column":18}},"loc":{"start":{"line":5,"column":37},"end":{"line":22,"column":1}},"line":5}},"branchMap":{"0":{"loc":{"start":{"line":19,"column":4},"end":{"line":19,"column":76}},"type":"if","locations":[{"start":{"line":19,"column":4},"end":{"line":19,"column":76}},{"start":{"line":19,"column":4},"end":{"line":19,"column":76}}],"line":19}},"s":{"0":22,"1":22,"2":22,"3":22,"4":2,"5":2,"6":2,"7":2,"8":2,"9":1,"10":1},"f":{"0":2},"b":{"0":[1,1]},"_coverageSchema":"1a1c01bbd47fc00a2c39e90264f33305004495a9","hash":"bcc40b446d0e7548fc679d9d793d6d16d9b64588"}
,"/Users/So/bootcamp/collab/skylab-bootcamp-202001/staff/sofia-costa/hoort/hoort_app/logic/retrieve-land.js": {"path":"/Users/So/bootcamp/collab/skylab-bootcamp-202001/staff/sofia-costa/hoort/hoort_app/logic/retrieve-land.js","statementMap":{"0":{"start":{"line":1,"column":16},"end":{"line":1,"column":36}},"1":{"start":{"line":2,"column":21},"end":{"line":2,"column":46}},"2":{"start":{"line":3,"column":14},"end":{"line":3,"column":35}},"3":{"start":{"line":5,"column":0},"end":{"line":24,"column":15}},"4":{"start":{"line":6,"column":4},"end":{"line":6,"column":37}},"5":{"start":{"line":8,"column":18},"end":{"line":8,"column":53}},"6":{"start":{"line":10,"column":21},"end":{"line":13,"column":6}},"7":{"start":{"line":15,"column":17},"end":{"line":15,"column":38}},"8":{"start":{"line":17,"column":22},"end":{"line":17,"column":32}},"9":{"start":{"line":19,"column":4},"end":{"line":19,"column":37}},"10":{"start":{"line":19,"column":15},"end":{"line":19,"column":37}},"11":{"start":{"line":21,"column":4},"end":{"line":21,"column":56}},"12":{"start":{"line":21,"column":15},"end":{"line":21,"column":56}},"13":{"start":{"line":23,"column":4},"end":{"line":23,"column":15}}},"fnMap":{"0":{"name":"(anonymous_0)","decl":{"start":{"line":5,"column":17},"end":{"line":5,"column":18}},"loc":{"start":{"line":5,"column":41},"end":{"line":24,"column":1}},"line":5}},"branchMap":{"0":{"loc":{"start":{"line":19,"column":4},"end":{"line":19,"column":37}},"type":"if","locations":[{"start":{"line":19,"column":4},"end":{"line":19,"column":37}},{"start":{"line":19,"column":4},"end":{"line":19,"column":37}}],"line":19},"1":{"loc":{"start":{"line":21,"column":4},"end":{"line":21,"column":56}},"type":"if","locations":[{"start":{"line":21,"column":4},"end":{"line":21,"column":56}},{"start":{"line":21,"column":4},"end":{"line":21,"column":56}}],"line":21}},"s":{"0":22,"1":22,"2":22,"3":22,"4":11,"5":11,"6":11,"7":11,"8":11,"9":11,"10":1,"11":10,"12":0,"13":10},"f":{"0":11},"b":{"0":[1,10],"1":[0,10]},"_coverageSchema":"1a1c01bbd47fc00a2c39e90264f33305004495a9","hash":"cfa66f4c0ec0bb45d5d29da71c41d086b337e8e2"}
,"/Users/So/bootcamp/collab/skylab-bootcamp-202001/staff/sofia-costa/hoort/hoort_app/logic/retrieve-user-lands.js": {"path":"/Users/So/bootcamp/collab/skylab-bootcamp-202001/staff/sofia-costa/hoort/hoort_app/logic/retrieve-user-lands.js","statementMap":{"0":{"start":{"line":1,"column":16},"end":{"line":1,"column":36}},"1":{"start":{"line":2,"column":21},"end":{"line":2,"column":46}},"2":{"start":{"line":3,"column":14},"end":{"line":3,"column":35}},"3":{"start":{"line":5,"column":0},"end":{"line":27,"column":15}},"4":{"start":{"line":7,"column":18},"end":{"line":7,"column":53}},"5":{"start":{"line":9,"column":21},"end":{"line":12,"column":6}},"6":{"start":{"line":14,"column":18},"end":{"line":14,"column":39}},"7":{"start":{"line":20,"column":22},"end":{"line":20,"column":33}},"8":{"start":{"line":22,"column":4},"end":{"line":22,"column":37}},"9":{"start":{"line":22,"column":15},"end":{"line":22,"column":37}},"10":{"start":{"line":26,"column":4},"end":{"line":26,"column":16}}},"fnMap":{"0":{"name":"(anonymous_0)","decl":{"start":{"line":5,"column":17},"end":{"line":5,"column":18}},"loc":{"start":{"line":5,"column":35},"end":{"line":27,"column":1}},"line":5}},"branchMap":{"0":{"loc":{"start":{"line":22,"column":4},"end":{"line":22,"column":37}},"type":"if","locations":[{"start":{"line":22,"column":4},"end":{"line":22,"column":37}},{"start":{"line":22,"column":4},"end":{"line":22,"column":37}}],"line":22}},"s":{"0":22,"1":22,"2":22,"3":22,"4":3,"5":3,"6":3,"7":3,"8":3,"9":1,"10":2},"f":{"0":3},"b":{"0":[1,2]},"_coverageSchema":"1a1c01bbd47fc00a2c39e90264f33305004495a9","hash":"1b89cada56c87ed59bc40d28497ea02ad10b3239"}
,"/Users/So/bootcamp/collab/skylab-bootcamp-202001/staff/sofia-costa/hoort/hoort_app/logic/retrieve-user-plantations.js": {"path":"/Users/So/bootcamp/collab/skylab-bootcamp-202001/staff/sofia-costa/hoort/hoort_app/logic/retrieve-user-plantations.js","statementMap":{"0":{"start":{"line":1,"column":16},"end":{"line":1,"column":36}},"1":{"start":{"line":2,"column":21},"end":{"line":2,"column":46}},"2":{"start":{"line":3,"column":14},"end":{"line":3,"column":35}},"3":{"start":{"line":5,"column":0},"end":{"line":27,"column":15}},"4":{"start":{"line":7,"column":4},"end":{"line":26,"column":8}},"5":{"start":{"line":9,"column":22},"end":{"line":9,"column":57}},"6":{"start":{"line":11,"column":25},"end":{"line":14,"column":10}},"7":{"start":{"line":16,"column":22},"end":{"line":16,"column":43}},"8":{"start":{"line":18,"column":26},"end":{"line":18,"column":37}},"9":{"start":{"line":20,"column":8},"end":{"line":20,"column":41}},"10":{"start":{"line":20,"column":19},"end":{"line":20,"column":41}},"11":{"start":{"line":22,"column":8},"end":{"line":22,"column":68}},"12":{"start":{"line":22,"column":27},"end":{"line":22,"column":68}},"13":{"start":{"line":24,"column":8},"end":{"line":24,"column":20}}},"fnMap":{"0":{"name":"(anonymous_0)","decl":{"start":{"line":5,"column":17},"end":{"line":5,"column":18}},"loc":{"start":{"line":5,"column":29},"end":{"line":27,"column":1}},"line":5},"1":{"name":"(anonymous_1)","decl":{"start":{"line":7,"column":12},"end":{"line":7,"column":13}},"loc":{"start":{"line":7,"column":24},"end":{"line":26,"column":5}},"line":7}},"branchMap":{"0":{"loc":{"start":{"line":20,"column":8},"end":{"line":20,"column":41}},"type":"if","locations":[{"start":{"line":20,"column":8},"end":{"line":20,"column":41}},{"start":{"line":20,"column":8},"end":{"line":20,"column":41}}],"line":20},"1":{"loc":{"start":{"line":22,"column":8},"end":{"line":22,"column":68}},"type":"if","locations":[{"start":{"line":22,"column":8},"end":{"line":22,"column":68}},{"start":{"line":22,"column":8},"end":{"line":22,"column":68}}],"line":22}},"s":{"0":22,"1":22,"2":22,"3":22,"4":3,"5":3,"6":3,"7":3,"8":3,"9":3,"10":1,"11":2,"12":1,"13":1},"f":{"0":3,"1":3},"b":{"0":[1,2],"1":[1,1]},"_coverageSchema":"1a1c01bbd47fc00a2c39e90264f33305004495a9","hash":"14f37ad1c7aa9a899b07a72a08060384d5273817"}
,"/Users/So/bootcamp/collab/skylab-bootcamp-202001/staff/sofia-costa/hoort/hoort_app/logic/retrieve-user-veggies.js": {"path":"/Users/So/bootcamp/collab/skylab-bootcamp-202001/staff/sofia-costa/hoort/hoort_app/logic/retrieve-user-veggies.js","statementMap":{"0":{"start":{"line":1,"column":16},"end":{"line":1,"column":36}},"1":{"start":{"line":2,"column":21},"end":{"line":2,"column":46}},"2":{"start":{"line":3,"column":14},"end":{"line":3,"column":35}},"3":{"start":{"line":5,"column":0},"end":{"line":22,"column":15}},"4":{"start":{"line":7,"column":18},"end":{"line":7,"column":53}},"5":{"start":{"line":9,"column":21},"end":{"line":12,"column":6}},"6":{"start":{"line":13,"column":17},"end":{"line":13,"column":38}},"7":{"start":{"line":15,"column":22},"end":{"line":15,"column":32}},"8":{"start":{"line":17,"column":4},"end":{"line":17,"column":37}},"9":{"start":{"line":17,"column":15},"end":{"line":17,"column":37}},"10":{"start":{"line":19,"column":4},"end":{"line":19,"column":79}},"11":{"start":{"line":19,"column":15},"end":{"line":19,"column":79}},"12":{"start":{"line":21,"column":4},"end":{"line":21,"column":15}}},"fnMap":{"0":{"name":"(anonymous_0)","decl":{"start":{"line":5,"column":17},"end":{"line":5,"column":18}},"loc":{"start":{"line":5,"column":35},"end":{"line":22,"column":1}},"line":5}},"branchMap":{"0":{"loc":{"start":{"line":17,"column":4},"end":{"line":17,"column":37}},"type":"if","locations":[{"start":{"line":17,"column":4},"end":{"line":17,"column":37}},{"start":{"line":17,"column":4},"end":{"line":17,"column":37}}],"line":17},"1":{"loc":{"start":{"line":19,"column":4},"end":{"line":19,"column":79}},"type":"if","locations":[{"start":{"line":19,"column":4},"end":{"line":19,"column":79}},{"start":{"line":19,"column":4},"end":{"line":19,"column":79}}],"line":19}},"s":{"0":22,"1":22,"2":22,"3":22,"4":4,"5":4,"6":4,"7":4,"8":4,"9":1,"10":3,"11":0,"12":3},"f":{"0":4},"b":{"0":[1,3],"1":[0,3]},"_coverageSchema":"1a1c01bbd47fc00a2c39e90264f33305004495a9","hash":"265dd5e36ec0f1fa6d8356d1b5e7d2b273e2e61b"}
,"/Users/So/bootcamp/collab/skylab-bootcamp-202001/staff/sofia-costa/hoort/hoort_app/logic/retrieve-user.js": {"path":"/Users/So/bootcamp/collab/skylab-bootcamp-202001/staff/sofia-costa/hoort/hoort_app/logic/retrieve-user.js","statementMap":{"0":{"start":{"line":2,"column":16},"end":{"line":2,"column":36}},"1":{"start":{"line":3,"column":14},"end":{"line":3,"column":35}},"2":{"start":{"line":5,"column":0},"end":{"line":26,"column":15}},"3":{"start":{"line":7,"column":4},"end":{"line":25,"column":8}},"4":{"start":{"line":9,"column":22},"end":{"line":9,"column":57}},"5":{"start":{"line":11,"column":25},"end":{"line":14,"column":10}},"6":{"start":{"line":16,"column":21},"end":{"line":16,"column":42}},"7":{"start":{"line":17,"column":34},"end":{"line":17,"column":38}},"8":{"start":{"line":19,"column":8},"end":{"line":19,"column":43}},"9":{"start":{"line":19,"column":20},"end":{"line":19,"column":43}},"10":{"start":{"line":21,"column":46},"end":{"line":21,"column":50}},"11":{"start":{"line":23,"column":8},"end":{"line":23,"column":44}}},"fnMap":{"0":{"name":"retrieveUser","decl":{"start":{"line":5,"column":26},"end":{"line":5,"column":38}},"loc":{"start":{"line":5,"column":41},"end":{"line":26,"column":1}},"line":5},"1":{"name":"(anonymous_1)","decl":{"start":{"line":7,"column":12},"end":{"line":7,"column":13}},"loc":{"start":{"line":7,"column":24},"end":{"line":25,"column":5}},"line":7}},"branchMap":{"0":{"loc":{"start":{"line":19,"column":8},"end":{"line":19,"column":43}},"type":"if","locations":[{"start":{"line":19,"column":8},"end":{"line":19,"column":43}},{"start":{"line":19,"column":8},"end":{"line":19,"column":43}}],"line":19}},"s":{"0":22,"1":22,"2":22,"3":3,"4":3,"5":3,"6":3,"7":3,"8":3,"9":0,"10":3,"11":3},"f":{"0":3,"1":3},"b":{"0":[0,3]},"_coverageSchema":"1a1c01bbd47fc00a2c39e90264f33305004495a9","hash":"386fb22d0f773b6a2a9548680013817d8c842f7a"}
,"/Users/So/bootcamp/collab/skylab-bootcamp-202001/staff/sofia-costa/hoort/hoort_app/logic/search-items.js": {"path":"/Users/So/bootcamp/collab/skylab-bootcamp-202001/staff/sofia-costa/hoort/hoort_app/logic/search-items.js","statementMap":{"0":{"start":{"line":1,"column":16},"end":{"line":1,"column":36}},"1":{"start":{"line":2,"column":21},"end":{"line":2,"column":46}},"2":{"start":{"line":3,"column":14},"end":{"line":3,"column":35}},"3":{"start":{"line":5,"column":0},"end":{"line":22,"column":15}},"4":{"start":{"line":6,"column":4},"end":{"line":6,"column":35}},"5":{"start":{"line":8,"column":19},"end":{"line":11,"column":6}},"6":{"start":{"line":13,"column":20},"end":{"line":13,"column":39}},"7":{"start":{"line":15,"column":22},"end":{"line":15,"column":29}},"8":{"start":{"line":17,"column":4},"end":{"line":21,"column":23}},"9":{"start":{"line":18,"column":8},"end":{"line":18,"column":30}},"10":{"start":{"line":21,"column":9},"end":{"line":21,"column":23}}},"fnMap":{"0":{"name":"(anonymous_0)","decl":{"start":{"line":5,"column":17},"end":{"line":5,"column":18}},"loc":{"start":{"line":5,"column":40},"end":{"line":22,"column":1}},"line":5}},"branchMap":{"0":{"loc":{"start":{"line":17,"column":4},"end":{"line":21,"column":23}},"type":"if","locations":[{"start":{"line":17,"column":4},"end":{"line":21,"column":23}},{"start":{"line":17,"column":4},"end":{"line":21,"column":23}}],"line":17}},"s":{"0":22,"1":22,"2":22,"3":22,"4":3,"5":3,"6":3,"7":3,"8":3,"9":1,"10":2},"f":{"0":3},"b":{"0":[1,2]},"_coverageSchema":"1a1c01bbd47fc00a2c39e90264f33305004495a9","hash":"36db6256c6655904e0173759a2395264c0fa4abe"}
,"/Users/So/bootcamp/collab/skylab-bootcamp-202001/staff/sofia-costa/hoort/hoort_app/logic/search-suggested.js": {"path":"/Users/So/bootcamp/collab/skylab-bootcamp-202001/staff/sofia-costa/hoort/hoort_app/logic/search-suggested.js","statementMap":{"0":{"start":{"line":1,"column":16},"end":{"line":1,"column":36}},"1":{"start":{"line":2,"column":14},"end":{"line":2,"column":35}},"2":{"start":{"line":4,"column":0},"end":{"line":20,"column":15}},"3":{"start":{"line":6,"column":19},"end":{"line":9,"column":6}},"4":{"start":{"line":11,"column":20},"end":{"line":11,"column":39}},"5":{"start":{"line":13,"column":22},"end":{"line":13,"column":29}},"6":{"start":{"line":15,"column":4},"end":{"line":19,"column":23}},"7":{"start":{"line":16,"column":8},"end":{"line":16,"column":31}},"8":{"start":{"line":19,"column":9},"end":{"line":19,"column":23}}},"fnMap":{"0":{"name":"(anonymous_0)","decl":{"start":{"line":4,"column":17},"end":{"line":4,"column":18}},"loc":{"start":{"line":4,"column":35},"end":{"line":20,"column":1}},"line":4}},"branchMap":{"0":{"loc":{"start":{"line":15,"column":4},"end":{"line":19,"column":23}},"type":"if","locations":[{"start":{"line":15,"column":4},"end":{"line":19,"column":23}},{"start":{"line":15,"column":4},"end":{"line":19,"column":23}}],"line":15}},"s":{"0":22,"1":22,"2":22,"3":1,"4":1,"5":1,"6":1,"7":0,"8":1},"f":{"0":1},"b":{"0":[0,1]},"_coverageSchema":"1a1c01bbd47fc00a2c39e90264f33305004495a9","hash":"3bf80b33514dc806ab3eae8487db91789ee88c4b"}
,"/Users/So/bootcamp/collab/skylab-bootcamp-202001/staff/sofia-costa/hoort/hoort_app/logic/update-land-add-veggie.js": {"path":"/Users/So/bootcamp/collab/skylab-bootcamp-202001/staff/sofia-costa/hoort/hoort_app/logic/update-land-add-veggie.js","statementMap":{"0":{"start":{"line":1,"column":16},"end":{"line":1,"column":36}},"1":{"start":{"line":3,"column":21},"end":{"line":3,"column":46}},"2":{"start":{"line":4,"column":14},"end":{"line":4,"column":35}},"3":{"start":{"line":6,"column":0},"end":{"line":31,"column":15}},"4":{"start":{"line":7,"column":4},"end":{"line":7,"column":37}},"5":{"start":{"line":8,"column":4},"end":{"line":8,"column":41}},"6":{"start":{"line":10,"column":4},"end":{"line":30,"column":8}},"7":{"start":{"line":12,"column":22},"end":{"line":12,"column":57}},"8":{"start":{"line":14,"column":25},"end":{"line":18,"column":10}},"9":{"start":{"line":20,"column":8},"end":{"line":29,"column":9}},"10":{"start":{"line":22,"column":12},"end":{"line":22,"column":18}},"11":{"start":{"line":26,"column":30},"end":{"line":26,"column":51}},"12":{"start":{"line":28,"column":12},"end":{"line":28,"column":34}}},"fnMap":{"0":{"name":"(anonymous_0)","decl":{"start":{"line":6,"column":17},"end":{"line":6,"column":18}},"loc":{"start":{"line":6,"column":45},"end":{"line":31,"column":1}},"line":6},"1":{"name":"(anonymous_1)","decl":{"start":{"line":10,"column":12},"end":{"line":10,"column":13}},"loc":{"start":{"line":10,"column":24},"end":{"line":30,"column":5}},"line":10}},"branchMap":{"0":{"loc":{"start":{"line":20,"column":8},"end":{"line":29,"column":9}},"type":"if","locations":[{"start":{"line":20,"column":8},"end":{"line":29,"column":9}},{"start":{"line":20,"column":8},"end":{"line":29,"column":9}}],"line":20}},"s":{"0":22,"1":22,"2":22,"3":22,"4":348,"5":348,"6":348,"7":348,"8":348,"9":348,"10":346,"11":2,"12":2},"f":{"0":348,"1":348},"b":{"0":[346,2]},"_coverageSchema":"1a1c01bbd47fc00a2c39e90264f33305004495a9","hash":"c3bc50f138f2da72250b0410cab92dc2e0e82987"}
,"/Users/So/bootcamp/collab/skylab-bootcamp-202001/staff/sofia-costa/hoort/hoort_app/logic/update-land-harvest-veggie.js": {"path":"/Users/So/bootcamp/collab/skylab-bootcamp-202001/staff/sofia-costa/hoort/hoort_app/logic/update-land-harvest-veggie.js","statementMap":{"0":{"start":{"line":1,"column":16},"end":{"line":1,"column":36}},"1":{"start":{"line":3,"column":21},"end":{"line":3,"column":46}},"2":{"start":{"line":4,"column":14},"end":{"line":4,"column":35}},"3":{"start":{"line":6,"column":0},"end":{"line":30,"column":15}},"4":{"start":{"line":7,"column":4},"end":{"line":7,"column":37}},"5":{"start":{"line":8,"column":4},"end":{"line":8,"column":41}},"6":{"start":{"line":10,"column":4},"end":{"line":29,"column":8}},"7":{"start":{"line":12,"column":22},"end":{"line":12,"column":57}},"8":{"start":{"line":14,"column":25},"end":{"line":18,"column":10}},"9":{"start":{"line":20,"column":8},"end":{"line":28,"column":9}},"10":{"start":{"line":21,"column":12},"end":{"line":21,"column":18}},"11":{"start":{"line":25,"column":30},"end":{"line":25,"column":51}},"12":{"start":{"line":27,"column":12},"end":{"line":27,"column":34}}},"fnMap":{"0":{"name":"(anonymous_0)","decl":{"start":{"line":6,"column":17},"end":{"line":6,"column":18}},"loc":{"start":{"line":6,"column":45},"end":{"line":30,"column":1}},"line":6},"1":{"name":"(anonymous_1)","decl":{"start":{"line":10,"column":12},"end":{"line":10,"column":13}},"loc":{"start":{"line":10,"column":24},"end":{"line":29,"column":5}},"line":10}},"branchMap":{"0":{"loc":{"start":{"line":20,"column":8},"end":{"line":28,"column":9}},"type":"if","locations":[{"start":{"line":20,"column":8},"end":{"line":28,"column":9}},{"start":{"line":20,"column":8},"end":{"line":28,"column":9}}],"line":20}},"s":{"0":22,"1":22,"2":22,"3":22,"4":5,"5":5,"6":5,"7":5,"8":5,"9":5,"10":1,"11":4,"12":4},"f":{"0":5,"1":5},"b":{"0":[1,4]},"_coverageSchema":"1a1c01bbd47fc00a2c39e90264f33305004495a9","hash":"94b72a887c4e42aa6489176ab2f0896398f555e1"}
,"/Users/So/bootcamp/collab/skylab-bootcamp-202001/staff/sofia-costa/hoort/hoort_app/logic/update-land-plant-veggie.js": {"path":"/Users/So/bootcamp/collab/skylab-bootcamp-202001/staff/sofia-costa/hoort/hoort_app/logic/update-land-plant-veggie.js","statementMap":{"0":{"start":{"line":1,"column":16},"end":{"line":1,"column":36}},"1":{"start":{"line":3,"column":21},"end":{"line":3,"column":46}},"2":{"start":{"line":4,"column":14},"end":{"line":4,"column":35}},"3":{"start":{"line":6,"column":0},"end":{"line":30,"column":15}},"4":{"start":{"line":7,"column":4},"end":{"line":7,"column":37}},"5":{"start":{"line":8,"column":4},"end":{"line":8,"column":41}},"6":{"start":{"line":10,"column":4},"end":{"line":29,"column":8}},"7":{"start":{"line":12,"column":22},"end":{"line":12,"column":57}},"8":{"start":{"line":14,"column":25},"end":{"line":18,"column":10}},"9":{"start":{"line":20,"column":8},"end":{"line":28,"column":9}},"10":{"start":{"line":21,"column":12},"end":{"line":21,"column":18}},"11":{"start":{"line":25,"column":30},"end":{"line":25,"column":51}},"12":{"start":{"line":27,"column":12},"end":{"line":27,"column":34}}},"fnMap":{"0":{"name":"(anonymous_0)","decl":{"start":{"line":6,"column":17},"end":{"line":6,"column":18}},"loc":{"start":{"line":6,"column":45},"end":{"line":30,"column":1}},"line":6},"1":{"name":"(anonymous_1)","decl":{"start":{"line":10,"column":12},"end":{"line":10,"column":13}},"loc":{"start":{"line":10,"column":24},"end":{"line":29,"column":5}},"line":10}},"branchMap":{"0":{"loc":{"start":{"line":20,"column":8},"end":{"line":28,"column":9}},"type":"if","locations":[{"start":{"line":20,"column":8},"end":{"line":28,"column":9}},{"start":{"line":20,"column":8},"end":{"line":28,"column":9}}],"line":20}},"s":{"0":22,"1":22,"2":22,"3":22,"4":120,"5":120,"6":120,"7":120,"8":120,"9":120,"10":117,"11":3,"12":3},"f":{"0":120,"1":120},"b":{"0":[117,3]},"_coverageSchema":"1a1c01bbd47fc00a2c39e90264f33305004495a9","hash":"7e66f319c326e7af0a99e499db052cd0424d27d3"}
,"/Users/So/bootcamp/collab/skylab-bootcamp-202001/staff/sofia-costa/hoort/hoort_app/logic/update-user.js": {"path":"/Users/So/bootcamp/collab/skylab-bootcamp-202001/staff/sofia-costa/hoort/hoort_app/logic/update-user.js","statementMap":{"0":{"start":{"line":1,"column":16},"end":{"line":1,"column":36}},"1":{"start":{"line":3,"column":21},"end":{"line":3,"column":46}},"2":{"start":{"line":4,"column":14},"end":{"line":4,"column":35}},"3":{"start":{"line":7,"column":0},"end":{"line":35,"column":15}},"4":{"start":{"line":9,"column":4},"end":{"line":11,"column":6}},"5":{"start":{"line":10,"column":8},"end":{"line":10,"column":48}},"6":{"start":{"line":13,"column":4},"end":{"line":13,"column":84}},"7":{"start":{"line":13,"column":38},"end":{"line":13,"column":84}},"8":{"start":{"line":16,"column":4},"end":{"line":33,"column":8}},"9":{"start":{"line":18,"column":22},"end":{"line":18,"column":57}},"10":{"start":{"line":20,"column":25},"end":{"line":24,"column":10}},"11":{"start":{"line":26,"column":8},"end":{"line":26,"column":43}},"12":{"start":{"line":26,"column":37},"end":{"line":26,"column":43}},"13":{"start":{"line":28,"column":20},"end":{"line":28,"column":41}},"14":{"start":{"line":30,"column":26},"end":{"line":30,"column":29}},"15":{"start":{"line":32,"column":8},"end":{"line":32,"column":41}},"16":{"start":{"line":32,"column":19},"end":{"line":32,"column":41}}},"fnMap":{"0":{"name":"(anonymous_0)","decl":{"start":{"line":7,"column":17},"end":{"line":7,"column":18}},"loc":{"start":{"line":7,"column":36},"end":{"line":35,"column":1}},"line":7},"1":{"name":"(anonymous_1)","decl":{"start":{"line":9,"column":36},"end":{"line":9,"column":37}},"loc":{"start":{"line":9,"column":45},"end":{"line":11,"column":5}},"line":9},"2":{"name":"(anonymous_2)","decl":{"start":{"line":16,"column":12},"end":{"line":16,"column":13}},"loc":{"start":{"line":16,"column":24},"end":{"line":33,"column":5}},"line":16}},"branchMap":{"0":{"loc":{"start":{"line":13,"column":4},"end":{"line":13,"column":84}},"type":"if","locations":[{"start":{"line":13,"column":4},"end":{"line":13,"column":84}},{"start":{"line":13,"column":4},"end":{"line":13,"column":84}}],"line":13},"1":{"loc":{"start":{"line":26,"column":8},"end":{"line":26,"column":43}},"type":"if","locations":[{"start":{"line":26,"column":8},"end":{"line":26,"column":43}},{"start":{"line":26,"column":8},"end":{"line":26,"column":43}}],"line":26},"2":{"loc":{"start":{"line":32,"column":8},"end":{"line":32,"column":41}},"type":"if","locations":[{"start":{"line":32,"column":8},"end":{"line":32,"column":41}},{"start":{"line":32,"column":8},"end":{"line":32,"column":41}}],"line":32}},"s":{"0":22,"1":22,"2":22,"3":22,"4":5,"5":19,"6":5,"7":0,"8":5,"9":5,"10":5,"11":5,"12":3,"13":2,"14":2,"15":2,"16":2},"f":{"0":5,"1":19,"2":5},"b":{"0":[0,5],"1":[3,2],"2":[2,0]},"_coverageSchema":"1a1c01bbd47fc00a2c39e90264f33305004495a9","hash":"7c1ac3233762e8c67301e2dbb9a3e7cca011b351"}
}
