TN:
SF:config.js
FNF:0
FNH:0
DA:1,22
LF:1
LH:1
BRF:0
BRH:0
end_of_record
TN:
SF:hoort-data/index.js
FNF:0
FNH:0
DA:1,22
DA:3,22
LF:2
LH:2
BRF:0
BRH:0
end_of_record
TN:
SF:hoort-data/models/index.js
FNF:0
FNH:0
DA:1,22
LF:1
LH:1
BRF:0
BRH:0
end_of_record
TN:
SF:hoort-data/models/item.js
FNF:0
FNH:0
DA:1,22
DA:2,22
DA:4,22
LF:3
LH:3
BRF:0
BRH:0
end_of_record
TN:
SF:hoort-data/models/land.js
FNF:0
FNH:0
DA:1,22
DA:2,22
DA:4,22
LF:3
LH:3
BRF:0
BRH:0
end_of_record
TN:
SF:hoort-data/models/plantation.js
FNF:0
FNH:0
DA:1,22
DA:2,22
DA:4,22
LF:3
LH:3
BRF:0
BRH:0
end_of_record
TN:
SF:hoort-data/models/user.js
FNF:0
FNH:0
DA:1,22
DA:2,22
DA:4,22
LF:3
LH:3
BRF:0
BRH:0
end_of_record
TN:
SF:hoort-data/schemas/index.js
FNF:0
FNH:0
DA:1,22
LF:1
LH:1
BRF:0
BRH:0
end_of_record
TN:
SF:hoort-data/schemas/item.js
FNF:0
FNH:0
DA:1,22
DA:3,22
LF:2
LH:2
BRF:0
BRH:0
end_of_record
TN:
SF:hoort-data/schemas/land.js
FNF:0
FNH:0
DA:1,22
DA:2,22
DA:4,22
LF:3
LH:3
BRF:0
BRH:0
end_of_record
TN:
SF:hoort-data/schemas/plantation.js
FNF:0
FNH:0
DA:1,22
DA:2,22
DA:4,22
LF:3
LH:3
BRF:0
BRH:0
end_of_record
TN:
SF:hoort-data/schemas/user.js
FNF:0
FNH:0
DA:1,22
DA:3,22
LF:2
LH:2
BRF:0
BRH:0
end_of_record
TN:
SF:hoort-errors/content-error.js
FN:2,(anonymous_0)
FNF:1
FNH:0
FNDA:0,(anonymous_0)
DA:1,22
DA:3,0
DA:5,0
LF:3
LH:1
BRF:0
BRH:0
end_of_record
TN:
SF:hoort-errors/index.js
FNF:0
FNH:0
DA:1,22
LF:1
LH:1
BRF:0
BRH:0
end_of_record
TN:
SF:hoort-errors/not-allowed-error.js
FN:2,(anonymous_0)
FNF:1
FNH:0
FNDA:0,(anonymous_0)
DA:1,22
DA:3,0
DA:5,0
LF:3
LH:1
BRF:0
BRH:0
end_of_record
TN:
SF:hoort-errors/not-found-error.js
FN:3,(anonymous_0)
FNF:1
FNH:0
FNDA:0,(anonymous_0)
DA:1,22
DA:5,0
DA:7,0
LF:3
LH:1
BRF:0
BRH:0
end_of_record
TN:
SF:hoort-utils/index.js
FNF:0
FNH:0
DA:1,22
LF:1
LH:1
BRF:0
BRH:0
end_of_record
TN:
SF:hoort-utils/validate.js
FN:6,(anonymous_0)
FN:13,(anonymous_1)
FN:17,(anonymous_2)
FN:25,(anonymous_3)
FN:31,(anonymous_4)
FN:33,(anonymous_5)
FNF:6
FNH:5
FNDA:1994,(anonymous_0)
FNDA:6,(anonymous_1)
FNDA:0,(anonymous_2)
FNDA:119,(anonymous_3)
FNDA:595,(anonymous_4)
FNDA:595,(anonymous_5)
DA:1,22
DA:3,22
DA:5,22
DA:7,1994
DA:8,1993
DA:10,1993
DA:14,6
DA:18,0
DA:19,0
DA:21,0
DA:22,0
DA:27,119
DA:29,119
DA:31,595
DA:33,595
LF:15
LH:11
BRDA:6,0,0,1994
BRDA:7,1,0,1
BRDA:7,1,1,1993
BRDA:8,2,0,0
BRDA:8,2,1,1993
BRDA:10,3,0,0
BRDA:10,3,1,1993
BRDA:10,4,0,1993
BRDA:10,4,1,1993
BRDA:14,5,0,0
BRDA:14,5,1,6
BRDA:18,6,0,0
BRDA:18,6,1,0
BRDA:18,7,0,0
BRDA:18,7,1,0
BRDA:18,7,2,0
BRDA:21,8,0,0
BRDA:21,8,1,0
BRDA:22,9,0,0
BRDA:22,9,1,0
BRDA:25,10,0,0
BRDA:27,11,0,0
BRDA:27,11,1,119
BRDA:29,12,0,0
BRDA:29,12,1,119
BRDA:29,13,0,119
BRDA:29,13,1,119
BRDA:31,14,0,0
BRDA:31,14,1,595
BRDA:33,15,0,0
BRDA:33,15,1,595
BRDA:33,16,0,595
BRDA:33,16,1,595
BRF:33
BRH:16
end_of_record
TN:
SF:logic/authenticate-user.js
FN:5,(anonymous_0)
FN:10,(anonymous_1)
FNF:2
FNH:2
FNDA:3,(anonymous_0)
FNDA:3,(anonymous_1)
DA:1,22
DA:2,22
DA:3,22
DA:5,22
DA:6,3
DA:7,3
DA:8,3
DA:10,3
DA:12,3
DA:18,3
DA:20,3
DA:22,3
DA:23,2
DA:26,1
DA:27,1
LF:15
LH:15
BRDA:22,0,0,2
BRDA:22,0,1,1
BRF:2
BRH:2
end_of_record
TN:
SF:logic/change-divisions.js
FN:6,(anonymous_0)
FN:12,(anonymous_1)
FNF:2
FNH:2
FNDA:10,(anonymous_0)
FNDA:8,(anonymous_1)
DA:1,22
DA:3,22
DA:4,22
DA:6,22
DA:7,10
DA:9,10
DA:10,9
DA:12,8
DA:14,8
DA:20,8
DA:22,8
DA:24,8
DA:26,8
LF:13
LH:13
BRDA:9,0,0,1
BRDA:9,0,1,9
BRDA:9,1,0,10
BRDA:9,1,1,2
BRDA:10,2,0,1
BRDA:10,2,1,8
BRDA:10,3,0,9
BRDA:10,3,1,4
BRDA:24,4,0,0
BRDA:24,4,1,8
BRF:10
BRH:9
end_of_record
TN:
SF:logic/context.js
FNF:0
FNH:0
DA:1,22
LF:1
LH:1
BRF:0
BRH:0
end_of_record
TN:
SF:logic/create-item-for-testing.js
FN:5,(anonymous_0)
FN:17,(anonymous_1)
FN:32,(anonymous_2)
FNF:3
FNH:3
FNDA:66,(anonymous_0)
FNDA:65,(anonymous_1)
FNDA:1,(anonymous_2)
DA:1,22
DA:2,22
DA:3,22
DA:5,22
DA:7,66
DA:8,66
DA:9,66
DA:10,66
DA:11,66
DA:12,66
DA:13,66
DA:14,65
DA:15,65
DA:17,65
DA:19,65
DA:25,65
DA:27,64
DA:30,1
DA:31,1
DA:33,1
DA:35,1
DA:38,0
LF:22
LH:21
BRDA:25,0,0,64
BRDA:25,0,1,1
BRDA:30,1,0,1
BRDA:30,1,1,0
BRF:4
BRH:3
end_of_record
TN:
SF:logic/create-land.js
FN:6,(anonymous_0)
FN:12,(anonymous_1)
FN:26,(anonymous_2)
FNF:3
FNH:3
FNDA:119,(anonymous_0)
FNDA:119,(anonymous_1)
FNDA:1,(anonymous_2)
DA:1,22
DA:3,22
DA:4,22
DA:6,22
DA:7,119
DA:8,119
DA:9,119
DA:10,119
DA:12,119
DA:14,119
DA:16,119
DA:22,119
DA:24,1
DA:25,1
DA:27,1
DA:29,1
DA:31,0
LF:17
LH:16
BRDA:10,0,0,119
BRDA:10,0,1,0
BRDA:22,1,0,118
BRDA:22,1,1,1
BRDA:24,2,0,1
BRDA:24,2,1,0
BRF:6
BRH:4
end_of_record
TN:
SF:logic/delete-land.js
FN:6,(anonymous_0)
FN:9,(anonymous_1)
FNF:2
FNH:2
FNDA:2,(anonymous_0)
FNDA:2,(anonymous_1)
DA:1,22
DA:3,22
DA:4,22
DA:6,22
DA:7,2
DA:9,2
DA:11,2
DA:13,2
DA:19,2
DA:20,1
DA:23,1
DA:25,1
DA:27,1
DA:29,1
DA:31,0
LF:15
LH:14
BRDA:19,0,0,1
BRDA:19,0,1,1
BRDA:23,1,0,1
BRDA:23,1,1,0
BRF:4
BRH:3
end_of_record
TN:
SF:logic/delete-veggie-from-land.js
FN:6,(anonymous_0)
FN:10,(anonymous_1)
FNF:2
FNH:2
FNDA:3,(anonymous_0)
FNDA:3,(anonymous_1)
DA:1,22
DA:3,22
DA:4,22
DA:6,22
DA:7,3
DA:8,3
DA:10,3
DA:11,3
DA:13,3
DA:19,3
DA:21,2
DA:23,2
DA:25,2
DA:27,2
DA:29,0
LF:15
LH:14
BRDA:19,0,0,1
BRDA:19,0,1,2
BRDA:21,1,0,2
BRDA:21,1,1,0
BRF:4
BRH:3
end_of_record
TN:
SF:logic/index.js
FN:62,(anonymous_0)
FNF:1
FNH:1
FNDA:132,(anonymous_0)
DA:59,22
DA:61,22
DA:62,132
LF:3
LH:3
BRF:0
BRH:0
end_of_record
TN:
SF:logic/plant-in-land.js
FN:7,(anonymous_0)
FN:11,(anonymous_1)
FNF:2
FNH:2
FNDA:2,(anonymous_0)
FNDA:2,(anonymous_1)
DA:1,22
DA:3,22
DA:4,22
DA:7,22
DA:9,2
DA:11,2
DA:12,2
DA:14,2
DA:20,2
DA:22,2
DA:24,2
DA:26,1
LF:12
LH:12
BRDA:24,0,0,1
BRDA:24,0,1,1
BRF:2
BRH:2
end_of_record
TN:
SF:logic/register-user.js
FN:5,(anonymous_0)
FN:12,(anonymous_1)
FN:24,(anonymous_2)
FNF:3
FNH:3
FNDA:3,(anonymous_0)
FNDA:3,(anonymous_1)
FNDA:1,(anonymous_2)
DA:1,22
DA:2,22
DA:3,22
DA:5,22
DA:6,3
DA:7,3
DA:8,3
DA:9,3
DA:10,3
DA:12,3
DA:14,3
DA:20,3
DA:22,1
DA:23,1
DA:25,1
DA:27,1
DA:30,0
LF:17
LH:16
BRDA:20,0,0,2
BRDA:20,0,1,1
BRDA:22,1,0,1
BRDA:22,1,1,0
BRF:4
BRH:3
end_of_record
TN:
SF:logic/retrieve-all.js
FN:4,(anonymous_0)
FNF:1
FNH:1
FNDA:1,(anonymous_0)
DA:1,22
DA:2,22
DA:4,22
DA:6,1
DA:11,1
DA:13,1
DA:15,1
DA:17,1
DA:19,1
LF:9
LH:9
BRDA:15,0,0,0
BRDA:15,0,1,1
BRDA:17,1,0,0
BRDA:17,1,1,1
BRF:4
BRH:2
end_of_record
TN:
SF:logic/retrieve-item-for-user.js
FN:5,(anonymous_0)
FNF:1
FNH:1
FNDA:26,(anonymous_0)
DA:1,22
DA:2,22
DA:3,22
DA:5,22
DA:6,26
DA:8,26
DA:10,26
DA:15,26
DA:17,26
DA:19,26
DA:21,26
DA:23,26
DA:25,26
LF:13
LH:13
BRDA:21,0,0,0
BRDA:21,0,1,26
BRDA:23,1,0,0
BRDA:23,1,1,26
BRF:4
BRH:2
end_of_record
TN:
SF:logic/retrieve-item.js
FN:5,(anonymous_0)
FNF:1
FNH:1
FNDA:2,(anonymous_0)
DA:1,22
DA:2,22
DA:3,22
DA:5,22
DA:6,2
DA:8,2
DA:13,2
DA:17,2
DA:19,2
DA:21,1
LF:10
LH:10
BRDA:19,0,0,1
BRDA:19,0,1,1
BRF:2
BRH:2
end_of_record
TN:
SF:logic/retrieve-land.js
FN:5,(anonymous_0)
FNF:1
FNH:1
FNDA:11,(anonymous_0)
DA:1,22
DA:2,22
DA:3,22
DA:5,22
DA:6,11
DA:8,11
DA:10,11
DA:15,11
DA:17,11
DA:19,11
DA:21,10
DA:23,10
LF:12
LH:12
BRDA:19,0,0,1
BRDA:19,0,1,10
BRDA:21,1,0,0
BRDA:21,1,1,10
BRF:4
BRH:3
end_of_record
TN:
SF:logic/retrieve-user-lands.js
FN:5,(anonymous_0)
FNF:1
FNH:1
FNDA:3,(anonymous_0)
DA:1,22
DA:2,22
DA:3,22
DA:5,22
DA:7,3
DA:9,3
DA:14,3
DA:20,3
DA:22,3
DA:26,2
LF:10
LH:10
BRDA:22,0,0,1
BRDA:22,0,1,2
BRF:2
BRH:2
end_of_record
TN:
SF:logic/retrieve-user-plantations.js
FN:5,(anonymous_0)
FN:7,(anonymous_1)
FNF:2
FNH:2
FNDA:3,(anonymous_0)
FNDA:3,(anonymous_1)
DA:1,22
DA:2,22
DA:3,22
DA:5,22
DA:7,3
DA:9,3
DA:11,3
DA:16,3
DA:18,3
DA:20,3
DA:22,2
DA:24,1
LF:12
LH:12
BRDA:20,0,0,1
BRDA:20,0,1,2
BRDA:22,1,0,1
BRDA:22,1,1,1
BRF:4
BRH:4
end_of_record
TN:
SF:logic/retrieve-user-veggies.js
FN:5,(anonymous_0)
FNF:1
FNH:1
FNDA:4,(anonymous_0)
DA:1,22
DA:2,22
DA:3,22
DA:5,22
DA:7,4
DA:9,4
DA:13,4
DA:15,4
DA:17,4
DA:19,3
DA:21,3
LF:11
LH:11
BRDA:17,0,0,1
BRDA:17,0,1,3
BRDA:19,1,0,0
BRDA:19,1,1,3
BRF:4
BRH:3
end_of_record
TN:
SF:logic/retrieve-user.js
FN:5,retrieveUser
FN:7,(anonymous_1)
FNF:2
FNH:2
FNDA:3,retrieveUser
FNDA:3,(anonymous_1)
DA:2,22
DA:3,22
DA:5,22
DA:7,3
DA:9,3
DA:11,3
DA:16,3
DA:17,3
DA:19,3
DA:21,3
DA:23,3
LF:11
LH:11
BRDA:19,0,0,0
BRDA:19,0,1,3
BRF:2
BRH:1
end_of_record
TN:
SF:logic/search-items.js
FN:5,(anonymous_0)
FNF:1
FNH:1
FNDA:3,(anonymous_0)
DA:1,22
DA:2,22
DA:3,22
DA:5,22
DA:6,3
DA:8,3
DA:13,3
DA:15,3
DA:17,3
DA:18,1
DA:21,2
LF:11
LH:11
BRDA:17,0,0,1
BRDA:17,0,1,2
BRF:2
BRH:2
end_of_record
TN:
SF:logic/search-suggested.js
FN:4,(anonymous_0)
FNF:1
FNH:1
FNDA:1,(anonymous_0)
DA:1,22
DA:2,22
DA:4,22
DA:6,1
DA:11,1
DA:13,1
DA:15,1
DA:16,0
DA:19,1
LF:9
LH:8
BRDA:15,0,0,0
BRDA:15,0,1,1
BRF:2
BRH:1
end_of_record
TN:
SF:logic/update-land-add-veggie.js
FN:6,(anonymous_0)
FN:10,(anonymous_1)
FNF:2
FNH:2
FNDA:348,(anonymous_0)
FNDA:348,(anonymous_1)
DA:1,22
DA:3,22
DA:4,22
DA:6,22
DA:7,348
DA:8,348
DA:10,348
DA:12,348
DA:14,348
DA:20,348
DA:22,346
DA:26,2
DA:28,2
LF:13
LH:13
BRDA:20,0,0,346
BRDA:20,0,1,2
BRF:2
BRH:2
end_of_record
TN:
SF:logic/update-land-harvest-veggie.js
FN:6,(anonymous_0)
FN:10,(anonymous_1)
FNF:2
FNH:2
FNDA:5,(anonymous_0)
FNDA:5,(anonymous_1)
DA:1,22
DA:3,22
DA:4,22
DA:6,22
DA:7,5
DA:8,5
DA:10,5
DA:12,5
DA:14,5
DA:20,5
DA:21,1
DA:25,4
DA:27,4
LF:13
LH:13
BRDA:20,0,0,1
BRDA:20,0,1,4
BRF:2
BRH:2
end_of_record
TN:
SF:logic/update-land-plant-veggie.js
FN:6,(anonymous_0)
FN:10,(anonymous_1)
FNF:2
FNH:2
FNDA:120,(anonymous_0)
FNDA:120,(anonymous_1)
DA:1,22
DA:3,22
DA:4,22
DA:6,22
DA:7,120
DA:8,120
DA:10,120
DA:12,120
DA:14,120
DA:20,120
DA:21,117
DA:25,3
DA:27,3
LF:13
LH:13
BRDA:20,0,0,117
BRDA:20,0,1,3
BRF:2
BRH:2
end_of_record
TN:
SF:logic/update-user.js
FN:7,(anonymous_0)
FN:9,(anonymous_1)
FN:16,(anonymous_2)
FNF:3
FNH:3
FNDA:5,(anonymous_0)
FNDA:19,(anonymous_1)
FNDA:5,(anonymous_2)
DA:1,22
DA:3,22
DA:4,22
DA:7,22
DA:9,5
DA:10,19
DA:13,5
DA:16,5
DA:18,5
DA:20,5
DA:26,5
DA:28,2
DA:30,2
DA:32,2
LF:14
LH:14
BRDA:13,0,0,0
BRDA:13,0,1,5
BRDA:26,1,0,3
BRDA:26,1,1,2
BRDA:32,2,0,2
BRDA:32,2,1,0
BRF:6
BRH:4
end_of_record
