{"/Users/So/bootcamp/collab/skylab-bootcamp-202001/staff/sofia-costa/hoort/hoort-api/logic/authenticate-user.js":{"path":"/Users/So/bootcamp/collab/skylab-bootcamp-202001/staff/sofia-costa/hoort/hoort-api/logic/authenticate-user.js","statementMap":{"0":{"start":{"line":1,"column":21},"end":{"line":1,"column":43}},"1":{"start":{"line":2,"column":29},"end":{"line":2,"column":50}},"2":{"start":{"line":3,"column":28},"end":{"line":3,"column":57}},"3":{"start":{"line":4,"column":15},"end":{"line":4,"column":34}},"4":{"start":{"line":6,"column":0},"end":{"line":27,"column":1}},"5":{"start":{"line":8,"column":4},"end":{"line":8,"column":35}},"6":{"start":{"line":9,"column":4},"end":{"line":9,"column":25}},"7":{"start":{"line":10,"column":4},"end":{"line":10,"column":41}},"8":{"start":{"line":12,"column":4},"end":{"line":26,"column":10}},"9":{"start":{"line":14,"column":12},"end":{"line":14,"column":69}},"10":{"start":{"line":14,"column":23},"end":{"line":14,"column":69}},"11":{"start":{"line":16,"column":12},"end":{"line":25,"column":37}},"12":{"start":{"line":19,"column":20},"end":{"line":19,"column":86}},"13":{"start":{"line":19,"column":40},"end":{"line":19,"column":86}},"14":{"start":{"line":21,"column":20},"end":{"line":21,"column":49}},"15":{"start":{"line":23,"column":20},"end":{"line":23,"column":38}},"16":{"start":{"line":25,"column":34},"end":{"line":25,"column":36}}},"fnMap":{"0":{"name":"(anonymous_0)","decl":{"start":{"line":6,"column":17},"end":{"line":6,"column":18}},"loc":{"start":{"line":6,"column":38},"end":{"line":27,"column":1}},"line":6},"1":{"name":"(anonymous_1)","decl":{"start":{"line":13,"column":14},"end":{"line":13,"column":15}},"loc":{"start":{"line":13,"column":22},"end":{"line":26,"column":9}},"line":13},"2":{"name":"(anonymous_2)","decl":{"start":{"line":17,"column":22},"end":{"line":17,"column":23}},"loc":{"start":{"line":17,"column":39},"end":{"line":24,"column":17}},"line":17},"3":{"name":"(anonymous_3)","decl":{"start":{"line":25,"column":22},"end":{"line":25,"column":23}},"loc":{"start":{"line":25,"column":34},"end":{"line":25,"column":36}},"line":25}},"branchMap":{"0":{"loc":{"start":{"line":14,"column":12},"end":{"line":14,"column":69}},"type":"if","locations":[{"start":{"line":14,"column":12},"end":{"line":14,"column":69}},{"start":{"line":14,"column":12},"end":{"line":14,"column":69}}],"line":14},"1":{"loc":{"start":{"line":19,"column":20},"end":{"line":19,"column":86}},"type":"if","locations":[{"start":{"line":19,"column":20},"end":{"line":19,"column":86}},{"start":{"line":19,"column":20},"end":{"line":19,"column":86}}],"line":19}},"s":{"0":1,"1":1,"2":1,"3":1,"4":1,"5":9,"6":6,"7":6,"8":3,"9":3,"10":1,"11":2,"12":2,"13":1,"14":1,"15":1,"16":1},"f":{"0":9,"1":3,"2":2,"3":1},"b":{"0":[1,2],"1":[1,1]},"_coverageSchema":"1a1c01bbd47fc00a2c39e90264f33305004495a9","hash":"42ac8acb4488311c7682b9ef61f1c1b2299a01a1","contentHash":"5ff58dfd8c43d4ccfc19caaf555ace92489750aa26d5fa6ec0c97c5a200b370b"},"/Users/So/bootcamp/collab/skylab-bootcamp-202001/staff/sofia-costa/hoort/hoort-api/logic/authenticate-user.spec.js":{"path":"/Users/So/bootcamp/collab/skylab-bootcamp-202001/staff/sofia-costa/hoort/hoort-api/logic/authenticate-user.spec.js","statementMap":{"0":{"start":{"line":1,"column":0},"end":{"line":1,"column":26}},"1":{"start":{"line":3,"column":38},"end":{"line":3,"column":45}},"2":{"start":{"line":4,"column":21},"end":{"line":4,"column":42}},"3":{"start":{"line":5,"column":19},"end":{"line":5,"column":34}},"4":{"start":{"line":6,"column":19},"end":{"line":6,"column":23}},"5":{"start":{"line":7,"column":25},"end":{"line":7,"column":55}},"6":{"start":{"line":8,"column":29},"end":{"line":8,"column":50}},"7":{"start":{"line":9,"column":28},"end":{"line":9,"column":51}},"8":{"start":{"line":10,"column":15},"end":{"line":10,"column":34}},"9":{"start":{"line":12,"column":0},"end":{"line":107,"column":2}},"10":{"start":{"line":14,"column":4},"end":{"line":16,"column":6}},"11":{"start":{"line":15,"column":8},"end":{"line":15,"column":95}},"12":{"start":{"line":20,"column":4},"end":{"line":25,"column":6}},"13":{"start":{"line":21,"column":8},"end":{"line":21,"column":33}},"14":{"start":{"line":22,"column":8},"end":{"line":22,"column":41}},"15":{"start":{"line":23,"column":8},"end":{"line":23,"column":38}},"16":{"start":{"line":24,"column":8},"end":{"line":24,"column":41}},"17":{"start":{"line":27,"column":4},"end":{"line":57,"column":6}},"18":{"start":{"line":31,"column":8},"end":{"line":37,"column":9}},"19":{"start":{"line":32,"column":12},"end":{"line":36,"column":44}},"20":{"start":{"line":34,"column":20},"end":{"line":34,"column":68}},"21":{"start":{"line":36,"column":30},"end":{"line":36,"column":43}},"22":{"start":{"line":39,"column":8},"end":{"line":46,"column":9}},"23":{"start":{"line":40,"column":12},"end":{"line":45,"column":18}},"24":{"start":{"line":42,"column":20},"end":{"line":42,"column":48}},"25":{"start":{"line":43,"column":20},"end":{"line":43,"column":58}},"26":{"start":{"line":44,"column":20},"end":{"line":44,"column":44}},"27":{"start":{"line":48,"column":8},"end":{"line":52,"column":10}},"28":{"start":{"line":49,"column":12},"end":{"line":51,"column":91}},"29":{"start":{"line":50,"column":30},"end":{"line":50,"column":76}},"30":{"start":{"line":51,"column":32},"end":{"line":51,"column":90}},"31":{"start":{"line":54,"column":8},"end":{"line":56,"column":10}},"32":{"start":{"line":55,"column":12},"end":{"line":55,"column":40}},"33":{"start":{"line":59,"column":4},"end":{"line":67,"column":6}},"34":{"start":{"line":61,"column":8},"end":{"line":61,"column":32}},"35":{"start":{"line":63,"column":8},"end":{"line":65,"column":77}},"36":{"start":{"line":64,"column":26},"end":{"line":64,"column":72}},"37":{"start":{"line":65,"column":28},"end":{"line":65,"column":76}},"38":{"start":{"line":69,"column":4},"end":{"line":84,"column":6}},"39":{"start":{"line":70,"column":8},"end":{"line":70,"column":17}},"40":{"start":{"line":71,"column":8},"end":{"line":73,"column":63}},"41":{"start":{"line":72,"column":12},"end":{"line":72,"column":45}},"42":{"start":{"line":75,"column":8},"end":{"line":75,"column":20}},"43":{"start":{"line":76,"column":8},"end":{"line":78,"column":63}},"44":{"start":{"line":77,"column":12},"end":{"line":77,"column":45}},"45":{"start":{"line":80,"column":8},"end":{"line":80,"column":25}},"46":{"start":{"line":81,"column":8},"end":{"line":83,"column":63}},"47":{"start":{"line":82,"column":12},"end":{"line":82,"column":45}},"48":{"start":{"line":86,"column":4},"end":{"line":102,"column":6}},"49":{"start":{"line":87,"column":8},"end":{"line":87,"column":38}},"50":{"start":{"line":88,"column":8},"end":{"line":88,"column":20}},"51":{"start":{"line":89,"column":8},"end":{"line":91,"column":69}},"52":{"start":{"line":90,"column":12},"end":{"line":90,"column":45}},"53":{"start":{"line":93,"column":8},"end":{"line":93,"column":23}},"54":{"start":{"line":94,"column":8},"end":{"line":96,"column":69}},"55":{"start":{"line":95,"column":12},"end":{"line":95,"column":45}},"56":{"start":{"line":98,"column":8},"end":{"line":98,"column":28}},"57":{"start":{"line":99,"column":8},"end":{"line":101,"column":69}},"58":{"start":{"line":100,"column":12},"end":{"line":100,"column":45}},"59":{"start":{"line":104,"column":4},"end":{"line":106,"column":5}},"60":{"start":{"line":105,"column":8},"end":{"line":105,"column":29}}},"fnMap":{"0":{"name":"(anonymous_0)","decl":{"start":{"line":12,"column":29},"end":{"line":12,"column":30}},"loc":{"start":{"line":12,"column":35},"end":{"line":107,"column":1}},"line":12},"1":{"name":"(anonymous_1)","decl":{"start":{"line":14,"column":11},"end":{"line":14,"column":12}},"loc":{"start":{"line":14,"column":17},"end":{"line":16,"column":5}},"line":14},"2":{"name":"(anonymous_2)","decl":{"start":{"line":20,"column":15},"end":{"line":20,"column":16}},"loc":{"start":{"line":20,"column":21},"end":{"line":25,"column":5}},"line":20},"3":{"name":"(anonymous_3)","decl":{"start":{"line":27,"column":41},"end":{"line":27,"column":42}},"loc":{"start":{"line":27,"column":47},"end":{"line":57,"column":5}},"line":27},"4":{"name":"(anonymous_4)","decl":{"start":{"line":31,"column":19},"end":{"line":31,"column":20}},"loc":{"start":{"line":32,"column":12},"end":{"line":36,"column":44}},"line":32},"5":{"name":"(anonymous_5)","decl":{"start":{"line":33,"column":22},"end":{"line":33,"column":23}},"loc":{"start":{"line":34,"column":20},"end":{"line":34,"column":68}},"line":34},"6":{"name":"(anonymous_6)","decl":{"start":{"line":36,"column":22},"end":{"line":36,"column":23}},"loc":{"start":{"line":36,"column":30},"end":{"line":36,"column":43}},"line":36},"7":{"name":"(anonymous_7)","decl":{"start":{"line":39,"column":52},"end":{"line":39,"column":53}},"loc":{"start":{"line":40,"column":12},"end":{"line":45,"column":18}},"line":40},"8":{"name":"(anonymous_8)","decl":{"start":{"line":41,"column":22},"end":{"line":41,"column":23}},"loc":{"start":{"line":41,"column":28},"end":{"line":45,"column":17}},"line":41},"9":{"name":"(anonymous_9)","decl":{"start":{"line":48,"column":48},"end":{"line":48,"column":49}},"loc":{"start":{"line":48,"column":54},"end":{"line":52,"column":9}},"line":48},"10":{"name":"(anonymous_10)","decl":{"start":{"line":50,"column":22},"end":{"line":50,"column":23}},"loc":{"start":{"line":50,"column":28},"end":{"line":50,"column":78}},"line":50},"11":{"name":"(anonymous_11)","decl":{"start":{"line":51,"column":23},"end":{"line":51,"column":24}},"loc":{"start":{"line":51,"column":32},"end":{"line":51,"column":90}},"line":51},"12":{"name":"(anonymous_12)","decl":{"start":{"line":54,"column":18},"end":{"line":54,"column":19}},"loc":{"start":{"line":54,"column":24},"end":{"line":56,"column":9}},"line":54},"13":{"name":"(anonymous_13)","decl":{"start":{"line":59,"column":47},"end":{"line":59,"column":48}},"loc":{"start":{"line":59,"column":53},"end":{"line":67,"column":5}},"line":59},"14":{"name":"(anonymous_14)","decl":{"start":{"line":64,"column":18},"end":{"line":64,"column":19}},"loc":{"start":{"line":64,"column":24},"end":{"line":64,"column":74}},"line":64},"15":{"name":"(anonymous_15)","decl":{"start":{"line":65,"column":19},"end":{"line":65,"column":20}},"loc":{"start":{"line":65,"column":28},"end":{"line":65,"column":76}},"line":65},"16":{"name":"(anonymous_16)","decl":{"start":{"line":69,"column":42},"end":{"line":69,"column":43}},"loc":{"start":{"line":69,"column":48},"end":{"line":84,"column":5}},"line":69},"17":{"name":"(anonymous_17)","decl":{"start":{"line":71,"column":15},"end":{"line":71,"column":16}},"loc":{"start":{"line":72,"column":12},"end":{"line":72,"column":45}},"line":72},"18":{"name":"(anonymous_18)","decl":{"start":{"line":76,"column":15},"end":{"line":76,"column":16}},"loc":{"start":{"line":77,"column":12},"end":{"line":77,"column":45}},"line":77},"19":{"name":"(anonymous_19)","decl":{"start":{"line":81,"column":15},"end":{"line":81,"column":16}},"loc":{"start":{"line":82,"column":12},"end":{"line":82,"column":45}},"line":82},"20":{"name":"(anonymous_20)","decl":{"start":{"line":86,"column":45},"end":{"line":86,"column":46}},"loc":{"start":{"line":86,"column":51},"end":{"line":102,"column":5}},"line":86},"21":{"name":"(anonymous_21)","decl":{"start":{"line":89,"column":15},"end":{"line":89,"column":16}},"loc":{"start":{"line":90,"column":12},"end":{"line":90,"column":45}},"line":90},"22":{"name":"(anonymous_22)","decl":{"start":{"line":94,"column":15},"end":{"line":94,"column":16}},"loc":{"start":{"line":95,"column":12},"end":{"line":95,"column":45}},"line":95},"23":{"name":"(anonymous_23)","decl":{"start":{"line":99,"column":15},"end":{"line":99,"column":16}},"loc":{"start":{"line":100,"column":12},"end":{"line":100,"column":45}},"line":100},"24":{"name":"(anonymous_24)","decl":{"start":{"line":104,"column":10},"end":{"line":104,"column":11}},"loc":{"start":{"line":105,"column":8},"end":{"line":105,"column":29}},"line":105}},"branchMap":{},"s":{"0":1,"1":1,"2":1,"3":1,"4":1,"5":1,"6":1,"7":1,"8":1,"9":1,"10":1,"11":1,"12":1,"13":5,"14":5,"15":5,"16":5,"17":1,"18":1,"19":2,"20":2,"21":2,"22":1,"23":1,"24":1,"25":1,"26":1,"27":1,"28":1,"29":0,"30":1,"31":1,"32":2,"33":1,"34":1,"35":1,"36":0,"37":1,"38":1,"39":1,"40":1,"41":1,"42":1,"43":1,"44":1,"45":1,"46":1,"47":1,"48":1,"49":1,"50":1,"51":1,"52":1,"53":1,"54":1,"55":1,"56":1,"57":1,"58":1,"59":1,"60":1},"f":{"0":1,"1":1,"2":5,"3":1,"4":2,"5":2,"6":2,"7":1,"8":1,"9":1,"10":0,"11":1,"12":2,"13":1,"14":0,"15":1,"16":1,"17":1,"18":1,"19":1,"20":1,"21":1,"22":1,"23":1,"24":1},"b":{},"_coverageSchema":"1a1c01bbd47fc00a2c39e90264f33305004495a9","hash":"ec38b70638a428254993aed18625888f9f15cc76","contentHash":"6c0a339e8e987b708781fdf288e90156410c22501dc1619a81e9b5cb17eff76d"},"/Users/So/bootcamp/collab/skylab-bootcamp-202001/staff/sofia-costa/hoort/hoort-api/logic/create-item.js":{"path":"/Users/So/bootcamp/collab/skylab-bootcamp-202001/staff/sofia-costa/hoort/hoort-api/logic/create-item.js","statementMap":{"0":{"start":{"line":1,"column":21},"end":{"line":1,"column":43}},"1":{"start":{"line":2,"column":35},"end":{"line":2,"column":56}},"2":{"start":{"line":3,"column":28},"end":{"line":3,"column":57}},"3":{"start":{"line":6,"column":0},"end":{"line":33,"column":1}},"4":{"start":{"line":8,"column":4},"end":{"line":8,"column":39}},"5":{"start":{"line":9,"column":4},"end":{"line":9,"column":33}},"6":{"start":{"line":10,"column":4},"end":{"line":10,"column":33}},"7":{"start":{"line":11,"column":4},"end":{"line":11,"column":39}},"8":{"start":{"line":12,"column":4},"end":{"line":12,"column":37}},"9":{"start":{"line":13,"column":4},"end":{"line":13,"column":53}},"10":{"start":{"line":14,"column":4},"end":{"line":14,"column":33}},"11":{"start":{"line":15,"column":4},"end":{"line":15,"column":47}},"12":{"start":{"line":16,"column":4},"end":{"line":16,"column":45}},"13":{"start":{"line":17,"column":4},"end":{"line":17,"column":47}},"14":{"start":{"line":18,"column":4},"end":{"line":18,"column":55}},"15":{"start":{"line":23,"column":4},"end":{"line":32,"column":24}},"16":{"start":{"line":25,"column":12},"end":{"line":30,"column":13}},"17":{"start":{"line":25,"column":22},"end":{"line":25,"column":88}},"18":{"start":{"line":28,"column":16},"end":{"line":28,"column":152}},"19":{"start":{"line":29,"column":16},"end":{"line":29,"column":34}}},"fnMap":{"0":{"name":"(anonymous_0)","decl":{"start":{"line":6,"column":17},"end":{"line":6,"column":18}},"loc":{"start":{"line":6,"column":138},"end":{"line":33,"column":1}},"line":6},"1":{"name":"(anonymous_1)","decl":{"start":{"line":24,"column":14},"end":{"line":24,"column":15}},"loc":{"start":{"line":24,"column":22},"end":{"line":31,"column":9}},"line":24},"2":{"name":"(anonymous_2)","decl":{"start":{"line":32,"column":14},"end":{"line":32,"column":15}},"loc":{"start":{"line":32,"column":20},"end":{"line":32,"column":23}},"line":32}},"branchMap":{"0":{"loc":{"start":{"line":25,"column":12},"end":{"line":30,"column":13}},"type":"if","locations":[{"start":{"line":25,"column":12},"end":{"line":30,"column":13}},{"start":{"line":25,"column":12},"end":{"line":30,"column":13}}],"line":25}},"s":{"0":1,"1":1,"2":1,"3":1,"4":36,"5":36,"6":36,"7":36,"8":36,"9":36,"10":36,"11":36,"12":35,"13":35,"14":35,"15":35,"16":35,"17":1,"18":34,"19":34},"f":{"0":36,"1":35,"2":34},"b":{"0":[1,34]},"_coverageSchema":"1a1c01bbd47fc00a2c39e90264f33305004495a9","hash":"d8fba23e2aa61865e4e7ab592677389bed691596","contentHash":"150940ccc49c2e668018d59499972ed1d63d6601b9ba0d855ee8b525d80d7dc7"},"/Users/So/bootcamp/collab/skylab-bootcamp-202001/staff/sofia-costa/hoort/hoort-api/logic/create-item.spec.js":{"path":"/Users/So/bootcamp/collab/skylab-bootcamp-202001/staff/sofia-costa/hoort/hoort-api/logic/create-item.spec.js","statementMap":{"0":{"start":{"line":1,"column":0},"end":{"line":1,"column":26}},"1":{"start":{"line":3,"column":38},"end":{"line":3,"column":45}},"2":{"start":{"line":4,"column":29},"end":{"line":4,"column":50}},"3":{"start":{"line":6,"column":19},"end":{"line":6,"column":34}},"4":{"start":{"line":7,"column":19},"end":{"line":7,"column":23}},"5":{"start":{"line":8,"column":19},"end":{"line":8,"column":43}},"6":{"start":{"line":9,"column":21},"end":{"line":9,"column":42}},"7":{"start":{"line":11,"column":0},"end":{"line":71,"column":2}},"8":{"start":{"line":12,"column":4},"end":{"line":12,"column":105}},"9":{"start":{"line":12,"column":17},"end":{"line":12,"column":104}},"10":{"start":{"line":16,"column":4},"end":{"line":28,"column":6}},"11":{"start":{"line":17,"column":8},"end":{"line":17,"column":39}},"12":{"start":{"line":18,"column":8},"end":{"line":18,"column":33}},"13":{"start":{"line":19,"column":8},"end":{"line":19,"column":33}},"14":{"start":{"line":20,"column":8},"end":{"line":20,"column":39}},"15":{"start":{"line":21,"column":8},"end":{"line":21,"column":46}},"16":{"start":{"line":22,"column":8},"end":{"line":22,"column":53}},"17":{"start":{"line":23,"column":8},"end":{"line":23,"column":33}},"18":{"start":{"line":24,"column":8},"end":{"line":24,"column":47}},"19":{"start":{"line":25,"column":8},"end":{"line":25,"column":45}},"20":{"start":{"line":26,"column":8},"end":{"line":26,"column":33}},"21":{"start":{"line":27,"column":8},"end":{"line":27,"column":55}},"22":{"start":{"line":30,"column":4},"end":{"line":47,"column":6}},"23":{"start":{"line":32,"column":8},"end":{"line":46,"column":14}},"24":{"start":{"line":33,"column":24},"end":{"line":33,"column":46}},"25":{"start":{"line":35,"column":16},"end":{"line":35,"column":37}},"26":{"start":{"line":36,"column":16},"end":{"line":36,"column":28}},"27":{"start":{"line":37,"column":16},"end":{"line":37,"column":48}},"28":{"start":{"line":38,"column":16},"end":{"line":38,"column":48}},"29":{"start":{"line":39,"column":16},"end":{"line":39,"column":54}},"30":{"start":{"line":40,"column":16},"end":{"line":40,"column":52}},"31":{"start":{"line":41,"column":16},"end":{"line":41,"column":48}},"32":{"start":{"line":42,"column":16},"end":{"line":42,"column":62}},"33":{"start":{"line":43,"column":16},"end":{"line":43,"column":60}},"34":{"start":{"line":44,"column":16},"end":{"line":44,"column":71}},"35":{"start":{"line":45,"column":16},"end":{"line":45,"column":70}},"36":{"start":{"line":49,"column":4},"end":{"line":53,"column":6}},"37":{"start":{"line":50,"column":8},"end":{"line":52,"column":71}},"38":{"start":{"line":51,"column":12},"end":{"line":51,"column":94}},"39":{"start":{"line":55,"column":4},"end":{"line":64,"column":6}},"40":{"start":{"line":57,"column":8},"end":{"line":63,"column":14}},"41":{"start":{"line":58,"column":24},"end":{"line":58,"column":151}},"42":{"start":{"line":59,"column":26},"end":{"line":59,"column":72}},"43":{"start":{"line":61,"column":16},"end":{"line":61,"column":38}},"44":{"start":{"line":62,"column":16},"end":{"line":62,"column":85}},"45":{"start":{"line":66,"column":4},"end":{"line":68,"column":6}},"46":{"start":{"line":67,"column":8},"end":{"line":67,"column":38}},"47":{"start":{"line":70,"column":4},"end":{"line":70,"column":38}},"48":{"start":{"line":70,"column":16},"end":{"line":70,"column":37}}},"fnMap":{"0":{"name":"(anonymous_0)","decl":{"start":{"line":11,"column":23},"end":{"line":11,"column":24}},"loc":{"start":{"line":11,"column":29},"end":{"line":71,"column":1}},"line":11},"1":{"name":"(anonymous_1)","decl":{"start":{"line":12,"column":11},"end":{"line":12,"column":12}},"loc":{"start":{"line":12,"column":17},"end":{"line":12,"column":104}},"line":12},"2":{"name":"(anonymous_2)","decl":{"start":{"line":16,"column":15},"end":{"line":16,"column":16}},"loc":{"start":{"line":16,"column":21},"end":{"line":28,"column":5}},"line":16},"3":{"name":"(anonymous_3)","decl":{"start":{"line":30,"column":39},"end":{"line":30,"column":40}},"loc":{"start":{"line":30,"column":45},"end":{"line":47,"column":5}},"line":30},"4":{"name":"(anonymous_4)","decl":{"start":{"line":33,"column":18},"end":{"line":33,"column":19}},"loc":{"start":{"line":33,"column":24},"end":{"line":33,"column":46}},"line":33},"5":{"name":"(anonymous_5)","decl":{"start":{"line":34,"column":18},"end":{"line":34,"column":19}},"loc":{"start":{"line":34,"column":26},"end":{"line":46,"column":13}},"line":34},"6":{"name":"(anonymous_6)","decl":{"start":{"line":49,"column":48},"end":{"line":49,"column":49}},"loc":{"start":{"line":49,"column":54},"end":{"line":53,"column":5}},"line":49},"7":{"name":"(anonymous_7)","decl":{"start":{"line":50,"column":15},"end":{"line":50,"column":16}},"loc":{"start":{"line":50,"column":21},"end":{"line":52,"column":9}},"line":50},"8":{"name":"(anonymous_8)","decl":{"start":{"line":55,"column":39},"end":{"line":55,"column":40}},"loc":{"start":{"line":55,"column":45},"end":{"line":64,"column":5}},"line":55},"9":{"name":"(anonymous_9)","decl":{"start":{"line":58,"column":18},"end":{"line":58,"column":19}},"loc":{"start":{"line":58,"column":24},"end":{"line":58,"column":151}},"line":58},"10":{"name":"(anonymous_10)","decl":{"start":{"line":59,"column":18},"end":{"line":59,"column":19}},"loc":{"start":{"line":59,"column":24},"end":{"line":59,"column":74}},"line":59},"11":{"name":"(anonymous_11)","decl":{"start":{"line":60,"column":19},"end":{"line":60,"column":20}},"loc":{"start":{"line":60,"column":28},"end":{"line":63,"column":13}},"line":60},"12":{"name":"(anonymous_12)","decl":{"start":{"line":66,"column":14},"end":{"line":66,"column":15}},"loc":{"start":{"line":66,"column":20},"end":{"line":68,"column":5}},"line":66},"13":{"name":"(anonymous_13)","decl":{"start":{"line":70,"column":10},"end":{"line":70,"column":11}},"loc":{"start":{"line":70,"column":16},"end":{"line":70,"column":37}},"line":70}},"branchMap":{},"s":{"0":1,"1":1,"2":1,"3":1,"4":1,"5":1,"6":1,"7":1,"8":1,"9":1,"10":1,"11":3,"12":3,"13":3,"14":3,"15":3,"16":3,"17":3,"18":3,"19":3,"20":3,"21":3,"22":1,"23":1,"24":1,"25":1,"26":1,"27":1,"28":1,"29":1,"30":1,"31":1,"32":1,"33":1,"34":1,"35":1,"36":1,"37":1,"38":1,"39":1,"40":1,"41":1,"42":0,"43":1,"44":1,"45":1,"46":3,"47":1,"48":1},"f":{"0":1,"1":1,"2":3,"3":1,"4":1,"5":1,"6":1,"7":1,"8":1,"9":1,"10":0,"11":1,"12":3,"13":1},"b":{},"_coverageSchema":"1a1c01bbd47fc00a2c39e90264f33305004495a9","hash":"64cc94da7eb9900d958103448c2c5326fa858b41","contentHash":"c43c47534136c0ff0d03bd42d73cdedf30480a8b89b762eb5f0a1a62dc990831"},"/Users/So/bootcamp/collab/skylab-bootcamp-202001/staff/sofia-costa/hoort/hoort-api/logic/create-land.js":{"path":"/Users/So/bootcamp/collab/skylab-bootcamp-202001/staff/sofia-costa/hoort/hoort-api/logic/create-land.js","statementMap":{"0":{"start":{"line":1,"column":21},"end":{"line":1,"column":43}},"1":{"start":{"line":2,"column":35},"end":{"line":2,"column":56}},"2":{"start":{"line":3,"column":28},"end":{"line":3,"column":57}},"3":{"start":{"line":5,"column":0},"end":{"line":29,"column":1}},"4":{"start":{"line":7,"column":4},"end":{"line":7,"column":33}},"5":{"start":{"line":8,"column":4},"end":{"line":8,"column":37}},"6":{"start":{"line":9,"column":4},"end":{"line":9,"column":41}},"7":{"start":{"line":10,"column":4},"end":{"line":10,"column":41}},"8":{"start":{"line":11,"column":4},"end":{"line":11,"column":39}},"9":{"start":{"line":11,"column":16},"end":{"line":11,"column":39}},"10":{"start":{"line":13,"column":15},"end":{"line":13,"column":42}},"11":{"start":{"line":15,"column":21},"end":{"line":18,"column":7}},"12":{"start":{"line":16,"column":19},"end":{"line":16,"column":45}},"13":{"start":{"line":17,"column":8},"end":{"line":17,"column":24}},"14":{"start":{"line":20,"column":4},"end":{"line":20,"column":118}},"15":{"start":{"line":20,"column":35},"end":{"line":20,"column":118}},"16":{"start":{"line":22,"column":4},"end":{"line":22,"column":85}},"17":{"start":{"line":24,"column":22},"end":{"line":24,"column":40}},"18":{"start":{"line":26,"column":4},"end":{"line":26,"column":82}},"19":{"start":{"line":28,"column":4},"end":{"line":28,"column":10}}},"fnMap":{"0":{"name":"(anonymous_0)","decl":{"start":{"line":5,"column":17},"end":{"line":5,"column":18}},"loc":{"start":{"line":5,"column":69},"end":{"line":29,"column":1}},"line":5},"1":{"name":"(anonymous_1)","decl":{"start":{"line":15,"column":54},"end":{"line":15,"column":55}},"loc":{"start":{"line":15,"column":69},"end":{"line":18,"column":5}},"line":15}},"branchMap":{"0":{"loc":{"start":{"line":11,"column":4},"end":{"line":11,"column":39}},"type":"if","locations":[{"start":{"line":11,"column":4},"end":{"line":11,"column":39}},{"start":{"line":11,"column":4},"end":{"line":11,"column":39}}],"line":11},"1":{"loc":{"start":{"line":20,"column":4},"end":{"line":20,"column":118}},"type":"if","locations":[{"start":{"line":20,"column":4},"end":{"line":20,"column":118}},{"start":{"line":20,"column":4},"end":{"line":20,"column":118}}],"line":20}},"s":{"0":1,"1":1,"2":1,"3":1,"4":64,"5":64,"6":64,"7":64,"8":64,"9":56,"10":64,"11":64,"12":96,"13":96,"14":64,"15":1,"16":63,"17":63,"18":63,"19":63},"f":{"0":64,"1":96},"b":{"0":[56,8],"1":[1,63]},"_coverageSchema":"1a1c01bbd47fc00a2c39e90264f33305004495a9","hash":"ab7d0b53dc8363f1e9f34721ff015d76b182ec8b","contentHash":"f7ed463b336e1de693a40e42316b63c5848d44973008a18e57c04c4d73959530"},"/Users/So/bootcamp/collab/skylab-bootcamp-202001/staff/sofia-costa/hoort/hoort-api/logic/create-land.spec.js":{"path":"/Users/So/bootcamp/collab/skylab-bootcamp-202001/staff/sofia-costa/hoort/hoort-api/logic/create-land.spec.js","statementMap":{"0":{"start":{"line":1,"column":0},"end":{"line":1,"column":26}},"1":{"start":{"line":3,"column":38},"end":{"line":3,"column":45}},"2":{"start":{"line":4,"column":35},"end":{"line":4,"column":56}},"3":{"start":{"line":6,"column":19},"end":{"line":6,"column":34}},"4":{"start":{"line":7,"column":19},"end":{"line":7,"column":23}},"5":{"start":{"line":8,"column":19},"end":{"line":8,"column":43}},"6":{"start":{"line":9,"column":21},"end":{"line":9,"column":42}},"7":{"start":{"line":11,"column":0},"end":{"line":128,"column":2}},"8":{"start":{"line":12,"column":4},"end":{"line":12,"column":105}},"9":{"start":{"line":12,"column":17},"end":{"line":12,"column":104}},"10":{"start":{"line":16,"column":4},"end":{"line":46,"column":6}},"11":{"start":{"line":17,"column":8},"end":{"line":17,"column":41}},"12":{"start":{"line":18,"column":8},"end":{"line":18,"column":41}},"13":{"start":{"line":19,"column":8},"end":{"line":19,"column":44}},"14":{"start":{"line":20,"column":8},"end":{"line":20,"column":41}},"15":{"start":{"line":22,"column":8},"end":{"line":22,"column":33}},"16":{"start":{"line":23,"column":8},"end":{"line":23,"column":41}},"17":{"start":{"line":24,"column":8},"end":{"line":24,"column":41}},"18":{"start":{"line":26,"column":8},"end":{"line":26,"column":22}},"19":{"start":{"line":28,"column":8},"end":{"line":29,"column":49}},"20":{"start":{"line":28,"column":21},"end":{"line":28,"column":22}},"21":{"start":{"line":29,"column":12},"end":{"line":29,"column":49}},"22":{"start":{"line":31,"column":8},"end":{"line":31,"column":37}},"23":{"start":{"line":33,"column":8},"end":{"line":38,"column":9}},"24":{"start":{"line":34,"column":12},"end":{"line":37,"column":38}},"25":{"start":{"line":34,"column":27},"end":{"line":34,"column":70}},"26":{"start":{"line":34,"column":40},"end":{"line":34,"column":41}},"27":{"start":{"line":34,"column":55},"end":{"line":34,"column":70}},"28":{"start":{"line":36,"column":17},"end":{"line":37,"column":38}},"29":{"start":{"line":36,"column":30},"end":{"line":36,"column":31}},"30":{"start":{"line":37,"column":16},"end":{"line":37,"column":38}},"31":{"start":{"line":40,"column":8},"end":{"line":45,"column":28}},"32":{"start":{"line":42,"column":16},"end":{"line":42,"column":28}},"33":{"start":{"line":43,"column":16},"end":{"line":43,"column":33}},"34":{"start":{"line":48,"column":4},"end":{"line":66,"column":6}},"35":{"start":{"line":50,"column":8},"end":{"line":65,"column":14}},"36":{"start":{"line":51,"column":24},"end":{"line":51,"column":46}},"37":{"start":{"line":53,"column":16},"end":{"line":53,"column":37}},"38":{"start":{"line":54,"column":16},"end":{"line":54,"column":28}},"39":{"start":{"line":55,"column":16},"end":{"line":55,"column":48}},"40":{"start":{"line":56,"column":16},"end":{"line":56,"column":63}},"41":{"start":{"line":57,"column":16},"end":{"line":57,"column":56}},"42":{"start":{"line":58,"column":16},"end":{"line":58,"column":56}},"43":{"start":{"line":61,"column":24},"end":{"line":61,"column":51}},"44":{"start":{"line":63,"column":16},"end":{"line":63,"column":37}},"45":{"start":{"line":64,"column":16},"end":{"line":64,"column":49}},"46":{"start":{"line":68,"column":4},"end":{"line":75,"column":6}},"47":{"start":{"line":69,"column":8},"end":{"line":74,"column":14}},"48":{"start":{"line":70,"column":24},"end":{"line":70,"column":46}},"49":{"start":{"line":72,"column":16},"end":{"line":72,"column":28}},"50":{"start":{"line":73,"column":16},"end":{"line":73,"column":50}},"51":{"start":{"line":102,"column":4},"end":{"line":111,"column":6}},"52":{"start":{"line":104,"column":8},"end":{"line":110,"column":14}},"53":{"start":{"line":105,"column":24},"end":{"line":105,"column":68}},"54":{"start":{"line":106,"column":26},"end":{"line":106,"column":72}},"55":{"start":{"line":108,"column":16},"end":{"line":108,"column":38}},"56":{"start":{"line":109,"column":16},"end":{"line":109,"column":102}},"57":{"start":{"line":113,"column":4},"end":{"line":121,"column":6}},"58":{"start":{"line":114,"column":8},"end":{"line":114,"column":58}},"59":{"start":{"line":116,"column":19},"end":{"line":116,"column":54}},"60":{"start":{"line":118,"column":8},"end":{"line":118,"column":42}},"61":{"start":{"line":120,"column":8},"end":{"line":120,"column":58}},"62":{"start":{"line":123,"column":4},"end":{"line":125,"column":6}},"63":{"start":{"line":124,"column":8},"end":{"line":124,"column":38}},"64":{"start":{"line":127,"column":4},"end":{"line":127,"column":38}},"65":{"start":{"line":127,"column":16},"end":{"line":127,"column":37}}},"fnMap":{"0":{"name":"(anonymous_0)","decl":{"start":{"line":11,"column":23},"end":{"line":11,"column":24}},"loc":{"start":{"line":11,"column":29},"end":{"line":128,"column":1}},"line":11},"1":{"name":"(anonymous_1)","decl":{"start":{"line":12,"column":11},"end":{"line":12,"column":12}},"loc":{"start":{"line":12,"column":17},"end":{"line":12,"column":104}},"line":12},"2":{"name":"(anonymous_2)","decl":{"start":{"line":16,"column":15},"end":{"line":16,"column":16}},"loc":{"start":{"line":16,"column":21},"end":{"line":46,"column":5}},"line":16},"3":{"name":"(anonymous_3)","decl":{"start":{"line":41,"column":18},"end":{"line":41,"column":19}},"loc":{"start":{"line":41,"column":27},"end":{"line":44,"column":13}},"line":41},"4":{"name":"(anonymous_4)","decl":{"start":{"line":45,"column":18},"end":{"line":45,"column":19}},"loc":{"start":{"line":45,"column":24},"end":{"line":45,"column":27}},"line":45},"5":{"name":"(anonymous_5)","decl":{"start":{"line":48,"column":39},"end":{"line":48,"column":40}},"loc":{"start":{"line":48,"column":45},"end":{"line":66,"column":5}},"line":48},"6":{"name":"(anonymous_6)","decl":{"start":{"line":51,"column":18},"end":{"line":51,"column":19}},"loc":{"start":{"line":51,"column":24},"end":{"line":51,"column":46}},"line":51},"7":{"name":"(anonymous_7)","decl":{"start":{"line":52,"column":18},"end":{"line":52,"column":19}},"loc":{"start":{"line":52,"column":26},"end":{"line":60,"column":13}},"line":52},"8":{"name":"(anonymous_8)","decl":{"start":{"line":61,"column":18},"end":{"line":61,"column":19}},"loc":{"start":{"line":61,"column":24},"end":{"line":61,"column":51}},"line":61},"9":{"name":"(anonymous_9)","decl":{"start":{"line":62,"column":18},"end":{"line":62,"column":19}},"loc":{"start":{"line":62,"column":26},"end":{"line":65,"column":13}},"line":62},"10":{"name":"(anonymous_10)","decl":{"start":{"line":68,"column":48},"end":{"line":68,"column":49}},"loc":{"start":{"line":68,"column":54},"end":{"line":75,"column":5}},"line":68},"11":{"name":"(anonymous_11)","decl":{"start":{"line":70,"column":18},"end":{"line":70,"column":19}},"loc":{"start":{"line":70,"column":24},"end":{"line":70,"column":46}},"line":70},"12":{"name":"(anonymous_12)","decl":{"start":{"line":71,"column":18},"end":{"line":71,"column":19}},"loc":{"start":{"line":71,"column":26},"end":{"line":74,"column":13}},"line":71},"13":{"name":"(anonymous_13)","decl":{"start":{"line":102,"column":39},"end":{"line":102,"column":40}},"loc":{"start":{"line":102,"column":45},"end":{"line":111,"column":5}},"line":102},"14":{"name":"(anonymous_14)","decl":{"start":{"line":105,"column":18},"end":{"line":105,"column":19}},"loc":{"start":{"line":105,"column":24},"end":{"line":105,"column":68}},"line":105},"15":{"name":"(anonymous_15)","decl":{"start":{"line":106,"column":18},"end":{"line":106,"column":19}},"loc":{"start":{"line":106,"column":24},"end":{"line":106,"column":74}},"line":106},"16":{"name":"(anonymous_16)","decl":{"start":{"line":107,"column":19},"end":{"line":107,"column":20}},"loc":{"start":{"line":107,"column":28},"end":{"line":110,"column":13}},"line":107},"17":{"name":"(anonymous_17)","decl":{"start":{"line":113,"column":46},"end":{"line":113,"column":47}},"loc":{"start":{"line":113,"column":58},"end":{"line":121,"column":5}},"line":113},"18":{"name":"(anonymous_18)","decl":{"start":{"line":123,"column":14},"end":{"line":123,"column":15}},"loc":{"start":{"line":123,"column":20},"end":{"line":125,"column":5}},"line":123},"19":{"name":"(anonymous_19)","decl":{"start":{"line":127,"column":10},"end":{"line":127,"column":11}},"loc":{"start":{"line":127,"column":16},"end":{"line":127,"column":37}},"line":127}},"branchMap":{"0":{"loc":{"start":{"line":34,"column":12},"end":{"line":37,"column":38}},"type":"if","locations":[{"start":{"line":34,"column":12},"end":{"line":37,"column":38}},{"start":{"line":34,"column":12},"end":{"line":37,"column":38}}],"line":34}},"s":{"0":1,"1":1,"2":1,"3":1,"4":1,"5":1,"6":1,"7":1,"8":1,"9":1,"10":1,"11":4,"12":4,"13":4,"14":4,"15":4,"16":4,"17":4,"18":4,"19":4,"20":4,"21":40,"22":4,"23":4,"24":20,"25":0,"26":0,"27":0,"28":20,"29":20,"30":60,"31":4,"32":4,"33":4,"34":1,"35":1,"36":1,"37":1,"38":1,"39":1,"40":1,"41":1,"42":1,"43":1,"44":1,"45":1,"46":1,"47":1,"48":1,"49":1,"50":1,"51":1,"52":1,"53":1,"54":0,"55":1,"56":1,"57":1,"58":1,"59":1,"60":1,"61":1,"62":1,"63":4,"64":1,"65":1},"f":{"0":1,"1":1,"2":4,"3":4,"4":4,"5":1,"6":1,"7":1,"8":1,"9":1,"10":1,"11":1,"12":1,"13":1,"14":1,"15":0,"16":1,"17":1,"18":4,"19":1},"b":{"0":[0,20]},"_coverageSchema":"1a1c01bbd47fc00a2c39e90264f33305004495a9","hash":"07886112a6262c5a1ddd477be07e7feaa8001e89","contentHash":"ad1fb9d56c1c10a393bab43b750fd808f972bb6fda7f9563a3012ad75e616803"},"/Users/So/bootcamp/collab/skylab-bootcamp-202001/staff/sofia-costa/hoort/hoort-api/logic/delete-land.js":{"path":"/Users/So/bootcamp/collab/skylab-bootcamp-202001/staff/sofia-costa/hoort/hoort-api/logic/delete-land.js","statementMap":{"0":{"start":{"line":1,"column":21},"end":{"line":1,"column":43}},"1":{"start":{"line":2,"column":35},"end":{"line":2,"column":56}},"2":{"start":{"line":3,"column":28},"end":{"line":3,"column":57}},"3":{"start":{"line":4,"column":38},"end":{"line":4,"column":57}},"4":{"start":{"line":6,"column":0},"end":{"line":21,"column":1}},"5":{"start":{"line":8,"column":4},"end":{"line":8,"column":29}},"6":{"start":{"line":9,"column":4},"end":{"line":9,"column":37}},"7":{"start":{"line":11,"column":4},"end":{"line":20,"column":24}},"8":{"start":{"line":15,"column":12},"end":{"line":15,"column":113}},"9":{"start":{"line":15,"column":47},"end":{"line":15,"column":113}},"10":{"start":{"line":17,"column":12},"end":{"line":17,"column":49}},"11":{"start":{"line":19,"column":20},"end":{"line":19,"column":76}}},"fnMap":{"0":{"name":"(anonymous_0)","decl":{"start":{"line":6,"column":17},"end":{"line":6,"column":18}},"loc":{"start":{"line":6,"column":33},"end":{"line":21,"column":1}},"line":6},"1":{"name":"(anonymous_1)","decl":{"start":{"line":12,"column":14},"end":{"line":12,"column":15}},"loc":{"start":{"line":12,"column":22},"end":{"line":18,"column":9}},"line":12},"2":{"name":"(anonymous_2)","decl":{"start":{"line":19,"column":14},"end":{"line":19,"column":15}},"loc":{"start":{"line":19,"column":20},"end":{"line":19,"column":76}},"line":19},"3":{"name":"(anonymous_3)","decl":{"start":{"line":20,"column":14},"end":{"line":20,"column":15}},"loc":{"start":{"line":20,"column":20},"end":{"line":20,"column":23}},"line":20}},"branchMap":{"0":{"loc":{"start":{"line":15,"column":12},"end":{"line":15,"column":113}},"type":"if","locations":[{"start":{"line":15,"column":12},"end":{"line":15,"column":113}},{"start":{"line":15,"column":12},"end":{"line":15,"column":113}}],"line":15}},"s":{"0":1,"1":1,"2":1,"3":1,"4":1,"5":4,"6":3,"7":2,"8":2,"9":0,"10":2,"11":2},"f":{"0":4,"1":2,"2":2,"3":2},"b":{"0":[0,2]},"_coverageSchema":"1a1c01bbd47fc00a2c39e90264f33305004495a9","hash":"88989c7631a6ee39ddb514fc19ace361a59137fe","contentHash":"7502ef8efb54fdcbe0e0c7eea9e447f3ddea214b19f5e5cbb297247b28985a48"},"/Users/So/bootcamp/collab/skylab-bootcamp-202001/staff/sofia-costa/hoort/hoort-api/logic/delete-land.spec.js":{"path":"/Users/So/bootcamp/collab/skylab-bootcamp-202001/staff/sofia-costa/hoort/hoort-api/logic/delete-land.spec.js","statementMap":{"0":{"start":{"line":1,"column":0},"end":{"line":1,"column":26}},"1":{"start":{"line":3,"column":38},"end":{"line":3,"column":45}},"2":{"start":{"line":4,"column":35},"end":{"line":4,"column":47}},"3":{"start":{"line":5,"column":13},"end":{"line":5,"column":28}},"4":{"start":{"line":6,"column":19},"end":{"line":6,"column":23}},"5":{"start":{"line":7,"column":21},"end":{"line":7,"column":42}},"6":{"start":{"line":8,"column":35},"end":{"line":8,"column":56}},"7":{"start":{"line":9,"column":15},"end":{"line":9,"column":26}},"8":{"start":{"line":10,"column":43},"end":{"line":10,"column":66}},"9":{"start":{"line":11,"column":15},"end":{"line":11,"column":34}},"10":{"start":{"line":13,"column":0},"end":{"line":85,"column":2}},"11":{"start":{"line":15,"column":4},"end":{"line":17,"column":6}},"12":{"start":{"line":16,"column":8},"end":{"line":16,"column":95}},"13":{"start":{"line":21,"column":4},"end":{"line":51,"column":6}},"14":{"start":{"line":22,"column":8},"end":{"line":22,"column":41}},"15":{"start":{"line":23,"column":8},"end":{"line":23,"column":41}},"16":{"start":{"line":24,"column":8},"end":{"line":24,"column":44}},"17":{"start":{"line":25,"column":8},"end":{"line":25,"column":41}},"18":{"start":{"line":27,"column":8},"end":{"line":27,"column":33}},"19":{"start":{"line":28,"column":8},"end":{"line":28,"column":41}},"20":{"start":{"line":29,"column":8},"end":{"line":29,"column":41}},"21":{"start":{"line":31,"column":8},"end":{"line":31,"column":22}},"22":{"start":{"line":33,"column":8},"end":{"line":34,"column":49}},"23":{"start":{"line":33,"column":21},"end":{"line":33,"column":22}},"24":{"start":{"line":34,"column":12},"end":{"line":34,"column":49}},"25":{"start":{"line":36,"column":8},"end":{"line":36,"column":37}},"26":{"start":{"line":38,"column":8},"end":{"line":43,"column":9}},"27":{"start":{"line":39,"column":12},"end":{"line":42,"column":38}},"28":{"start":{"line":39,"column":27},"end":{"line":39,"column":70}},"29":{"start":{"line":39,"column":40},"end":{"line":39,"column":41}},"30":{"start":{"line":39,"column":55},"end":{"line":39,"column":70}},"31":{"start":{"line":41,"column":17},"end":{"line":42,"column":38}},"32":{"start":{"line":41,"column":30},"end":{"line":41,"column":31}},"33":{"start":{"line":42,"column":16},"end":{"line":42,"column":38}},"34":{"start":{"line":45,"column":8},"end":{"line":49,"column":43}},"35":{"start":{"line":46,"column":26},"end":{"line":46,"column":42}},"36":{"start":{"line":47,"column":24},"end":{"line":47,"column":68}},"37":{"start":{"line":48,"column":24},"end":{"line":48,"column":74}},"38":{"start":{"line":49,"column":26},"end":{"line":49,"column":42}},"39":{"start":{"line":53,"column":4},"end":{"line":58,"column":6}},"40":{"start":{"line":55,"column":8},"end":{"line":57,"column":50}},"41":{"start":{"line":56,"column":24},"end":{"line":56,"column":45}},"42":{"start":{"line":57,"column":26},"end":{"line":57,"column":49}},"43":{"start":{"line":60,"column":4},"end":{"line":64,"column":6}},"44":{"start":{"line":61,"column":8},"end":{"line":63,"column":68}},"45":{"start":{"line":62,"column":24},"end":{"line":62,"column":45}},"46":{"start":{"line":63,"column":26},"end":{"line":63,"column":67}},"47":{"start":{"line":66,"column":4},"end":{"line":69,"column":6}},"48":{"start":{"line":67,"column":8},"end":{"line":68,"column":53}},"49":{"start":{"line":67,"column":21},"end":{"line":67,"column":45}},"50":{"start":{"line":71,"column":4},"end":{"line":74,"column":6}},"51":{"start":{"line":72,"column":8},"end":{"line":73,"column":71}},"52":{"start":{"line":72,"column":21},"end":{"line":72,"column":51}},"53":{"start":{"line":76,"column":4},"end":{"line":79,"column":6}},"54":{"start":{"line":77,"column":8},"end":{"line":77,"column":38}},"55":{"start":{"line":78,"column":8},"end":{"line":78,"column":38}},"56":{"start":{"line":81,"column":4},"end":{"line":83,"column":6}},"57":{"start":{"line":82,"column":8},"end":{"line":82,"column":29}}},"fnMap":{"0":{"name":"(anonymous_0)","decl":{"start":{"line":13,"column":23},"end":{"line":13,"column":24}},"loc":{"start":{"line":13,"column":29},"end":{"line":85,"column":1}},"line":13},"1":{"name":"(anonymous_1)","decl":{"start":{"line":15,"column":11},"end":{"line":15,"column":12}},"loc":{"start":{"line":15,"column":17},"end":{"line":17,"column":5}},"line":15},"2":{"name":"(anonymous_2)","decl":{"start":{"line":21,"column":15},"end":{"line":21,"column":16}},"loc":{"start":{"line":21,"column":21},"end":{"line":51,"column":5}},"line":21},"3":{"name":"(anonymous_3)","decl":{"start":{"line":46,"column":18},"end":{"line":46,"column":19}},"loc":{"start":{"line":46,"column":26},"end":{"line":46,"column":42}},"line":46},"4":{"name":"(anonymous_4)","decl":{"start":{"line":47,"column":18},"end":{"line":47,"column":19}},"loc":{"start":{"line":47,"column":24},"end":{"line":47,"column":68}},"line":47},"5":{"name":"(anonymous_5)","decl":{"start":{"line":48,"column":18},"end":{"line":48,"column":19}},"loc":{"start":{"line":48,"column":24},"end":{"line":48,"column":74}},"line":48},"6":{"name":"(anonymous_6)","decl":{"start":{"line":49,"column":18},"end":{"line":49,"column":19}},"loc":{"start":{"line":49,"column":26},"end":{"line":49,"column":42}},"line":49},"7":{"name":"(anonymous_7)","decl":{"start":{"line":53,"column":39},"end":{"line":53,"column":40}},"loc":{"start":{"line":53,"column":45},"end":{"line":58,"column":5}},"line":53},"8":{"name":"(anonymous_8)","decl":{"start":{"line":56,"column":18},"end":{"line":56,"column":19}},"loc":{"start":{"line":56,"column":24},"end":{"line":56,"column":45}},"line":56},"9":{"name":"(anonymous_9)","decl":{"start":{"line":57,"column":18},"end":{"line":57,"column":19}},"loc":{"start":{"line":57,"column":26},"end":{"line":57,"column":49}},"line":57},"10":{"name":"(anonymous_10)","decl":{"start":{"line":60,"column":48},"end":{"line":60,"column":49}},"loc":{"start":{"line":60,"column":54},"end":{"line":64,"column":5}},"line":60},"11":{"name":"(anonymous_11)","decl":{"start":{"line":62,"column":18},"end":{"line":62,"column":19}},"loc":{"start":{"line":62,"column":24},"end":{"line":62,"column":45}},"line":62},"12":{"name":"(anonymous_12)","decl":{"start":{"line":63,"column":18},"end":{"line":63,"column":19}},"loc":{"start":{"line":63,"column":26},"end":{"line":63,"column":67}},"line":63},"13":{"name":"(anonymous_13)","decl":{"start":{"line":66,"column":48},"end":{"line":66,"column":49}},"loc":{"start":{"line":66,"column":54},"end":{"line":69,"column":5}},"line":66},"14":{"name":"(anonymous_14)","decl":{"start":{"line":67,"column":15},"end":{"line":67,"column":16}},"loc":{"start":{"line":67,"column":21},"end":{"line":67,"column":45}},"line":67},"15":{"name":"(anonymous_15)","decl":{"start":{"line":71,"column":48},"end":{"line":71,"column":49}},"loc":{"start":{"line":71,"column":54},"end":{"line":74,"column":5}},"line":71},"16":{"name":"(anonymous_16)","decl":{"start":{"line":72,"column":15},"end":{"line":72,"column":16}},"loc":{"start":{"line":72,"column":21},"end":{"line":72,"column":51}},"line":72},"17":{"name":"(anonymous_17)","decl":{"start":{"line":76,"column":14},"end":{"line":76,"column":15}},"loc":{"start":{"line":76,"column":20},"end":{"line":79,"column":5}},"line":76},"18":{"name":"(anonymous_18)","decl":{"start":{"line":81,"column":10},"end":{"line":81,"column":11}},"loc":{"start":{"line":81,"column":16},"end":{"line":83,"column":5}},"line":81}},"branchMap":{"0":{"loc":{"start":{"line":39,"column":12},"end":{"line":42,"column":38}},"type":"if","locations":[{"start":{"line":39,"column":12},"end":{"line":42,"column":38}},{"start":{"line":39,"column":12},"end":{"line":42,"column":38}}],"line":39}},"s":{"0":1,"1":1,"2":1,"3":1,"4":1,"5":1,"6":1,"7":1,"8":1,"9":1,"10":1,"11":1,"12":1,"13":1,"14":4,"15":4,"16":4,"17":4,"18":4,"19":4,"20":4,"21":4,"22":4,"23":4,"24":40,"25":4,"26":4,"27":20,"28":0,"29":0,"30":0,"31":20,"32":20,"33":60,"34":4,"35":4,"36":4,"37":4,"38":4,"39":1,"40":1,"41":1,"42":1,"43":1,"44":1,"45":1,"46":1,"47":1,"48":1,"49":1,"50":1,"51":1,"52":1,"53":1,"54":4,"55":4,"56":1,"57":1},"f":{"0":1,"1":1,"2":4,"3":4,"4":4,"5":4,"6":4,"7":1,"8":1,"9":1,"10":1,"11":1,"12":1,"13":1,"14":1,"15":1,"16":1,"17":4,"18":1},"b":{"0":[0,20]},"_coverageSchema":"1a1c01bbd47fc00a2c39e90264f33305004495a9","hash":"049b8916959867a18de54589c9279c2408a84891","contentHash":"3110952492adf926a0fd42facb1a9eb7467cf154507f9bc5a5dfb05dc271d788"},"/Users/So/bootcamp/collab/skylab-bootcamp-202001/staff/sofia-costa/hoort/hoort-api/logic/index.js":{"path":"/Users/So/bootcamp/collab/skylab-bootcamp-202001/staff/sofia-costa/hoort/hoort-api/logic/index.js","statementMap":{"0":{"start":{"line":1,"column":0},"end":{"line":28,"column":1}}},"fnMap":{},"branchMap":{},"s":{"0":1},"f":{},"b":{},"_coverageSchema":"1a1c01bbd47fc00a2c39e90264f33305004495a9","hash":"aa790cd331e36924f45d94f23fdf0d647afbccd9","contentHash":"174e06774110e17eb7a45b4c4df9f8fc9408fe9739191a8f3a6acde238cbecba"},"/Users/So/bootcamp/collab/skylab-bootcamp-202001/staff/sofia-costa/hoort/hoort-api/logic/register-user.js":{"path":"/Users/So/bootcamp/collab/skylab-bootcamp-202001/staff/sofia-costa/hoort/hoort-api/logic/register-user.js","statementMap":{"0":{"start":{"line":1,"column":21},"end":{"line":1,"column":43}},"1":{"start":{"line":2,"column":29},"end":{"line":2,"column":50}},"2":{"start":{"line":3,"column":28},"end":{"line":3,"column":57}},"3":{"start":{"line":4,"column":15},"end":{"line":4,"column":34}},"4":{"start":{"line":6,"column":0},"end":{"line":25,"column":1}},"5":{"start":{"line":8,"column":4},"end":{"line":8,"column":33}},"6":{"start":{"line":9,"column":4},"end":{"line":9,"column":41}},"7":{"start":{"line":10,"column":4},"end":{"line":10,"column":25}},"8":{"start":{"line":11,"column":4},"end":{"line":11,"column":41}},"9":{"start":{"line":13,"column":4},"end":{"line":24,"column":24}},"10":{"start":{"line":15,"column":12},"end":{"line":15,"column":90}},"11":{"start":{"line":15,"column":22},"end":{"line":15,"column":90}},"12":{"start":{"line":17,"column":12},"end":{"line":17,"column":44}},"13":{"start":{"line":20,"column":12},"end":{"line":20,"column":83}},"14":{"start":{"line":22,"column":12},"end":{"line":22,"column":30}}},"fnMap":{"0":{"name":"(anonymous_0)","decl":{"start":{"line":6,"column":17},"end":{"line":6,"column":18}},"loc":{"start":{"line":6,"column":54},"end":{"line":25,"column":1}},"line":6},"1":{"name":"(anonymous_1)","decl":{"start":{"line":14,"column":14},"end":{"line":14,"column":15}},"loc":{"start":{"line":14,"column":22},"end":{"line":18,"column":9}},"line":14},"2":{"name":"(anonymous_2)","decl":{"start":{"line":19,"column":14},"end":{"line":19,"column":15}},"loc":{"start":{"line":19,"column":26},"end":{"line":23,"column":9}},"line":19},"3":{"name":"(anonymous_3)","decl":{"start":{"line":24,"column":14},"end":{"line":24,"column":15}},"loc":{"start":{"line":24,"column":20},"end":{"line":24,"column":23}},"line":24}},"branchMap":{"0":{"loc":{"start":{"line":15,"column":12},"end":{"line":15,"column":90}},"type":"if","locations":[{"start":{"line":15,"column":12},"end":{"line":15,"column":90}},{"start":{"line":15,"column":12},"end":{"line":15,"column":90}}],"line":15}},"s":{"0":1,"1":1,"2":1,"3":1,"4":1,"5":1,"6":1,"7":1,"8":1,"9":1,"10":1,"11":0,"12":1,"13":1,"14":1},"f":{"0":1,"1":1,"2":1,"3":1},"b":{"0":[0,1]},"_coverageSchema":"1a1c01bbd47fc00a2c39e90264f33305004495a9","hash":"70f1ae3c8bea9cb7be90107bbd11d49726a52cb5","contentHash":"d0f663f31b4e49ee6cc098e9ebdc0758f5caddb2af62a7f8c734f1b24e919913"},"/Users/So/bootcamp/collab/skylab-bootcamp-202001/staff/sofia-costa/hoort/hoort-api/logic/retrieve-user.js":{"path":"/Users/So/bootcamp/collab/skylab-bootcamp-202001/staff/sofia-costa/hoort/hoort-api/logic/retrieve-user.js","statementMap":{"0":{"start":{"line":1,"column":21},"end":{"line":1,"column":43}},"1":{"start":{"line":2,"column":29},"end":{"line":2,"column":50}},"2":{"start":{"line":3,"column":15},"end":{"line":3,"column":32}},"3":{"start":{"line":4,"column":43},"end":{"line":4,"column":72}},"4":{"start":{"line":6,"column":0},"end":{"line":18,"column":1}},"5":{"start":{"line":7,"column":4},"end":{"line":7,"column":29}},"6":{"start":{"line":9,"column":4},"end":{"line":17,"column":73}},"7":{"start":{"line":11,"column":12},"end":{"line":11,"column":84}},"8":{"start":{"line":11,"column":23},"end":{"line":11,"column":84}},"9":{"start":{"line":12,"column":12},"end":{"line":12,"column":97}},"10":{"start":{"line":12,"column":34},"end":{"line":12,"column":97}},"11":{"start":{"line":13,"column":12},"end":{"line":13,"column":68}},"12":{"start":{"line":15,"column":12},"end":{"line":15,"column":30}},"13":{"start":{"line":17,"column":46},"end":{"line":17,"column":71}}},"fnMap":{"0":{"name":"(anonymous_0)","decl":{"start":{"line":6,"column":17},"end":{"line":6,"column":18}},"loc":{"start":{"line":6,"column":23},"end":{"line":18,"column":1}},"line":6},"1":{"name":"(anonymous_1)","decl":{"start":{"line":10,"column":14},"end":{"line":10,"column":15}},"loc":{"start":{"line":10,"column":22},"end":{"line":16,"column":9}},"line":10},"2":{"name":"(anonymous_2)","decl":{"start":{"line":17,"column":14},"end":{"line":17,"column":15}},"loc":{"start":{"line":17,"column":46},"end":{"line":17,"column":71}},"line":17}},"branchMap":{"0":{"loc":{"start":{"line":11,"column":12},"end":{"line":11,"column":84}},"type":"if","locations":[{"start":{"line":11,"column":12},"end":{"line":11,"column":84}},{"start":{"line":11,"column":12},"end":{"line":11,"column":84}}],"line":11},"1":{"loc":{"start":{"line":12,"column":12},"end":{"line":12,"column":97}},"type":"if","locations":[{"start":{"line":12,"column":12},"end":{"line":12,"column":97}},{"start":{"line":12,"column":12},"end":{"line":12,"column":97}}],"line":12}},"s":{"0":1,"1":1,"2":1,"3":1,"4":1,"5":4,"6":1,"7":1,"8":0,"9":1,"10":0,"11":1,"12":1,"13":1},"f":{"0":4,"1":1,"2":1},"b":{"0":[0,1],"1":[0,1]},"_coverageSchema":"1a1c01bbd47fc00a2c39e90264f33305004495a9","hash":"16cf5f031c94e7fcea05575fc3c277f4375079ad","contentHash":"76069837a02027ddb145126295e2bd74604d16b9d413fd24c0a01fc12b42881a"},"/Users/So/bootcamp/collab/skylab-bootcamp-202001/staff/sofia-costa/hoort/hoort-api/logic/update-user.js":{"path":"/Users/So/bootcamp/collab/skylab-bootcamp-202001/staff/sofia-costa/hoort/hoort-api/logic/update-user.js","statementMap":{"0":{"start":{"line":1,"column":21},"end":{"line":1,"column":43}},"1":{"start":{"line":2,"column":29},"end":{"line":2,"column":50}},"2":{"start":{"line":3,"column":42},"end":{"line":3,"column":71}},"3":{"start":{"line":4,"column":38},"end":{"line":4,"column":57}},"4":{"start":{"line":5,"column":15},"end":{"line":5,"column":34}},"5":{"start":{"line":7,"column":0},"end":{"line":52,"column":1}},"6":{"start":{"line":8,"column":4},"end":{"line":8,"column":29}},"7":{"start":{"line":10,"column":17},"end":{"line":10,"column":40}},"8":{"start":{"line":12,"column":4},"end":{"line":12,"column":64}},"9":{"start":{"line":12,"column":24},"end":{"line":12,"column":64}},"10":{"start":{"line":14,"column":21},"end":{"line":14,"column":34}},"11":{"start":{"line":16,"column":23},"end":{"line":16,"column":82}},"12":{"start":{"line":17,"column":26},"end":{"line":17,"column":28}},"13":{"start":{"line":19,"column":4},"end":{"line":44,"column":5}},"14":{"start":{"line":20,"column":8},"end":{"line":20,"column":90}},"15":{"start":{"line":20,"column":41},"end":{"line":20,"column":90}},"16":{"start":{"line":22,"column":8},"end":{"line":29,"column":9}},"17":{"start":{"line":24,"column":12},"end":{"line":25,"column":73}},"18":{"start":{"line":25,"column":16},"end":{"line":25,"column":73}},"19":{"start":{"line":27,"column":32},"end":{"line":27,"column":76}},"20":{"start":{"line":28,"column":12},"end":{"line":28,"column":78}},"21":{"start":{"line":28,"column":32},"end":{"line":28,"column":78}},"22":{"start":{"line":31,"column":8},"end":{"line":34,"column":73}},"23":{"start":{"line":33,"column":12},"end":{"line":34,"column":73}},"24":{"start":{"line":34,"column":16},"end":{"line":34,"column":73}},"25":{"start":{"line":36,"column":8},"end":{"line":36,"column":73}},"26":{"start":{"line":38,"column":8},"end":{"line":43,"column":9}},"27":{"start":{"line":39,"column":12},"end":{"line":39,"column":47}},"28":{"start":{"line":42,"column":12},"end":{"line":42,"column":59}},"29":{"start":{"line":46,"column":4},"end":{"line":46,"column":41}},"30":{"start":{"line":47,"column":4},"end":{"line":47,"column":41}},"31":{"start":{"line":49,"column":4},"end":{"line":49,"column":63}},"32":{"start":{"line":51,"column":4},"end":{"line":51,"column":10}}},"fnMap":{"0":{"name":"(anonymous_0)","decl":{"start":{"line":7,"column":17},"end":{"line":7,"column":18}},"loc":{"start":{"line":7,"column":40},"end":{"line":52,"column":1}},"line":7}},"branchMap":{"0":{"loc":{"start":{"line":12,"column":4},"end":{"line":12,"column":64}},"type":"if","locations":[{"start":{"line":12,"column":4},"end":{"line":12,"column":64}},{"start":{"line":12,"column":4},"end":{"line":12,"column":64}}],"line":12},"1":{"loc":{"start":{"line":20,"column":8},"end":{"line":20,"column":90}},"type":"if","locations":[{"start":{"line":20,"column":8},"end":{"line":20,"column":90}},{"start":{"line":20,"column":8},"end":{"line":20,"column":90}}],"line":20},"2":{"loc":{"start":{"line":22,"column":8},"end":{"line":29,"column":9}},"type":"if","locations":[{"start":{"line":22,"column":8},"end":{"line":29,"column":9}},{"start":{"line":22,"column":8},"end":{"line":29,"column":9}}],"line":22},"3":{"loc":{"start":{"line":24,"column":12},"end":{"line":25,"column":73}},"type":"if","locations":[{"start":{"line":24,"column":12},"end":{"line":25,"column":73}},{"start":{"line":24,"column":12},"end":{"line":25,"column":73}}],"line":24},"4":{"loc":{"start":{"line":28,"column":12},"end":{"line":28,"column":78}},"type":"if","locations":[{"start":{"line":28,"column":12},"end":{"line":28,"column":78}},{"start":{"line":28,"column":12},"end":{"line":28,"column":78}}],"line":28},"5":{"loc":{"start":{"line":31,"column":8},"end":{"line":34,"column":73}},"type":"if","locations":[{"start":{"line":31,"column":8},"end":{"line":34,"column":73}},{"start":{"line":31,"column":8},"end":{"line":34,"column":73}}],"line":31},"6":{"loc":{"start":{"line":33,"column":12},"end":{"line":34,"column":73}},"type":"if","locations":[{"start":{"line":33,"column":12},"end":{"line":34,"column":73}},{"start":{"line":33,"column":12},"end":{"line":34,"column":73}}],"line":33},"7":{"loc":{"start":{"line":38,"column":8},"end":{"line":43,"column":9}},"type":"if","locations":[{"start":{"line":38,"column":8},"end":{"line":43,"column":9}},{"start":{"line":38,"column":8},"end":{"line":43,"column":9}}],"line":38},"8":{"loc":{"start":{"line":38,"column":12},"end":{"line":38,"column":99}},"type":"binary-expr","locations":[{"start":{"line":38,"column":12},"end":{"line":38,"column":31}},{"start":{"line":38,"column":35},"end":{"line":38,"column":65}},{"start":{"line":38,"column":69},"end":{"line":38,"column":99}}],"line":38}},"s":{"0":1,"1":1,"2":1,"3":1,"4":1,"5":1,"6":6,"7":6,"8":6,"9":0,"10":6,"11":6,"12":6,"13":6,"14":14,"15":1,"16":13,"17":3,"18":1,"19":2,"20":2,"21":0,"22":12,"23":3,"24":1,"25":11,"26":11,"27":10,"28":1,"29":2,"30":2,"31":2,"32":2},"f":{"0":6},"b":{"0":[0,6],"1":[1,13],"2":[3,10],"3":[1,2],"4":[0,2],"5":[3,9],"6":[1,2],"7":[10,1],"8":[11,10,10]},"_coverageSchema":"1a1c01bbd47fc00a2c39e90264f33305004495a9","hash":"d03cc5b62c492ef17d6b0eb16f387a5c5d4822ad","contentHash":"7de04cd2c853826527505a220ed3a02511fce961c0354b3f99cf4eda04cd3d4c"},"/Users/So/bootcamp/collab/skylab-bootcamp-202001/staff/sofia-costa/hoort/hoort-api/logic/delete-user.js":{"path":"/Users/So/bootcamp/collab/skylab-bootcamp-202001/staff/sofia-costa/hoort/hoort-api/logic/delete-user.js","statementMap":{"0":{"start":{"line":1,"column":21},"end":{"line":1,"column":43}},"1":{"start":{"line":2,"column":35},"end":{"line":2,"column":56}},"2":{"start":{"line":3,"column":28},"end":{"line":3,"column":57}},"3":{"start":{"line":4,"column":15},"end":{"line":4,"column":34}},"4":{"start":{"line":6,"column":0},"end":{"line":36,"column":1}},"5":{"start":{"line":8,"column":4},"end":{"line":8,"column":29}},"6":{"start":{"line":9,"column":4},"end":{"line":9,"column":41}},"7":{"start":{"line":11,"column":20},"end":{"line":11,"column":22}},"8":{"start":{"line":13,"column":4},"end":{"line":35,"column":10}},"9":{"start":{"line":15,"column":12},"end":{"line":15,"column":69}},"10":{"start":{"line":15,"column":23},"end":{"line":15,"column":69}},"11":{"start":{"line":17,"column":12},"end":{"line":34,"column":32}},"12":{"start":{"line":20,"column":20},"end":{"line":20,"column":86}},"13":{"start":{"line":20,"column":40},"end":{"line":20,"column":86}},"14":{"start":{"line":22,"column":20},"end":{"line":22,"column":68}},"15":{"start":{"line":22,"column":47},"end":{"line":22,"column":67}},"16":{"start":{"line":24,"column":20},"end":{"line":24,"column":49}},"17":{"start":{"line":26,"column":20},"end":{"line":26,"column":53}},"18":{"start":{"line":29,"column":20},"end":{"line":32,"column":22}},"19":{"start":{"line":31,"column":24},"end":{"line":31,"column":59}}},"fnMap":{"0":{"name":"(anonymous_0)","decl":{"start":{"line":6,"column":17},"end":{"line":6,"column":18}},"loc":{"start":{"line":6,"column":35},"end":{"line":36,"column":1}},"line":6},"1":{"name":"(anonymous_1)","decl":{"start":{"line":14,"column":14},"end":{"line":14,"column":15}},"loc":{"start":{"line":14,"column":22},"end":{"line":35,"column":9}},"line":14},"2":{"name":"(anonymous_2)","decl":{"start":{"line":18,"column":22},"end":{"line":18,"column":23}},"loc":{"start":{"line":18,"column":39},"end":{"line":27,"column":17}},"line":18},"3":{"name":"(anonymous_3)","decl":{"start":{"line":22,"column":39},"end":{"line":22,"column":40}},"loc":{"start":{"line":22,"column":47},"end":{"line":22,"column":67}},"line":22},"4":{"name":"(anonymous_4)","decl":{"start":{"line":28,"column":22},"end":{"line":28,"column":23}},"loc":{"start":{"line":28,"column":28},"end":{"line":33,"column":17}},"line":28},"5":{"name":"(anonymous_5)","decl":{"start":{"line":29,"column":38},"end":{"line":29,"column":39}},"loc":{"start":{"line":29,"column":53},"end":{"line":32,"column":21}},"line":29},"6":{"name":"(anonymous_6)","decl":{"start":{"line":34,"column":22},"end":{"line":34,"column":23}},"loc":{"start":{"line":34,"column":28},"end":{"line":34,"column":31}},"line":34}},"branchMap":{"0":{"loc":{"start":{"line":15,"column":12},"end":{"line":15,"column":69}},"type":"if","locations":[{"start":{"line":15,"column":12},"end":{"line":15,"column":69}},{"start":{"line":15,"column":12},"end":{"line":15,"column":69}}],"line":15},"1":{"loc":{"start":{"line":20,"column":20},"end":{"line":20,"column":86}},"type":"if","locations":[{"start":{"line":20,"column":20},"end":{"line":20,"column":86}},{"start":{"line":20,"column":20},"end":{"line":20,"column":86}}],"line":20}},"s":{"0":1,"1":1,"2":1,"3":1,"4":1,"5":3,"6":2,"7":2,"8":2,"9":2,"10":0,"11":2,"12":2,"13":1,"14":1,"15":0,"16":1,"17":1,"18":1,"19":0},"f":{"0":3,"1":2,"2":2,"3":0,"4":1,"5":0,"6":1},"b":{"0":[0,2],"1":[1,1]},"_coverageSchema":"1a1c01bbd47fc00a2c39e90264f33305004495a9","hash":"5543e4cc27e840e2c588aaf3f9f163437eef2fee","contentHash":"ddad66f1538641fa1a266df1c0b401c321fab147e618953b2a5bb684cc1a6433"},"/Users/So/bootcamp/collab/skylab-bootcamp-202001/staff/sofia-costa/hoort/hoort-api/logic/retrieve-item.js":{"path":"/Users/So/bootcamp/collab/skylab-bootcamp-202001/staff/sofia-costa/hoort/hoort-api/logic/retrieve-item.js","statementMap":{"0":{"start":{"line":1,"column":21},"end":{"line":1,"column":43}},"1":{"start":{"line":2,"column":35},"end":{"line":2,"column":56}},"2":{"start":{"line":3,"column":26},"end":{"line":3,"column":55}},"3":{"start":{"line":5,"column":0},"end":{"line":14,"column":1}},"4":{"start":{"line":7,"column":4},"end":{"line":7,"column":37}},"5":{"start":{"line":9,"column":15},"end":{"line":9,"column":42}},"6":{"start":{"line":11,"column":4},"end":{"line":11,"column":85}},"7":{"start":{"line":11,"column":15},"end":{"line":11,"column":85}},"8":{"start":{"line":13,"column":4},"end":{"line":13,"column":292}}},"fnMap":{"0":{"name":"(anonymous_0)","decl":{"start":{"line":5,"column":17},"end":{"line":5,"column":18}},"loc":{"start":{"line":5,"column":35},"end":{"line":14,"column":1}},"line":5}},"branchMap":{"0":{"loc":{"start":{"line":11,"column":4},"end":{"line":11,"column":85}},"type":"if","locations":[{"start":{"line":11,"column":4},"end":{"line":11,"column":85}},{"start":{"line":11,"column":4},"end":{"line":11,"column":85}}],"line":11}},"s":{"0":1,"1":1,"2":1,"3":1,"4":1,"5":1,"6":1,"7":0,"8":1},"f":{"0":1},"b":{"0":[0,1]},"_coverageSchema":"1a1c01bbd47fc00a2c39e90264f33305004495a9","hash":"7abc6d157072d7c45aebe5c3475700070ba200b3","contentHash":"b209ad1a03762e63688780bb9ce7752ac30a2573cc45e52495b9a258810d407e"},"/Users/So/bootcamp/collab/skylab-bootcamp-202001/staff/sofia-costa/hoort/hoort-api/logic/search-items.js":{"path":"/Users/So/bootcamp/collab/skylab-bootcamp-202001/staff/sofia-costa/hoort/hoort-api/logic/search-items.js","statementMap":{"0":{"start":{"line":1,"column":21},"end":{"line":1,"column":43}},"1":{"start":{"line":2,"column":29},"end":{"line":2,"column":50}},"2":{"start":{"line":3,"column":26},"end":{"line":3,"column":55}},"3":{"start":{"line":5,"column":0},"end":{"line":35,"column":1}},"4":{"start":{"line":6,"column":4},"end":{"line":6,"column":35}},"5":{"start":{"line":8,"column":4},"end":{"line":8,"column":31}},"6":{"start":{"line":10,"column":18},"end":{"line":10,"column":344}},"7":{"start":{"line":12,"column":4},"end":{"line":12,"column":91}},"8":{"start":{"line":12,"column":25},"end":{"line":12,"column":91}},"9":{"start":{"line":14,"column":4},"end":{"line":31,"column":7}},"10":{"start":{"line":16,"column":8},"end":{"line":30,"column":9}},"11":{"start":{"line":33,"column":4},"end":{"line":33,"column":18}}},"fnMap":{"0":{"name":"(anonymous_0)","decl":{"start":{"line":5,"column":17},"end":{"line":5,"column":18}},"loc":{"start":{"line":5,"column":34},"end":{"line":35,"column":1}},"line":5},"1":{"name":"(anonymous_1)","decl":{"start":{"line":14,"column":44},"end":{"line":14,"column":45}},"loc":{"start":{"line":14,"column":54},"end":{"line":31,"column":5}},"line":14}},"branchMap":{"0":{"loc":{"start":{"line":12,"column":4},"end":{"line":12,"column":91}},"type":"if","locations":[{"start":{"line":12,"column":4},"end":{"line":12,"column":91}},{"start":{"line":12,"column":4},"end":{"line":12,"column":91}}],"line":12}},"s":{"0":1,"1":1,"2":1,"3":1,"4":2,"5":2,"6":2,"7":2,"8":1,"9":1,"10":10,"11":1},"f":{"0":2,"1":10},"b":{"0":[1,1]},"_coverageSchema":"1a1c01bbd47fc00a2c39e90264f33305004495a9","hash":"c8575ab2798156a54c34ecfc95903bddd2664cb1","contentHash":"f691507dc943a695802ff90579823a80c5912c335b34d85143d590e46f20fd1b"},"/Users/So/bootcamp/collab/skylab-bootcamp-202001/staff/sofia-costa/hoort/hoort-api/logic/retrieve-land.js":{"path":"/Users/So/bootcamp/collab/skylab-bootcamp-202001/staff/sofia-costa/hoort/hoort-api/logic/retrieve-land.js","statementMap":{"0":{"start":{"line":1,"column":21},"end":{"line":1,"column":43}},"1":{"start":{"line":2,"column":29},"end":{"line":2,"column":50}},"2":{"start":{"line":3,"column":26},"end":{"line":3,"column":55}},"3":{"start":{"line":5,"column":0},"end":{"line":29,"column":1}},"4":{"start":{"line":6,"column":4},"end":{"line":6,"column":37}},"5":{"start":{"line":7,"column":4},"end":{"line":7,"column":37}},"6":{"start":{"line":11,"column":4},"end":{"line":28,"column":10}},"7":{"start":{"line":14,"column":12},"end":{"line":14,"column":24}},"8":{"start":{"line":16,"column":12},"end":{"line":16,"column":88}},"9":{"start":{"line":16,"column":23},"end":{"line":16,"column":88}},"10":{"start":{"line":18,"column":12},"end":{"line":21,"column":14}},"11":{"start":{"line":19,"column":16},"end":{"line":19,"column":47}},"12":{"start":{"line":20,"column":16},"end":{"line":20,"column":32}},"13":{"start":{"line":22,"column":12},"end":{"line":22,"column":34}},"14":{"start":{"line":24,"column":22},"end":{"line":24,"column":26}},"15":{"start":{"line":27,"column":12},"end":{"line":27,"column":133}}},"fnMap":{"0":{"name":"(anonymous_0)","decl":{"start":{"line":5,"column":17},"end":{"line":5,"column":18}},"loc":{"start":{"line":5,"column":37},"end":{"line":29,"column":1}},"line":5},"1":{"name":"(anonymous_1)","decl":{"start":{"line":12,"column":14},"end":{"line":12,"column":15}},"loc":{"start":{"line":12,"column":29},"end":{"line":23,"column":9}},"line":12},"2":{"name":"(anonymous_2)","decl":{"start":{"line":18,"column":36},"end":{"line":18,"column":37}},"loc":{"start":{"line":18,"column":45},"end":{"line":21,"column":13}},"line":18},"3":{"name":"(anonymous_3)","decl":{"start":{"line":24,"column":14},"end":{"line":24,"column":15}},"loc":{"start":{"line":24,"column":22},"end":{"line":24,"column":26}},"line":24},"4":{"name":"(anonymous_4)","decl":{"start":{"line":25,"column":14},"end":{"line":25,"column":15}},"loc":{"start":{"line":25,"column":28},"end":{"line":28,"column":9}},"line":25}},"branchMap":{"0":{"loc":{"start":{"line":16,"column":12},"end":{"line":16,"column":88}},"type":"if","locations":[{"start":{"line":16,"column":12},"end":{"line":16,"column":88}},{"start":{"line":16,"column":12},"end":{"line":16,"column":88}}],"line":16}},"s":{"0":1,"1":1,"2":1,"3":1,"4":1,"5":1,"6":1,"7":1,"8":1,"9":0,"10":1,"11":0,"12":0,"13":1,"14":1,"15":1},"f":{"0":1,"1":1,"2":0,"3":1,"4":1},"b":{"0":[0,1]},"_coverageSchema":"1a1c01bbd47fc00a2c39e90264f33305004495a9","hash":"ff18e644ecf1a2621dff7d91176b288182274747","contentHash":"ad06bc7e7a2735f2c6ca30cf39ba381e07a234a5f3dd7d53712e57a400678a64"},"/Users/So/bootcamp/collab/skylab-bootcamp-202001/staff/sofia-costa/hoort/hoort-api/logic/search-reccommended.js":{"path":"/Users/So/bootcamp/collab/skylab-bootcamp-202001/staff/sofia-costa/hoort/hoort-api/logic/search-reccommended.js","statementMap":{"0":{"start":{"line":1,"column":21},"end":{"line":1,"column":43}},"1":{"start":{"line":2,"column":29},"end":{"line":2,"column":50}},"2":{"start":{"line":3,"column":26},"end":{"line":3,"column":55}},"3":{"start":{"line":5,"column":0},"end":{"line":33,"column":1}},"4":{"start":{"line":7,"column":16},"end":{"line":7,"column":37}},"5":{"start":{"line":9,"column":18},"end":{"line":9,"column":70}},"6":{"start":{"line":11,"column":4},"end":{"line":11,"column":93}},"7":{"start":{"line":11,"column":25},"end":{"line":11,"column":93}},"8":{"start":{"line":13,"column":4},"end":{"line":30,"column":7}},"9":{"start":{"line":15,"column":8},"end":{"line":29,"column":9}},"10":{"start":{"line":32,"column":4},"end":{"line":32,"column":18}}},"fnMap":{"0":{"name":"(anonymous_0)","decl":{"start":{"line":5,"column":17},"end":{"line":5,"column":18}},"loc":{"start":{"line":5,"column":29},"end":{"line":33,"column":1}},"line":5},"1":{"name":"(anonymous_1)","decl":{"start":{"line":13,"column":44},"end":{"line":13,"column":45}},"loc":{"start":{"line":13,"column":54},"end":{"line":30,"column":5}},"line":13}},"branchMap":{"0":{"loc":{"start":{"line":11,"column":4},"end":{"line":11,"column":93}},"type":"if","locations":[{"start":{"line":11,"column":4},"end":{"line":11,"column":93}},{"start":{"line":11,"column":4},"end":{"line":11,"column":93}}],"line":11}},"s":{"0":1,"1":1,"2":1,"3":1,"4":1,"5":1,"6":1,"7":0,"8":1,"9":10,"10":1},"f":{"0":1,"1":10},"b":{"0":[0,1]},"_coverageSchema":"1a1c01bbd47fc00a2c39e90264f33305004495a9","hash":"ff632213c3602bb1b9de7a549f6328000dc0326c","contentHash":"aa1582f2cbee77922f584afaffad2aaeeb353f9df00d87ebc7229d413c0879de"},"/Users/So/bootcamp/collab/skylab-bootcamp-202001/staff/sofia-costa/hoort/hoort-api/logic/update-land-divisions.js":{"path":"/Users/So/bootcamp/collab/skylab-bootcamp-202001/staff/sofia-costa/hoort/hoort-api/logic/update-land-divisions.js","statementMap":{"0":{"start":{"line":1,"column":21},"end":{"line":1,"column":43}},"1":{"start":{"line":2,"column":29},"end":{"line":2,"column":50}},"2":{"start":{"line":3,"column":42},"end":{"line":3,"column":71}},"3":{"start":{"line":4,"column":38},"end":{"line":4,"column":57}},"4":{"start":{"line":6,"column":0},"end":{"line":131,"column":1}},"5":{"start":{"line":7,"column":4},"end":{"line":7,"column":43}},"6":{"start":{"line":8,"column":4},"end":{"line":8,"column":49}},"7":{"start":{"line":8,"column":16},"end":{"line":8,"column":49}},"8":{"start":{"line":10,"column":4},"end":{"line":10,"column":83}},"9":{"start":{"line":10,"column":28},"end":{"line":10,"column":83}},"10":{"start":{"line":11,"column":4},"end":{"line":130,"column":64}},"11":{"start":{"line":13,"column":8},"end":{"line":44,"column":9}},"12":{"start":{"line":15,"column":23},"end":{"line":15,"column":50}},"13":{"start":{"line":16,"column":12},"end":{"line":16,"column":78}},"14":{"start":{"line":16,"column":23},"end":{"line":16,"column":78}},"15":{"start":{"line":18,"column":12},"end":{"line":43,"column":68}},"16":{"start":{"line":20,"column":30},"end":{"line":20,"column":41}},"17":{"start":{"line":21,"column":30},"end":{"line":21,"column":39}},"18":{"start":{"line":23,"column":16},"end":{"line":23,"column":79}},"19":{"start":{"line":23,"column":29},"end":{"line":23,"column":30}},"20":{"start":{"line":23,"column":60},"end":{"line":23,"column":79}},"21":{"start":{"line":25,"column":28},"end":{"line":25,"column":42}},"22":{"start":{"line":27,"column":16},"end":{"line":27,"column":69}},"23":{"start":{"line":27,"column":29},"end":{"line":27,"column":30}},"24":{"start":{"line":27,"column":48},"end":{"line":27,"column":69}},"25":{"start":{"line":29,"column":16},"end":{"line":29,"column":46}},"26":{"start":{"line":31,"column":29},"end":{"line":31,"column":46}},"27":{"start":{"line":33,"column":16},"end":{"line":36,"column":17}},"28":{"start":{"line":33,"column":29},"end":{"line":33,"column":30}},"29":{"start":{"line":34,"column":20},"end":{"line":35,"column":46}},"30":{"start":{"line":34,"column":33},"end":{"line":34,"column":34}},"31":{"start":{"line":35,"column":24},"end":{"line":35,"column":46}},"32":{"start":{"line":38,"column":16},"end":{"line":38,"column":37}},"33":{"start":{"line":40,"column":16},"end":{"line":40,"column":40}},"34":{"start":{"line":43,"column":17},"end":{"line":43,"column":68}},"35":{"start":{"line":46,"column":8},"end":{"line":74,"column":68}},"36":{"start":{"line":48,"column":12},"end":{"line":71,"column":68}},"37":{"start":{"line":50,"column":30},"end":{"line":50,"column":36}},"38":{"start":{"line":51,"column":30},"end":{"line":51,"column":39}},"39":{"start":{"line":53,"column":16},"end":{"line":53,"column":79}},"40":{"start":{"line":53,"column":29},"end":{"line":53,"column":30}},"41":{"start":{"line":53,"column":60},"end":{"line":53,"column":79}},"42":{"start":{"line":55,"column":28},"end":{"line":55,"column":42}},"43":{"start":{"line":57,"column":16},"end":{"line":57,"column":69}},"44":{"start":{"line":57,"column":29},"end":{"line":57,"column":30}},"45":{"start":{"line":57,"column":48},"end":{"line":57,"column":69}},"46":{"start":{"line":59,"column":16},"end":{"line":59,"column":46}},"47":{"start":{"line":61,"column":29},"end":{"line":61,"column":46}},"48":{"start":{"line":63,"column":16},"end":{"line":66,"column":17}},"49":{"start":{"line":63,"column":29},"end":{"line":63,"column":30}},"50":{"start":{"line":64,"column":20},"end":{"line":65,"column":46}},"51":{"start":{"line":64,"column":33},"end":{"line":64,"column":34}},"52":{"start":{"line":65,"column":24},"end":{"line":65,"column":46}},"53":{"start":{"line":68,"column":16},"end":{"line":68,"column":30}},"54":{"start":{"line":71,"column":17},"end":{"line":71,"column":68}},"55":{"start":{"line":74,"column":13},"end":{"line":74,"column":68}},"56":{"start":{"line":77,"column":9},"end":{"line":130,"column":64}},"57":{"start":{"line":79,"column":8},"end":{"line":105,"column":9}},"58":{"start":{"line":81,"column":23},"end":{"line":81,"column":50}},"59":{"start":{"line":82,"column":12},"end":{"line":82,"column":78}},"60":{"start":{"line":82,"column":23},"end":{"line":82,"column":78}},"61":{"start":{"line":84,"column":12},"end":{"line":104,"column":68}},"62":{"start":{"line":86,"column":29},"end":{"line":86,"column":40}},"63":{"start":{"line":88,"column":28},"end":{"line":88,"column":45}},"64":{"start":{"line":90,"column":16},"end":{"line":90,"column":60}},"65":{"start":{"line":90,"column":29},"end":{"line":90,"column":30}},"66":{"start":{"line":90,"column":48},"end":{"line":90,"column":60}},"67":{"start":{"line":92,"column":16},"end":{"line":92,"column":44}},"68":{"start":{"line":94,"column":16},"end":{"line":97,"column":17}},"69":{"start":{"line":94,"column":29},"end":{"line":94,"column":30}},"70":{"start":{"line":95,"column":20},"end":{"line":96,"column":39}},"71":{"start":{"line":95,"column":33},"end":{"line":95,"column":34}},"72":{"start":{"line":96,"column":24},"end":{"line":96,"column":39}},"73":{"start":{"line":99,"column":16},"end":{"line":99,"column":36}},"74":{"start":{"line":101,"column":16},"end":{"line":101,"column":40}},"75":{"start":{"line":104,"column":17},"end":{"line":104,"column":68}},"76":{"start":{"line":107,"column":8},"end":{"line":127,"column":9}},"77":{"start":{"line":108,"column":12},"end":{"line":126,"column":68}},"78":{"start":{"line":110,"column":30},"end":{"line":110,"column":36}},"79":{"start":{"line":112,"column":28},"end":{"line":112,"column":46}},"80":{"start":{"line":114,"column":16},"end":{"line":114,"column":61}},"81":{"start":{"line":114,"column":29},"end":{"line":114,"column":30}},"82":{"start":{"line":114,"column":48},"end":{"line":114,"column":61}},"83":{"start":{"line":116,"column":16},"end":{"line":116,"column":45}},"84":{"start":{"line":118,"column":16},"end":{"line":121,"column":17}},"85":{"start":{"line":118,"column":29},"end":{"line":118,"column":30}},"86":{"start":{"line":119,"column":20},"end":{"line":120,"column":40}},"87":{"start":{"line":119,"column":33},"end":{"line":119,"column":34}},"88":{"start":{"line":120,"column":24},"end":{"line":120,"column":40}},"89":{"start":{"line":123,"column":16},"end":{"line":123,"column":30}},"90":{"start":{"line":126,"column":17},"end":{"line":126,"column":68}},"91":{"start":{"line":130,"column":9},"end":{"line":130,"column":64}}},"fnMap":{"0":{"name":"(anonymous_0)","decl":{"start":{"line":6,"column":17},"end":{"line":6,"column":18}},"loc":{"start":{"line":6,"column":54},"end":{"line":131,"column":1}},"line":6}},"branchMap":{"0":{"loc":{"start":{"line":8,"column":4},"end":{"line":8,"column":49}},"type":"if","locations":[{"start":{"line":8,"column":4},"end":{"line":8,"column":49}},{"start":{"line":8,"column":4},"end":{"line":8,"column":49}}],"line":8},"1":{"loc":{"start":{"line":10,"column":4},"end":{"line":10,"column":83}},"type":"if","locations":[{"start":{"line":10,"column":4},"end":{"line":10,"column":83}},{"start":{"line":10,"column":4},"end":{"line":10,"column":83}}],"line":10},"2":{"loc":{"start":{"line":10,"column":8},"end":{"line":10,"column":26}},"type":"binary-expr","locations":[{"start":{"line":10,"column":8},"end":{"line":10,"column":15}},{"start":{"line":10,"column":19},"end":{"line":10,"column":26}}],"line":10},"3":{"loc":{"start":{"line":11,"column":4},"end":{"line":130,"column":64}},"type":"if","locations":[{"start":{"line":11,"column":4},"end":{"line":130,"column":64}},{"start":{"line":11,"column":4},"end":{"line":130,"column":64}}],"line":11},"4":{"loc":{"start":{"line":13,"column":8},"end":{"line":44,"column":9}},"type":"if","locations":[{"start":{"line":13,"column":8},"end":{"line":44,"column":9}},{"start":{"line":13,"column":8},"end":{"line":44,"column":9}}],"line":13},"5":{"loc":{"start":{"line":16,"column":12},"end":{"line":16,"column":78}},"type":"if","locations":[{"start":{"line":16,"column":12},"end":{"line":16,"column":78}},{"start":{"line":16,"column":12},"end":{"line":16,"column":78}}],"line":16},"6":{"loc":{"start":{"line":18,"column":12},"end":{"line":43,"column":68}},"type":"if","locations":[{"start":{"line":18,"column":12},"end":{"line":43,"column":68}},{"start":{"line":18,"column":12},"end":{"line":43,"column":68}}],"line":18},"7":{"loc":{"start":{"line":46,"column":8},"end":{"line":74,"column":68}},"type":"if","locations":[{"start":{"line":46,"column":8},"end":{"line":74,"column":68}},{"start":{"line":46,"column":8},"end":{"line":74,"column":68}}],"line":46},"8":{"loc":{"start":{"line":48,"column":12},"end":{"line":71,"column":68}},"type":"if","locations":[{"start":{"line":48,"column":12},"end":{"line":71,"column":68}},{"start":{"line":48,"column":12},"end":{"line":71,"column":68}}],"line":48},"9":{"loc":{"start":{"line":77,"column":9},"end":{"line":130,"column":64}},"type":"if","locations":[{"start":{"line":77,"column":9},"end":{"line":130,"column":64}},{"start":{"line":77,"column":9},"end":{"line":130,"column":64}}],"line":77},"10":{"loc":{"start":{"line":79,"column":8},"end":{"line":105,"column":9}},"type":"if","locations":[{"start":{"line":79,"column":8},"end":{"line":105,"column":9}},{"start":{"line":79,"column":8},"end":{"line":105,"column":9}}],"line":79},"11":{"loc":{"start":{"line":82,"column":12},"end":{"line":82,"column":78}},"type":"if","locations":[{"start":{"line":82,"column":12},"end":{"line":82,"column":78}},{"start":{"line":82,"column":12},"end":{"line":82,"column":78}}],"line":82},"12":{"loc":{"start":{"line":84,"column":12},"end":{"line":104,"column":68}},"type":"if","locations":[{"start":{"line":84,"column":12},"end":{"line":104,"column":68}},{"start":{"line":84,"column":12},"end":{"line":104,"column":68}}],"line":84},"13":{"loc":{"start":{"line":107,"column":8},"end":{"line":127,"column":9}},"type":"if","locations":[{"start":{"line":107,"column":8},"end":{"line":127,"column":9}},{"start":{"line":107,"column":8},"end":{"line":127,"column":9}}],"line":107},"14":{"loc":{"start":{"line":108,"column":12},"end":{"line":126,"column":68}},"type":"if","locations":[{"start":{"line":108,"column":12},"end":{"line":126,"column":68}},{"start":{"line":108,"column":12},"end":{"line":126,"column":68}}],"line":108}},"s":{"0":1,"1":1,"2":1,"3":1,"4":1,"5":13,"6":13,"7":8,"8":13,"9":1,"10":12,"11":9,"12":6,"13":6,"14":0,"15":6,"16":5,"17":5,"18":5,"19":5,"20":21,"21":5,"22":5,"23":5,"24":35,"25":5,"26":5,"27":5,"28":5,"29":40,"30":40,"31":186,"32":5,"33":5,"34":1,"35":3,"36":3,"37":3,"38":3,"39":3,"40":3,"41":12,"42":3,"43":3,"44":3,"45":20,"46":3,"47":3,"48":3,"49":3,"50":23,"51":23,"52":102,"53":3,"54":0,"55":0,"56":3,"57":3,"58":2,"59":2,"60":0,"61":2,"62":1,"63":1,"64":1,"65":1,"66":5,"67":1,"68":1,"69":1,"70":5,"71":5,"72":15,"73":1,"74":1,"75":1,"76":1,"77":1,"78":1,"79":1,"80":1,"81":1,"82":5,"83":1,"84":1,"85":1,"86":5,"87":5,"88":15,"89":1,"90":0,"91":0},"f":{"0":13},"b":{"0":[8,5],"1":[1,12],"2":[13,5],"3":[9,3],"4":[6,3],"5":[0,6],"6":[5,1],"7":[3,0],"8":[3,0],"9":[3,0],"10":[2,1],"11":[0,2],"12":[1,1],"13":[1,0],"14":[1,0]},"_coverageSchema":"1a1c01bbd47fc00a2c39e90264f33305004495a9","hash":"6b8b1c01045023eac7026fe582b27288d676873c","contentHash":"eda3ba99092
[...]
column":51},"end":{"line":148,"column":5}},"line":140},"14":{"name":"(anonymous_14)","decl":{"start":{"line":150,"column":42},"end":{"line":150,"column":43}},"loc":{"start":{"line":150,"column":54},"end":{"line":158,"column":5}},"line":150},"15":{"name":"(anonymous_15)","decl":{"start":{"line":160,"column":14},"end":{"line":160,"column":15}},"loc":{"start":{"line":160,"column":26},"end":{"line":164,"column":5}},"line":160},"16":{"name":"(anonymous_16)","decl":{"start":{"line":166,"column":10},"end":{"line":166,"column":11}},"loc":{"start":{"line":166,"column":16},"end":{"line":166,"column":37}},"line":166}},"branchMap":{},"s":{"0":1,"1":1,"2":1,"3":1,"4":1,"5":1,"6":1,"7":1,"8":1,"9":1,"10":1,"11":1,"12":1,"13":1,"14":5,"15":5,"16":5,"17":5,"18":5,"19":5,"20":5,"21":5,"22":5,"23":5,"24":50,"25":5,"26":5,"27":25,"28":25,"29":75,"30":5,"31":5,"32":5,"33":5,"34":5,"35":5,"36":5,"37":5,"38":5,"39":1,"40":1,"41":1,"42":1,"43":1,"44":10,"45":1,"46":1,"47":1,"48":1,"49":20,"50":1,"51":1,"52":1,"53":10,"54":1,"55":1,"56":1,"57":1,"58":1,"59":1,"60":1,"61":1,"62":1,"63":5,"64":1,"65":1,"66":1,"67":1,"68":5,"69":1,"70":1,"71":1,"72":1,"73":1,"74":1,"75":1,"76":1,"77":1,"78":1,"79":1,"80":1,"81":1,"82":1,"83":1,"84":5,"85":5,"86":5,"87":1,"88":1},"f":{"0":1,"1":1,"2":5,"3":5,"4":5,"5":5,"6":5,"7":5,"8":5,"9":5,"10":1,"11":1,"12":1,"13":1,"14":1,"15":5,"16":1},"b":{},"_coverageSchema":"1a1c01bbd47fc00a2c39e90264f33305004495a9","hash":"1733e54c49ddce153525136a866c1e1e4820134e","contentHash":"c960158c2d48ce2e3a03ce0ccc26b5701296c9bfda833c9ad497f2e37b3444d6"},"/Users/So/bootcamp/collab/skylab-bootcamp-202001/staff/sofia-costa/hoort/hoort-api/logic/update-land.planted.spec.js":{"path":"/Users/So/bootcamp/collab/skylab-bootcamp-202001/staff/sofia-costa/hoort/hoort-api/logic/update-land.planted.spec.js","statementMap":{"0":{"start":{"line":1,"column":0},"end":{"line":1,"column":26}},"1":{"start":{"line":3,"column":38},"end":{"line":3,"column":45}},"2":{"start":{"line":4,"column":42},"end":{"line":4,"column":54}},"3":{"start":{"line":5,"column":13},"end":{"line":5,"column":28}},"4":{"start":{"line":6,"column":21},"end":{"line":6,"column":42}},"5":{"start":{"line":7,"column":41},"end":{"line":7,"column":62}},"6":{"start":{"line":8,"column":15},"end":{"line":8,"column":26}},"7":{"start":{"line":9,"column":19},"end":{"line":9,"column":23}},"8":{"start":{"line":10,"column":15},"end":{"line":10,"column":34}},"9":{"start":{"line":12,"column":0},"end":{"line":106,"column":2}},"10":{"start":{"line":14,"column":4},"end":{"line":16,"column":6}},"11":{"start":{"line":15,"column":8},"end":{"line":15,"column":95}},"12":{"start":{"line":22,"column":18},"end":{"line":22,"column":20}},"13":{"start":{"line":24,"column":4},"end":{"line":79,"column":6}},"14":{"start":{"line":26,"column":8},"end":{"line":26,"column":21}},"15":{"start":{"line":27,"column":8},"end":{"line":44,"column":9}},"16":{"start":{"line":27,"column":21},"end":{"line":27,"column":22}},"17":{"start":{"line":29,"column":12},"end":{"line":29,"column":43}},"18":{"start":{"line":30,"column":12},"end":{"line":30,"column":43}},"19":{"start":{"line":31,"column":12},"end":{"line":31,"column":37}},"20":{"start":{"line":32,"column":12},"end":{"line":32,"column":43}},"21":{"start":{"line":33,"column":12},"end":{"line":33,"column":50}},"22":{"start":{"line":34,"column":12},"end":{"line":34,"column":57}},"23":{"start":{"line":35,"column":12},"end":{"line":35,"column":37}},"24":{"start":{"line":36,"column":12},"end":{"line":36,"column":51}},"25":{"start":{"line":37,"column":12},"end":{"line":37,"column":49}},"26":{"start":{"line":38,"column":12},"end":{"line":38,"column":37}},"27":{"start":{"line":39,"column":12},"end":{"line":39,"column":59}},"28":{"start":{"line":41,"column":25},"end":{"line":41,"column":166}},"29":{"start":{"line":42,"column":12},"end":{"line":42,"column":32}},"30":{"start":{"line":45,"column":8},"end":{"line":45,"column":38}},"31":{"start":{"line":47,"column":8},"end":{"line":47,"column":38}},"32":{"start":{"line":48,"column":8},"end":{"line":48,"column":46}},"33":{"start":{"line":49,"column":8},"end":{"line":49,"column":43}},"34":{"start":{"line":50,"column":8},"end":{"line":50,"column":46}},"35":{"start":{"line":52,"column":8},"end":{"line":78,"column":14}},"36":{"start":{"line":54,"column":16},"end":{"line":54,"column":64}},"37":{"start":{"line":57,"column":16},"end":{"line":57,"column":33}},"38":{"start":{"line":58,"column":16},"end":{"line":58,"column":28}},"39":{"start":{"line":62,"column":16},"end":{"line":62,"column":49}},"40":{"start":{"line":63,"column":16},"end":{"line":63,"column":49}},"41":{"start":{"line":64,"column":16},"end":{"line":64,"column":49}},"42":{"start":{"line":65,"column":16},"end":{"line":65,"column":45}},"43":{"start":{"line":67,"column":16},"end":{"line":70,"column":21}},"44":{"start":{"line":67,"column":29},"end":{"line":67,"column":30}},"45":{"start":{"line":68,"column":20},"end":{"line":70,"column":21}},"46":{"start":{"line":68,"column":33},"end":{"line":68,"column":34}},"47":{"start":{"line":69,"column":24},"end":{"line":69,"column":53}},"48":{"start":{"line":72,"column":16},"end":{"line":72,"column":78}},"49":{"start":{"line":74,"column":16},"end":{"line":74,"column":61}},"50":{"start":{"line":75,"column":16},"end":{"line":75,"column":32}},"51":{"start":{"line":77,"column":16},"end":{"line":77,"column":33}},"52":{"start":{"line":81,"column":4},"end":{"line":97,"column":6}},"53":{"start":{"line":83,"column":8},"end":{"line":83,"column":37}},"54":{"start":{"line":85,"column":8},"end":{"line":88,"column":13}},"55":{"start":{"line":85,"column":21},"end":{"line":85,"column":22}},"56":{"start":{"line":86,"column":12},"end":{"line":88,"column":13}},"57":{"start":{"line":86,"column":25},"end":{"line":86,"column":26}},"58":{"start":{"line":87,"column":16},"end":{"line":87,"column":45}},"59":{"start":{"line":90,"column":8},"end":{"line":90,"column":55}},"60":{"start":{"line":92,"column":20},"end":{"line":92,"column":47}},"61":{"start":{"line":94,"column":8},"end":{"line":94,"column":39}},"62":{"start":{"line":95,"column":8},"end":{"line":95,"column":43}},"63":{"start":{"line":99,"column":4},"end":{"line":103,"column":6}},"64":{"start":{"line":100,"column":8},"end":{"line":100,"column":33}},"65":{"start":{"line":101,"column":8},"end":{"line":101,"column":33}},"66":{"start":{"line":102,"column":8},"end":{"line":102,"column":33}},"67":{"start":{"line":105,"column":4},"end":{"line":105,"column":38}},"68":{"start":{"line":105,"column":16},"end":{"line":105,"column":37}}},"fnMap":{"0":{"name":"(anonymous_0)","decl":{"start":{"line":12,"column":30},"end":{"line":12,"column":31}},"loc":{"start":{"line":12,"column":36},"end":{"line":106,"column":1}},"line":12},"1":{"name":"(anonymous_1)","decl":{"start":{"line":14,"column":11},"end":{"line":14,"column":12}},"loc":{"start":{"line":14,"column":17},"end":{"line":16,"column":5}},"line":14},"2":{"name":"(anonymous_2)","decl":{"start":{"line":24,"column":15},"end":{"line":24,"column":16}},"loc":{"start":{"line":24,"column":27},"end":{"line":79,"column":5}},"line":24},"3":{"name":"(anonymous_3)","decl":{"start":{"line":53,"column":18},"end":{"line":53,"column":19}},"loc":{"start":{"line":54,"column":16},"end":{"line":54,"column":64}},"line":54},"4":{"name":"(anonymous_4)","decl":{"start":{"line":56,"column":18},"end":{"line":56,"column":19}},"loc":{"start":{"line":56,"column":33},"end":{"line":59,"column":13}},"line":56},"5":{"name":"(anonymous_5)","decl":{"start":{"line":60,"column":18},"end":{"line":60,"column":19}},"loc":{"start":{"line":60,"column":30},"end":{"line":78,"column":13}},"line":60},"6":{"name":"(anonymous_6)","decl":{"start":{"line":81,"column":36},"end":{"line":81,"column":37}},"loc":{"start":{"line":81,"column":48},"end":{"line":97,"column":5}},"line":81},"7":{"name":"(anonymous_7)","decl":{"start":{"line":99,"column":14},"end":{"line":99,"column":15}},"loc":{"start":{"line":99,"column":26},"end":{"line":103,"column":5}},"line":99},"8":{"name":"(anonymous_8)","decl":{"start":{"line":105,"column":10},"end":{"line":105,"column":11}},"loc":{"start":{"line":105,"column":16},"end":{"line":105,"column":37}},"line":105}},"branchMap":{},"s":{"0":1,"1":1,"2":1,"3":1,"4":1,"5":1,"6":1,"7":1,"8":1,"9":1,"10":1,"11":1,"12":1,"13":1,"14":1,"15":1,"16":1,"17":10,"18":10,"19":10,"20":10,"21":10,"22":10,"23":10,"24":10,"25":10,"26":10,"27":10,"28":10,"29":10,"30":1,"31":1,"32":1,"33":1,"34":1,"35":1,"36":1,"37":1,"38":1,"39":1,"40":1,"41":1,"42":1,"43":1,"44":1,"45":5,"46":5,"47":15,"48":1,"49":1,"50":1,"51":1,"52":1,"53":1,"54":1,"55":1,"56":5,"57":5,"58":15,"59":1,"60":1,"61":1,"62":1,"63":1,"64":1,"65":1,"66":1,"67":1,"68":1},"f":{"0":1,"1":1,"2":1,"3":1,"4":1,"5":1,"6":1,"7":1,"8":1},"b":{},"_coverageSchema":"1a1c01bbd47fc00a2c39e90264f33305004495a9","hash":"906ab2bf22be1e22e75e3ade15e44af5c2c14dc2","contentHash":"bc2bfe66493caff9cf4beb5deded51822ce41e5f9d0190c3cd2147a5342a0b35"},"/Users/So/bootcamp/collab/skylab-bootcamp-202001/staff/sofia-costa/hoort/hoort-api/logic/update-user.spec.js":{"path":"/Users/So/bootcamp/collab/skylab-bootcamp-202001/staff/sofia-costa/hoort/hoort-api/logic/update-user.spec.js","statementMap":{"0":{"start":{"line":1,"column":0},"end":{"line":1,"column":26}},"1":{"start":{"line":3,"column":38},"end":{"line":3,"column":45}},"2":{"start":{"line":4,"column":23},"end":{"line":4,"column":35}},"3":{"start":{"line":5,"column":13},"end":{"line":5,"column":28}},"4":{"start":{"line":6,"column":21},"end":{"line":6,"column":42}},"5":{"start":{"line":7,"column":29},"end":{"line":7,"column":50}},"6":{"start":{"line":8,"column":15},"end":{"line":8,"column":26}},"7":{"start":{"line":9,"column":43},"end":{"line":9,"column":66}},"8":{"start":{"line":10,"column":15},"end":{"line":10,"column":34}},"9":{"start":{"line":12,"column":0},"end":{"line":134,"column":2}},"10":{"start":{"line":15,"column":4},"end":{"line":17,"column":6}},"11":{"start":{"line":16,"column":8},"end":{"line":16,"column":95}},"12":{"start":{"line":19,"column":4},"end":{"line":30,"column":6}},"13":{"start":{"line":20,"column":8},"end":{"line":20,"column":38}},"14":{"start":{"line":21,"column":8},"end":{"line":21,"column":46}},"15":{"start":{"line":22,"column":8},"end":{"line":22,"column":43}},"16":{"start":{"line":23,"column":8},"end":{"line":23,"column":46}},"17":{"start":{"line":25,"column":8},"end":{"line":29,"column":39}},"18":{"start":{"line":27,"column":16},"end":{"line":27,"column":64}},"19":{"start":{"line":29,"column":26},"end":{"line":29,"column":38}},"20":{"start":{"line":32,"column":4},"end":{"line":52,"column":6}},"21":{"start":{"line":35,"column":8},"end":{"line":35,"column":39}},"22":{"start":{"line":36,"column":8},"end":{"line":36,"column":47}},"23":{"start":{"line":37,"column":8},"end":{"line":37,"column":44}},"24":{"start":{"line":38,"column":8},"end":{"line":38,"column":47}},"25":{"start":{"line":40,"column":8},"end":{"line":51,"column":14}},"26":{"start":{"line":41,"column":24},"end":{"line":41,"column":41}},"27":{"start":{"line":43,"column":16},"end":{"line":43,"column":47}},"28":{"start":{"line":44,"column":16},"end":{"line":44,"column":55}},"29":{"start":{"line":45,"column":16},"end":{"line":45,"column":49}},"30":{"start":{"line":47,"column":16},"end":{"line":50,"column":22}},"31":{"start":{"line":49,"column":24},"end":{"line":49,"column":50}},"32":{"start":{"line":54,"column":4},"end":{"line":72,"column":6}},"33":{"start":{"line":57,"column":8},"end":{"line":57,"column":47}},"34":{"start":{"line":58,"column":8},"end":{"line":58,"column":47}},"35":{"start":{"line":60,"column":8},"end":{"line":71,"column":14}},"36":{"start":{"line":61,"column":24},"end":{"line":61,"column":41}},"37":{"start":{"line":63,"column":16},"end":{"line":63,"column":46}},"38":{"start":{"line":64,"column":16},"end":{"line":64,"column":55}},"39":{"start":{"line":65,"column":16},"end":{"line":65,"column":48}},"40":{"start":{"line":67,"column":16},"end":{"line":70,"column":22}},"41":{"start":{"line":69,"column":24},"end":{"line":69,"column":50}},"42":{"start":{"line":74,"column":4},"end":{"line":83,"column":6}},"43":{"start":{"line":76,"column":25},"end":{"line":76,"column":55}},"44":{"start":{"line":78,"column":8},"end":{"line":82,"column":14}},"45":{"start":{"line":79,"column":26},"end":{"line":79,"column":72}},"46":{"start":{"line":81,"column":16},"end":{"line":81,"column":72}},"47":{"start":{"line":85,"column":4},"end":{"line":109,"column":6}},"48":{"start":{"line":89,"column":8},"end":{"line":89,"column":47}},"49":{"start":{"line":90,"column":8},"end":{"line":90,"column":47}},"50":{"start":{"line":92,"column":8},"end":{"line":99,"column":10}},"51":{"start":{"line":93,"column":12},"end":{"line":98,"column":18}},"52":{"start":{"line":94,"column":28},"end":{"line":94,"column":45}},"53":{"start":{"line":96,"column":20},"end":{"line":96,"column":42}},"54":{"start":{"line":97,"column":20},"end":{"line":97,"column":83}},"55":{"start":{"line":101,"column":8},"end":{"line":108,"column":10}},"56":{"start":{"line":102,"column":12},"end":{"line":107,"column":18}},"57":{"start":{"line":103,"column":28},"end":{"line":103,"column":45}},"58":{"start":{"line":105,"column":20},"end":{"line":105,"column":42}},"59":{"start":{"line":106,"column":20},"end":{"line":106,"column":83}},"60":{"start":{"line":113,"column":4},"end":{"line":124,"column":6}},"61":{"start":{"line":116,"column":8},"end":{"line":116,"column":22}},"62":{"start":{"line":117,"column":8},"end":{"line":117,"column":47}},"63":{"start":{"line":119,"column":8},"end":{"line":123,"column":14}},"64":{"start":{"line":120,"column":26},"end":{"line":120,"column":72}},"65":{"start":{"line":122,"column":16},"end":{"line":122,"column":71}},"66":{"start":{"line":126,"column":4},"end":{"line":128,"column":6}},"67":{"start":{"line":127,"column":8},"end":{"line":127,"column":34}},"68":{"start":{"line":130,"column":4},"end":{"line":132,"column":6}},"69":{"start":{"line":131,"column":8},"end":{"line":131,"column":29}}},"fnMap":{"0":{"name":"(anonymous_0)","decl":{"start":{"line":12,"column":23},"end":{"line":12,"column":24}},"loc":{"start":{"line":12,"column":29},"end":{"line":134,"column":1}},"line":12},"1":{"name":"(anonymous_1)","decl":{"start":{"line":15,"column":11},"end":{"line":15,"column":12}},"loc":{"start":{"line":15,"column":17},"end":{"line":17,"column":5}},"line":15},"2":{"name":"(anonymous_2)","decl":{"start":{"line":19,"column":15},"end":{"line":19,"column":16}},"loc":{"start":{"line":19,"column":21},"end":{"line":30,"column":5}},"line":19},"3":{"name":"(anonymous_3)","decl":{"start":{"line":26,"column":18},"end":{"line":26,"column":19}},"loc":{"start":{"line":27,"column":16},"end":{"line":27,"column":64}},"line":27},"4":{"name":"(anonymous_4)","decl":{"start":{"line":29,"column":18},"end":{"line":29,"column":19}},"loc":{"start":{"line":29,"column":26},"end":{"line":29,"column":38}},"line":29},"5":{"name":"(anonymous_5)","decl":{"start":{"line":32,"column":72},"end":{"line":32,"column":73}},"loc":{"start":{"line":32,"column":78},"end":{"line":52,"column":5}},"line":32},"6":{"name":"(anonymous_6)","decl":{"start":{"line":41,"column":18},"end":{"line":41,"column":19}},"loc":{"start":{"line":41,"column":24},"end":{"line":41,"column":41}},"line":41},"7":{"name":"(anonymous_7)","decl":{"start":{"line":42,"column":18},"end":{"line":42,"column":19}},"loc":{"start":{"line":42,"column":26},"end":{"line":51,"column":13}},"line":42},"8":{"name":"(anonymous_8)","decl":{"start":{"line":48,"column":26},"end":{"line":48,"column":27}},"loc":{"start":{"line":48,"column":37},"end":{"line":50,"column":21}},"line":48},"9":{"name":"(anonymous_9)","decl":{"start":{"line":54,"column":51},"end":{"line":54,"column":52}},"loc":{"start":{"line":54,"column":57},"end":{"line":72,"column":5}},"line":54},"10":{"name":"(anonymous_10)","decl":{"start":{"line":61,"column":18},"end":{"line":61,"column":19}},"loc":{"start":{"line":61,"column":24},"end":{"line":61,"column":41}},"line":61},"11":{"name":"(anonymous_11)","decl":{"start":{"line":62,"column":18},"end":{"line":62,"column":19}},"loc":{"start":{"line":62,"column":26},"end":{"line":71,"column":13}},"line":62},"12":{"name":"(anonymous_12)","decl":{"start":{"line":68,"column":26},"end":{"line":68,"column":27}},"loc":{"start":{"line":68,"column":37},"end":{"line":70,"column":21}},"line":68},"13":{"name":"(anonymous_13)","decl":{"start":{"line":74,"column":51},"end":{"line":74,"column":52}},"loc":{"start":{"line":74,"column":57},"end":{"line":83,"column":5}},"line":74},"14":{"name":"(anonymous_14)","decl":{"start":{"line":79,"column":18},"end":{"line":79,"column":19}},"loc":{"start":{"line":79,"column":24},"end":{"line":79,"column":74}},"line":79},"15":{"name":"(anonymous_15)","decl":{"start":{"line":80,"column":19},"end":{"line":80,"column":20}},"loc":{"start":{"line":80,"column":28},"end":{"line":82,"column":13}},"line":80},"16":{"name":"(anonymous_16)","decl":{"start":{"line":85,"column":35},"end":{"line":85,"column":36}},"loc":{"start":{"line":85,"column":41},"end":{"line":109,"column":5}},"line":85},"17":{"name":"(anonymous_17)","decl":{"start":{"line":92,"column":66},"end":{"line":92,"column":67}},"loc":{"start":{"line":92,"column":72},"end":{"line":99,"column":9}},"line":92},"18":{"name":"(anonymous_18)","decl":{"start":{"line":94,"column":22},"end":{"line":94,"column":23}},"loc":{"start":{"line":94,"column":28},"end":{"line":94,"column":45}},"line":94},"19":{"name":"(anonymous_19)","decl":{"start":{"line":95,"column":23},"end":{"line":95,"column":24}},"loc":{"start":{"line":95,"column":32},"end":{"line":98,"column":17}},"line":95},"20":{"name":"(anonymous_20)","decl":{"start":{"line":101,"column":66},"end":{"line":101,"column":67}},"loc":{"start":{"line":101,"column":72},"end":{"line":108,"column":9}},"line":101},"21":{"name":"(anonymous_21)","decl":{"start":{"line":103,"column":22},"end":{"line":103,"column":23}},"loc":{"start":{"line":103,"column":28},"end":{"line":103,"column":45}},"line":103},"22":{"name":"(anonymous_22)","decl":{"start":{"line":104,"column":23},"end":{"line":104,"column":24}},"loc":{"start":{"line":104,"column":32},"end":{"line":107,"column":17}},"line":104},"23":{"name":"(anonymous_23)","decl":{"start":{"line":113,"column":42},"end":{"line":113,"column":43}},"loc":{"start":{"line":113,"column":48},"end":{"line":124,"column":5}},"line":113},"24":{"name":"(anonymous_24)","decl":{"start":{"line":120,"column":18},"end":{"line":120,"column":19}},"loc":{"start":{"line":120,"column":24},"end":{"line":120,"column":74}},"line":120},"25":{"name":"(anonymous_25)","decl":{"start":{"line":121,"column":19},"end":{"line":121,"column":20}},"loc":{"start":{"line":121,"column":28},"end":{"line":123,"column":13}},"line":121},"26":{"name":"(anonymous_26)","decl":{"start":{"line":126,"column":14},"end":{"line":126,"column":15}},"loc":{"start":{"line":126,"column":20},"end":{"line":128,"column":5}},"line":126},"27":{"name":"(anonymous_27)","decl":{"start":{"line":130,"column":10},"end":{"line":130,"column":11}},"loc":{"start":{"line":130,"column":16},"end":{"line":132,"column":5}},"line":130}},"branchMap":{},"s":{"0":1,"1":1,"2":1,"3":1,"4":1,"5":1,"6":1,"7":1,"8":1,"9":1,"10":1,"11":1,"12":1,"13":6,"14":6,"15":6,"16":6,"17":6,"18":6,"19":6,"20":1,"21":1,"22":1,"23":1,"24":1,"25":1,"26":1,"27":1,"28":1,"29":1,"30":1,"31":1,"32":1,"33":1,"34":1,"35":1,"36":1,"37":1,"38":1,"39":1,"40":1,"41":1,"42":1,"43":1,"44":1,"45":0,"46":1,"47":1,"48":1,"49":1,"50":1,"51":1,"52":0,"53":1,"54":1,"55":1,"56":1,"57":0,"58":1,"59":1,"60":1,"61":1,"62":1,"63":1,"64":0,"65":1,"66":1,"67":6,"68":1,"69":1},"f":{"0":1,"1":1,"2":6,"3":6,"4":6,"5":1,"6":1,"7":1,"8":1,"9":1,"10":1,"11":1,"12":1,"13":1,"14":0,"15":1,"16":1,"17":1,"18":0,"19":1,"20":1,"21":0,"22":1,"23":1,"24":0,"25":1,"26":6,"27":1},"b":{},"_coverageSchema":"1a1c01bbd47fc00a2c39e90264f33305004495a9","hash":"d0da075230748e375c9f613f4d551c9f0a54c3be","contentHash":"1d0253aaaafc20fa92ea4385cf6d55fe91c7e21f5c728d3f66dc14de9fa3ef1b"}}